04-11-2023 15:23:05.847546169 INFO: Author: Adrian Phung
04-11-2023 15:23:05.847558548 INFO: Copyright QRT 2023
04-11-2023 15:23:05.847561829 INFO: Application to simulate logging output of important production processes for use as part of the data feed analysis challenge
04-11-2023 15:23:05.847576640 INFO: durhack 2023
04-11-2023 15:23:05.847579331 INFO: The messages above must be included in all distributed files generated by this application.
04-11-2023 15:23:05.847581592 INFO: =============================================================================================================================
04-11-2023 15:23:05.847593866 DEBUG: Pinging server *Phoenix*
04-11-2023 15:23:06.687949110 DEBUG: Continuing to process order *additional_info*
04-11-2023 15:23:06.687976314 DEBUG: Recreating message with new code NEWC-141
04-11-2023 15:23:06.687981799 DEBUG: Useless debug message, because dubug is full of these
04-11-2023 15:23:06.687989988 INFO: Received reponse from exchange [Queen] for [delete] with id [RSP-5926]
04-11-2023 15:23:06.687994745 DEBUG: Entering unimportant code area!!!
04-11-2023 15:23:06.687999077 DEBUG: Pinging server *Phoenix*
04-11-2023 15:23:06.688003404 DEBUG: Continuing to process order *delete*
04-11-2023 15:23:06.688044894 OTHER: Don't forget to design your code to be plugable, ie extra features can be added via a simple extendable interface
04-11-2023 15:23:06.688050226 DEBUG: Starting loop
04-11-2023 15:23:06.688055628 INFO: Writing raw data to file for order code [seven] message id: ORD-535897
04-11-2023 15:23:08.632131778 DEBUG: Exiting unimportant code area
04-11-2023 15:23:08.632146689 INFO: Starting processing of order [timing]
04-11-2023 15:23:08.632150489 DEBUG: String processing of order *additional_info*
04-11-2023 15:23:08.632153567 INFO: Starting batch mode for exchange [Rook]
04-11-2023 15:23:08.632155988 DEBUG: Creating exchange message: *add* for exchange *King*
04-11-2023 15:23:08.632158454 INFO: Unable to commmunicate with transport from [Phoenix] for code [four]
04-11-2023 15:23:08.632163454 WARN: Delay of 9323us in receiving response from server {Phoenix}, halting order processing from exchange {Queen}
04-11-2023 15:23:08.957259362 DEBUG: Received code: *six* what should i do with this?
04-11-2023 15:23:08.957288701 INFO: Received reponse from exchange [Rook] for [additional_info] with id [RSP-84]
04-11-2023 15:23:10.830406333 DEBUG: Exiting unimportant code area
04-11-2023 15:23:10.830434290 DEBUG: Pinging server *Phoenix*
04-11-2023 15:23:10.830441854 INFO: Sending order type [delete] to exchange [Rook]
04-11-2023 15:23:10.830448967 ERROR: Received Unknown error from exchange (Queen), message: This should never happen, now we are in trouble!!!
04-11-2023 15:23:11.977545006 DEBUG: Entering unimportant code area!!!
04-11-2023 15:23:11.977575133 INFO: Aggregating tick from exchange [Knight] to [Griffin]
04-11-2023 15:23:11.977580743 DEBUG: Exiting unimportant code area
04-11-2023 15:23:11.977586631 OTHER: Mathematics seems to endow one with something like a new sense - Darwin, Charles
04-11-2023 15:23:13.635710902 INFO: Unable to commmunicate with transport from [Unicorn] for code [two]
04-11-2023 15:23:13.635740841 WARN: Unable to create order {additional_info} due to waiting batch response from exchange {Queen}
04-11-2023 15:23:13.635747489 INFO: Writing raw data to file for order code [one] message id: ORD-62
04-11-2023 15:23:13.635753677 OTHER: When your own life is threatened, your sense of empathy is blunted by a terrible, selfish hunger for survival
04-11-2023 15:23:13.635759049 INFO: Requesting resend of message from server [Unicorn] with code [two]
04-11-2023 15:23:13.635764401 DEBUG: Entering unimportant code area!!!
04-11-2023 15:23:13.635770447 INFO: Sending order type [add] to exchange [Rook]
04-11-2023 15:23:13.635774664 INFO: Starting batch mode for exchange [Knight]
04-11-2023 15:23:13.635780021 INFO: Received reponse from exchange [King] for [additional_info] with id [RSP-64338]
04-11-2023 15:23:15.346933960 DEBUG: Recreating message with new code NEWC-327
04-11-2023 15:23:15.346959956 DEBUG: Exiting unimportant code area
04-11-2023 15:23:15.346966405 DEBUG: Continuing to process order *timing*
04-11-2023 15:23:15.346987800 INFO: Unable to commmunicate with transport from [Dragon] for code [seven]
04-11-2023 15:23:15.346994245 DEBUG: Received heartbeat from exchange *Knight*
04-11-2023 15:23:15.346998788 INFO: Starting batch mode for exchange [King]
04-11-2023 15:23:17.273153064 DEBUG: Received ping from server *Unicorn*
04-11-2023 15:23:17.273180443 INFO: Unable to commmunicate with transport from [Dragon] for code [ten]
04-11-2023 15:23:17.273187576 DEBUG: Recreating message with new code NEWC-9502
04-11-2023 15:23:17.273193007 INFO: Starting processing of order [update]
04-11-2023 15:23:17.273197415 INFO: Unable to commmunicate with transport from [Dragon] for code [six]
04-11-2023 15:23:17.273202359 INFO: Sending order type [timing] to exchange [King]
04-11-2023 15:23:17.273207979 DEBUG: Creating exchange message: *add* for exchange *Bishop*
04-11-2023 15:23:17.273213964 OTHER: All true artists, whether they know it or not, create from a place of no-mind, from inner stillness. – Eckhart Tolle
04-11-2023 15:23:18.360370543 ERROR: Unable to find order ORD-884 sent to exchange (Queen)
04-11-2023 15:23:18.432595086 INFO: Received awake call from server [Phoenix] with code [one]
04-11-2023 15:23:18.432620566 INFO: Sleeping for 197169ms, because there is nothing to do
04-11-2023 15:23:18.432627538 DEBUG: Received heartbeat from exchange *Queen*
04-11-2023 15:23:18.432632996 DEBUG: Received code: *two* what should i do with this?
04-11-2023 15:23:18.432638544 ERROR: Receiving data a few usec slower now, microwave playing up again
04-11-2023 15:23:18.432644127 INFO: Starting processing of order [timing]
04-11-2023 15:23:18.432648343 DEBUG: Sending keep alive to exchange *Rook*
04-11-2023 15:23:18.432652142 INFO: Starting processing of order [add]
04-11-2023 15:23:18.432656360 INFO: Received awake call from server [Unicorn] with code [seven]
04-11-2023 15:23:18.432661020 INFO: Sending order type [additional_info] to exchange [Queen]
04-11-2023 15:23:19.544733885 ERROR: No message from exchange (Rook) for over 3993us, sending heartbeat and reconnection request
04-11-2023 15:23:19.544743468 INFO: Received awake call from server [Dragon] with code [seven]
04-11-2023 15:23:19.544745673 DEBUG: Entering unimportant code area!!!
04-11-2023 15:23:19.544747592 DEBUG: Recreating message with new code NEWC-75105
04-11-2023 15:23:19.544748882 INFO: Creating additional connection object for exchange [Bishop]
04-11-2023 15:23:21.72937117 DEBUG: Continuing to process order *additional_info*
04-11-2023 15:23:21.839153824 OTHER: One must be deeply aware of the impermanence of the world.
04-11-2023 15:23:21.839183204 INFO: Starting processing of order [update]
04-11-2023 15:23:21.839190281 DEBUG: String processing of order *add*
04-11-2023 15:23:21.839196740 DEBUG: Creating exchange message: *additional_info* for exchange *Queen*
04-11-2023 15:23:21.839202526 INFO: Writing raw data to file for order code [ten] message id: ORD-820974
04-11-2023 15:23:21.914396352 DEBUG: Exiting unimportant code area
04-11-2023 15:23:21.914422800 DEBUG: Sending keep alive to exchange *Queen*
04-11-2023 15:23:21.914430240 INFO: Writing raw data to file for order code [one] message id: ORD-94459
04-11-2023 15:23:21.914435257 DEBUG: Finished loop
04-11-2023 15:23:21.914439686 DEBUG: Pinging server *Griffin*
04-11-2023 15:23:23.493589046 DEBUG: Entering unimportant code area!!!
04-11-2023 15:23:23.493618132 OTHER: Don't forget to design your code to be plugable, ie extra features can be added via a simple extendable interface
04-11-2023 15:23:23.493625043 DEBUG: Received ping from server *Griffin*
04-11-2023 15:23:23.493631372 DEBUG: Creating exchange message: *additional_info* for exchange *Bishop*
04-11-2023 15:23:23.493635804 DEBUG: Received heartbeat from exchange *King*
04-11-2023 15:23:23.493639512 DEBUG: Entering unimportant code area!!!
04-11-2023 15:23:23.656747026 INFO: Requesting resend of message from server [Griffin] with code [five]
04-11-2023 15:23:23.656944807 OTHER: Irrationality is the square root of all evil - Douglas Hofstadter
04-11-2023 15:23:25.552064852 ERROR: Unable to contact server (Phoenix), this keeps happening can someone from X team please fix this
04-11-2023 15:23:25.552096979 INFO: Unable to commmunicate with transport from [Unicorn] for code [five]
04-11-2023 15:23:25.552108183 DEBUG: Entering unimportant code area!!!
04-11-2023 15:23:25.891309872 DEBUG: Sending keep alive to exchange *Bishop*
04-11-2023 15:23:25.891335421 DEBUG: Received ping from server *Griffin*
04-11-2023 15:23:25.891340623 DEBUG: Finished loop
04-11-2023 15:23:25.891347426 ERROR: Received Unknown error from exchange (Rook), message: This should never happen, now we are in trouble!!!
04-11-2023 15:23:25.891354414 INFO: Creating additional connection object for exchange [Queen]
04-11-2023 15:23:25.891361474 INFO: Checking for consistency of processing times between [Unicorn] and [Griffin]
04-11-2023 15:23:25.891368036 INFO: Received reponse from exchange [Knight] for [delete] with id [RSP-23]
04-11-2023 15:23:25.891375623 WARN: Feed group for exchange {Rook} missing starting group GP-0781, exchange response: Did not know we were supposed to do this, better get this implementated ASAP!!!
04-11-2023 15:23:25.891380551 DEBUG: Useless debug message, because dubug is full of these
04-11-2023 15:23:25.891384609 INFO: Creating additional connection object for exchange [Bishop]
04-11-2023 15:23:27.255574992 INFO: Sleeping for 64ms, because there is nothing to do
04-11-2023 15:23:28.141770823 OTHER: All that we are, is the result of what we have thought. The mind is everything. What we think, we become. - Buddha
04-11-2023 15:23:28.141796707 DEBUG: Creating exchange message: *delete* for exchange *Knight*
04-11-2023 15:23:29.781923072 DEBUG: String processing of order *delete*
04-11-2023 15:23:29.781948418 DEBUG: String processing of order *additional_info*
04-11-2023 15:23:29.781954076 DEBUG: Received ping from server *Unicorn*
04-11-2023 15:23:29.781958605 DEBUG: Received heartbeat from exchange *King*
04-11-2023 15:23:31.438076931 CRIT: Wow this is serious exchange <Queen> has not ack'ed our order ORD-0628 at all!!!!
04-11-2023 15:23:31.438101239 INFO: Requesting resend of message from server [Dragon] with code [one]
04-11-2023 15:23:31.438106794 INFO: Received awake call from server [Phoenix] with code [two]
04-11-2023 15:23:31.438111766 OTHER: When you realize nothing is lacking, the whole world belongs to you. - Lao Tzu
04-11-2023 15:23:31.438116037 INFO: Unable to commmunicate with transport from [Griffin] for code [four]
04-11-2023 15:23:31.438121717 DEBUG: Sending keep alive to exchange *Bishop*
04-11-2023 15:23:31.438126162 INFO: Creating additional connection object for exchange [Rook]
04-11-2023 15:23:31.639341929 ERROR: Unable to find order ORD-62 sent to exchange (Rook)
04-11-2023 15:23:31.639365132 OTHER: Nature hides her secrets because of her essential loftiness, but not by means of ruse - Einstein, Albert
04-11-2023 15:23:31.639372320 DEBUG: Recreating message with new code NEWC-0899
04-11-2023 15:23:31.639378639 ERROR: No message from exchange (Knight) for over 86280us, sending heartbeat and reconnection request
04-11-2023 15:23:31.639382979 DEBUG: Exiting unimportant code area
04-11-2023 15:23:31.639388796 INFO: Creating additional connection object for exchange [Bishop]
04-11-2023 15:23:31.639393830 DEBUG: String processing of order *additional_info*
04-11-2023 15:23:31.639398016 DEBUG: Sending keep alive to exchange *Rook*
04-11-2023 15:23:31.639401722 DEBUG: Starting loop
04-11-2023 15:23:31.639404981 DEBUG: Entering unimportant code area!!!
04-11-2023 15:23:33.414645887 INFO: Sleeping for 34ms, because there is nothing to do
04-11-2023 15:23:33.414674379 DEBUG: Creating exchange message: *delete* for exchange *Knight*
04-11-2023 15:23:33.414681801 INFO: Checking for consistency of processing times between [Dragon] and [Dragon]
04-11-2023 15:23:33.414688418 ERROR: Unable to contact server (Unicorn), this keeps happening can someone from X team please fix this
04-11-2023 15:23:33.414693586 DEBUG: Useless debug message, because dubug is full of these
04-11-2023 15:23:33.414698554 INFO: Starting batch mode for exchange [Bishop]
04-11-2023 15:23:33.414702294 DEBUG: Useless debug message, because dubug is full of these
04-11-2023 15:23:33.414708955 ERROR: Un-requested message from exchange (Bishop): ooops this was not suppoed to happen, what are we supposed to do now!!!
04-11-2023 15:23:33.414713504 DEBUG: Continuing to process order *add*
04-11-2023 15:23:33.700026498 INFO: Starting processing of order [delete]
04-11-2023 15:23:33.700051583 DEBUG: Entering unimportant code area!!!
04-11-2023 15:23:33.700059200 INFO: Checking for consistency of processing times between [Unicorn] and [Unicorn]
04-11-2023 15:23:34.938162882 INFO: Checking for consistency of processing times between [Phoenix] and [Phoenix]
04-11-2023 15:23:34.938190063 DEBUG: Creating exchange message: *timing* for exchange *Queen*
04-11-2023 15:23:34.938197647 INFO: Sleeping for 82ms, because there is nothing to do
04-11-2023 15:23:34.938202511 DEBUG: Starting loop
04-11-2023 15:23:34.938208136 ERROR: Receiving data a few usec slower now, microwave playing up again
04-11-2023 15:23:34.938213924 ERROR: Unable to find order ORD-534 sent to exchange (Rook)
04-11-2023 15:23:34.938218292 INFO: Sleeping for 2117ms, because there is nothing to do
04-11-2023 15:23:35.764587635 WARN: {Dragon} slow consumer, no response for 067982us, throttling message to server
04-11-2023 15:23:35.764614985 DEBUG: Sending keep alive to exchange *Queen*
04-11-2023 15:23:35.764622655 INFO: Creating additional connection object for exchange [Bishop]
04-11-2023 15:23:35.764628553 DEBUG: Received code: *nine* what should i do with this?
04-11-2023 15:23:35.764634038 INFO: Starting processing of order [delete]
04-11-2023 15:23:35.764638182 DEBUG: Finished loop
04-11-2023 15:23:35.764643734 INFO: Unable to commmunicate with transport from [Phoenix] for code [nine]
04-11-2023 15:23:35.764648580 INFO: Writing raw data to file for order code [three] message id: ORD-148
04-11-2023 15:23:35.764652492 DEBUG: Received code: *six* what should i do with this?
04-11-2023 15:23:35.764656564 DEBUG: Received heartbeat from exchange *Knight*
04-11-2023 15:23:37.391814769 OTHER: I had no idea a living being could sustain so much injury and go on living
04-11-2023 15:23:37.391843951 INFO: Received awake call from server [Griffin] with code [five]
04-11-2023 15:23:37.391851679 INFO: Aggregating tick from exchange [Knight] to [Griffin]
04-11-2023 15:23:37.391863993 DEBUG: Recreating message with new code NEWC-086
04-11-2023 15:23:37.391870909 INFO: Creating additional connection object for exchange [King]
04-11-2023 15:23:37.391878863 INFO: Requesting resend of message from server [Griffin] with code [nine]
04-11-2023 15:23:37.391890841 DEBUG: Starting loop
04-11-2023 15:23:37.578000612 DEBUG: Received code: *two* what should i do with this?
04-11-2023 15:23:37.578025703 INFO: Starting batch mode for exchange [Queen]
04-11-2023 15:23:37.578032080 DEBUG: Sending keep alive to exchange *Bishop*
04-11-2023 15:23:37.578038012 ERROR: Unable to contact server (Griffin), this keeps happening can someone from X team please fix this
04-11-2023 15:23:37.578042286 INFO: Starting batch mode for exchange [Rook]
04-11-2023 15:23:37.578046705 DEBUG: Continuing to process order *delete*
04-11-2023 15:23:37.578050274 DEBUG: Received code: *five* what should i do with this?
04-11-2023 15:23:37.578054080 DEBUG: String processing of order *add*
04-11-2023 15:23:37.578058924 OTHER: It is all a matter of time scale. An event that would be unthinkable in a hundred years may be inevitable in a hundred million years - Carl Sagan
04-11-2023 15:23:38.879217350 DEBUG: Starting loop
04-11-2023 15:23:38.879246744 INFO: Sending order type [add] to exchange [Bishop]
04-11-2023 15:23:38.879252392 DEBUG: Starting loop
04-11-2023 15:23:39.351332588 INFO: Creating additional connection object for exchange [King]
04-11-2023 15:23:39.351349002 ERROR: Received Unknown error from exchange (King), message: This should never happen, now we are in trouble!!!
04-11-2023 15:23:39.351402833 OTHER: Let go, or be dragged - Zen Proverb
04-11-2023 15:23:39.351407414 DEBUG: Received ping from server *Unicorn*
04-11-2023 15:23:39.351410606 INFO: Requesting resend of message from server [Unicorn] with code [four]
04-11-2023 15:23:39.351413010 DEBUG: Starting loop
04-11-2023 15:23:39.351416747 WARN: Unknown order {additional_info} from exchange {Queen}, notifying server {Phoenix}
04-11-2023 15:23:39.351419391 INFO: Aggregating tick from exchange [Knight] to [Unicorn]
04-11-2023 15:23:41.221502007 INFO: Received awake call from server [Griffin] with code [one]
04-11-2023 15:23:41.221518190 DEBUG: Creating exchange message: *timing* for exchange *Queen*
04-11-2023 15:23:41.221523814 OTHER: Don't forget to design your code to be plugable, ie extra features can be added via a simple extendable interface
04-11-2023 15:23:41.221529201 INFO: Sending order type [update] to exchange [Rook]
04-11-2023 15:23:41.221534541 DEBUG: Recreating message with new code NEWC-513
04-11-2023 15:23:42.378735391 DEBUG: Sending keep alive to exchange *Rook*
04-11-2023 15:23:42.378760785 DEBUG: Received heartbeat from exchange *Knight*
04-11-2023 15:23:42.378768673 INFO: Checking for consistency of processing times between [Unicorn] and [Griffin]
04-11-2023 15:23:42.378775660 ERROR: Unable to contact server (Dragon), this keeps happening can someone from X team please fix this
04-11-2023 15:23:42.378781881 INFO: Sending order type [delete] to exchange [Queen]
04-11-2023 15:23:42.378786253 DEBUG: Finished loop
04-11-2023 15:23:42.378790500 ERROR: Unable to contact server (Unicorn), this keeps happening can someone from X team please fix this
04-11-2023 15:23:42.378794349 DEBUG: Received heartbeat from exchange *Bishop*
04-11-2023 15:23:42.671155779 INFO: Sleeping for 2823ms, because there is nothing to do
04-11-2023 15:23:42.671183066 INFO: Starting processing of order [additional_info]
04-11-2023 15:23:42.671223287 ERROR: Unable to contact server (Dragon), this keeps happening can someone from X team please fix this
04-11-2023 15:23:42.671232538 WARN: Delay of 066470us in receiving response from server {Phoenix}, halting order processing from exchange {Rook}
04-11-2023 15:23:42.671237296 ERROR: Receiving data a few usec slower now, microwave playing up again
04-11-2023 15:23:42.671241650 ERROR: Unable to contact server (Dragon), this keeps happening can someone from X team please fix this
04-11-2023 15:23:42.671247134 INFO: Aggregating tick from exchange [Queen] to [Phoenix]
04-11-2023 15:23:42.671252783 DEBUG: Received code: *ten* what should i do with this?
04-11-2023 15:23:42.671258469 ERROR: Unable to find order ORD-9384 sent to exchange (King)
04-11-2023 15:23:44.602365869 DEBUG: Finished loop
04-11-2023 15:23:44.602380375 DEBUG: Sending keep alive to exchange *Queen*
04-11-2023 15:23:44.602381540 DEBUG: Exiting unimportant code area
04-11-2023 15:23:45.605537513 DEBUG: Starting loop
04-11-2023 15:23:45.605564594 DEBUG: Exiting unimportant code area
04-11-2023 15:23:45.605572243 DEBUG: Continuing to process order *timing*
04-11-2023 15:23:45.605577843 DEBUG: Creating exchange message: *add* for exchange *Queen*
04-11-2023 15:23:45.605583111 OTHER: One must be deeply aware of the impermanence of the world.
04-11-2023 15:23:45.605590311 INFO: Sending order type [add] to exchange [Rook]
04-11-2023 15:23:45.605595177 DEBUG: Creating exchange message: *add* for exchange *King*
04-11-2023 15:23:45.939691395 DEBUG: Pinging server *Phoenix*
04-11-2023 15:23:45.939730172 DEBUG: Exiting unimportant code area
04-11-2023 15:23:45.939748813 INFO: Creating additional connection object for exchange [Bishop]
04-11-2023 15:23:45.939760624 DEBUG: Entering unimportant code area!!!
04-11-2023 15:23:45.939770922 DEBUG: Continuing to process order *timing*
04-11-2023 15:23:45.939787061 INFO: Sending order type [delete] to exchange [Queen]
04-11-2023 15:23:46.176986679 DEBUG: String processing of order *add*
04-11-2023 15:23:46.177014090 DEBUG: Received code: *three* what should i do with this?
04-11-2023 15:23:46.177022277 WARN: Unable to create order {delete} due to waiting batch response from exchange {Rook}
04-11-2023 15:23:46.177027226 DEBUG: Starting loop
04-11-2023 15:23:47.925216100 DEBUG: String processing of order *timing*
04-11-2023 15:23:47.925240846 DEBUG: Pinging server *Dragon*
04-11-2023 15:23:47.925245824 DEBUG: Finished loop
04-11-2023 15:23:47.925252908 INFO: Requesting resend of message from server [Dragon] with code [five]
04-11-2023 15:23:47.925258677 INFO: Writing raw data to file for order code [six] message id: ORD-460
04-11-2023 15:23:47.925263838 DEBUG: Recreating message with new code NEWC-95
04-11-2023 15:23:47.925268650 DEBUG: Recreating message with new code NEWC-50582
04-11-2023 15:23:47.925272392 DEBUG: Exiting unimportant code area
04-11-2023 15:23:49.121440410 DEBUG: Sending keep alive to exchange *Bishop*
04-11-2023 15:23:49.121472191 DEBUG: Finished loop
04-11-2023 15:23:49.121483913 INFO: Aggregating tick from exchange [Knight] to [Unicorn]
04-11-2023 15:23:49.121492539 INFO: Aggregating tick from exchange [Rook] to [Unicorn]
04-11-2023 15:23:49.121509083 ERROR: Unexpected field in message MSG-2317 from exchange (Knight), reverting previous processing
04-11-2023 15:23:49.121520137 INFO: Sleeping for 253594ms, because there is nothing to do
04-11-2023 15:23:49.121526117 INFO: Aggregating tick from exchange [Queen] to [Unicorn]
04-11-2023 15:23:49.121534170 INFO: Requesting resend of message from server [Griffin] with code [five]
04-11-2023 15:23:49.121548474 ERROR: Received Unknown error from exchange (King), message: This should never happen, now we are in trouble!!!
04-11-2023 15:23:49.121563274 INFO: Starting processing of order [update]
04-11-2023 15:23:50.265837605 OTHER: Let go, or be dragged - Zen Proverb
04-11-2023 15:23:50.265864519 OTHER: When you realize nothing is lacking, the whole world belongs to you. - Lao Tzu
04-11-2023 15:23:52.265971443 INFO: Received awake call from server [Griffin] with code [five]
04-11-2023 15:23:52.266001893 INFO: Received awake call from server [Griffin] with code [one]
04-11-2023 15:23:52.266013669 DEBUG: Recreating message with new code NEWC-081284
04-11-2023 15:23:53.602116435 ERROR: Receiving data a few usec slower now, microwave playing up again
04-11-2023 15:23:53.602127075 OTHER: The lower you are, the higher your mind will want to soar.
04-11-2023 15:23:53.602129239 DEBUG: Finished loop
04-11-2023 15:23:53.602131412 DEBUG: Sending keep alive to exchange *Knight*
04-11-2023 15:23:53.602133963 INFO: Aggregating tick from exchange [Bishop] to [Griffin]
04-11-2023 15:23:54.901471725 DEBUG: Exiting unimportant code area
04-11-2023 15:23:54.901496374 DEBUG: Received heartbeat from exchange *Queen*
04-11-2023 15:23:54.901502392 OTHER: When you realize nothing is lacking, the whole world belongs to you. - Lao Tzu
04-11-2023 15:23:54.901509339 INFO: Received awake call from server [Dragon] with code [five]
04-11-2023 15:23:54.901513412 DEBUG: Useless debug message, because dubug is full of these
04-11-2023 15:23:54.901518050 DEBUG: Creating exchange message: *additional_info* for exchange *Queen*
04-11-2023 15:23:55.762848256 INFO: Sending order type [timing] to exchange [Bishop]
04-11-2023 15:23:55.762875240 DEBUG: Recreating message with new code NEWC-811174
04-11-2023 15:23:55.762882961 ERROR: Receiving data a few usec slower now, microwave playing up again
04-11-2023 15:23:55.762888772 DEBUG: Entering unimportant code area!!!
04-11-2023 15:23:55.762894616 DEBUG: Sending keep alive to exchange *Rook*
04-11-2023 15:23:55.762899314 DEBUG: Sending keep alive to exchange *Knight*
04-11-2023 15:23:55.762906496 ERROR: Unexpected field in message MSG-5028 from exchange (Queen), reverting previous processing
04-11-2023 15:23:55.762911406 DEBUG: Sending keep alive to exchange *Rook*
04-11-2023 15:23:55.762915735 DEBUG: Received ping from server *Phoenix*
04-11-2023 15:23:56.939103909 DEBUG: Received heartbeat from exchange *Bishop*
04-11-2023 15:23:56.939144826 INFO: Checking for consistency of processing times between [Dragon] and [Phoenix]
04-11-2023 15:23:56.939150759 DEBUG: Exiting unimportant code area
04-11-2023 15:23:56.939250015 DEBUG: Recreating message with new code NEWC-41027
04-11-2023 15:23:56.939255277 DEBUG: Entering unimportant code area!!!
04-11-2023 15:23:56.939259575 DEBUG: Received code: *nine* what should i do with this?
04-11-2023 15:23:56.939263277 DEBUG: Received code: *two* what should i do with this?
04-11-2023 15:23:56.939268588 OTHER: Irrationality is the square root of all evil - Douglas Hofstadter
04-11-2023 15:23:56.939274008 INFO: Creating additional connection object for exchange [Queen]
04-11-2023 15:23:56.939279383 DEBUG: Creating exchange message: *timing* for exchange *Queen*
04-11-2023 15:23:57.122432850 INFO: Unable to commmunicate with transport from [Phoenix] for code [six]
04-11-2023 15:23:57.122457494 DEBUG: Continuing to process order *update*
04-11-2023 15:23:57.122463009 DEBUG: Continuing to process order *timing*
04-11-2023 15:23:57.122467522 DEBUG: Finished loop
04-11-2023 15:23:57.122471438 DEBUG: Continuing to process order *timing*
04-11-2023 15:23:57.857622162 INFO: Aggregating tick from exchange [Bishop] to [Dragon]
04-11-2023 15:23:57.857650622 ERROR: Unable to find order ORD-01938 sent to exchange (Queen)
04-11-2023 15:23:57.857657251 INFO: Unable to commmunicate with transport from [Phoenix] for code [six]
04-11-2023 15:23:57.857663262 INFO: Sending order type [timing] to exchange [Rook]
04-11-2023 15:23:58.965832170 OTHER: Have unit tests in your code on github listed on CV's it shows better software engineering
04-11-2023 15:23:58.965860201 DEBUG: Finished loop
04-11-2023 15:23:58.965867428 DEBUG: Continuing to process order *additional_info*
04-11-2023 15:23:58.965872003 DEBUG: Exiting unimportant code area
04-11-2023 15:23:58.965878452 INFO: Requesting resend of message from server [Unicorn] with code [two]
04-11-2023 15:24:00.205034680 INFO: Requesting resend of message from server [Unicorn] with code [six]
04-11-2023 15:24:00.205059120 DEBUG: Received code: *one* what should i do with this?
04-11-2023 15:24:00.205066176 DEBUG: Sending keep alive to exchange *Rook*
04-11-2023 15:24:01.308205752 INFO: Received reponse from exchange [King] for [additional_info] with id [RSP-521105]
04-11-2023 15:24:01.308233095 ERROR: Unexpected field in message MSG-55964 from exchange (Rook), reverting previous processing
04-11-2023 15:24:01.308239681 INFO: Starting batch mode for exchange [Knight]
04-11-2023 15:24:01.308245437 DEBUG: Entering unimportant code area!!!
04-11-2023 15:24:01.308251609 OTHER: Following good software engineering, ie have some unit tests, it'll save you so much time in the long run
04-11-2023 15:24:01.308255978 DEBUG: Exiting unimportant code area
04-11-2023 15:24:01.308259811 DEBUG: Entering unimportant code area!!!
04-11-2023 15:24:01.308264818 INFO: Unable to commmunicate with transport from [Dragon] for code [six]
04-11-2023 15:24:01.308268395 DEBUG: Entering unimportant code area!!!
04-11-2023 15:24:01.916464117 ERROR: Unable to contact server (Phoenix), this keeps happening can someone from X team please fix this
04-11-2023 15:24:01.916487683 ERROR: Receiving data a few usec slower now, microwave playing up again
04-11-2023 15:24:01.916494141 OTHER: When your own life is threatened, your sense of empathy is blunted by a terrible, selfish hunger for survival
04-11-2023 15:24:01.916501766 INFO: Sending order type [timing] to exchange [King]
04-11-2023 15:24:01.916507993 INFO: Checking for consistency of processing times between [Unicorn] and [Phoenix]
04-11-2023 15:24:01.916512503 INFO: Sending order type [update] to exchange [Bishop]
04-11-2023 15:24:01.916517621 DEBUG: Exiting unimportant code area
04-11-2023 15:24:01.916523491 ERROR: Unable to find order ORD-4622 sent to exchange (Bishop)
04-11-2023 15:24:02.794681629 DEBUG: String processing of order *additional_info*
04-11-2023 15:24:02.794722247 DEBUG: Finished loop
04-11-2023 15:24:02.794729552 WARN: {Griffin} slow consumer, no response for 94895us, throttling message to server
04-11-2023 15:24:02.794735266 DEBUG: Creating exchange message: *update* for exchange *King*
04-11-2023 15:24:03.849841302 INFO: Aggregating tick from exchange [Queen] to [Griffin]
04-11-2023 15:24:03.849870546 DEBUG: Continuing to process order *update*
04-11-2023 15:24:03.849882689 INFO: Writing raw data to file for order code [eight] message id: ORD-4930
04-11-2023 15:24:03.849893778 OTHER: The lower you are, the higher your mind will want to soar.
04-11-2023 15:24:03.849906057 INFO: Received reponse from exchange [Rook] for [update] with id [RSP-3819]
04-11-2023 15:24:05.558032382 DEBUG: String processing of order *delete*
04-11-2023 15:24:05.558057686 OTHER: Have unit tests in your code on github listed on CV's it shows better software engineering
04-11-2023 15:24:05.558073294 INFO: Checking for consistency of processing times between [Phoenix] and [Phoenix]
04-11-2023 15:24:05.558083804 INFO: Starting processing of order [update]
04-11-2023 15:24:05.558095628 OTHER: It is all a matter of time scale. An event that would be unthinkable in a hundred years may be inevitable in a hundred million years - Carl Sagan
04-11-2023 15:24:05.558107576 ERROR: Un-requested message from exchange (Rook): ooops this was not suppoed to happen, what are we supposed to do now!!!
04-11-2023 15:24:05.558113554 DEBUG: Received code: *two* what should i do with this?
04-11-2023 15:24:05.558122941 DEBUG: String processing of order *update*
04-11-2023 15:24:06.646239459 ERROR: Receiving data a few usec slower now, microwave playing up again
04-11-2023 15:24:06.646271636 DEBUG: Exiting unimportant code area
04-11-2023 15:24:06.646287011 CRIT: Uncaught excpetion : <Queen> - No one is supposed to see this, but oh dear we matched the wrong orders!!!
04-11-2023 15:24:08.398496912 WARN: Unknown order {update} from exchange {Rook}, notifying server {Unicorn}
04-11-2023 15:24:08.398521694 OTHER: If there is mention of any performance on your CV make sure you can back it up ie benchmarks
04-11-2023 15:24:08.398529370 DEBUG: Received heartbeat from exchange *King*
04-11-2023 15:24:08.648637711 INFO: Starting processing of order [add]
04-11-2023 15:24:08.648667575 ERROR: Unable to contact server (Unicorn), this keeps happening can someone from X team please fix this
04-11-2023 15:24:08.648681655 WARN: Unable to create order {additional_info} due to waiting batch response from exchange {Bishop}
04-11-2023 15:24:08.648693462 DEBUG: Entering unimportant code area!!!
04-11-2023 15:24:09.119833722 DEBUG: Useless debug message, because dubug is full of these
04-11-2023 15:24:09.119862847 DEBUG: Pinging server *Phoenix*
04-11-2023 15:24:09.119873605 DEBUG: Entering unimportant code area!!!
04-11-2023 15:24:10.371007253 INFO: Unable to commmunicate with transport from [Unicorn] for code [five]
04-11-2023 15:24:10.371036863 DEBUG: Exiting unimportant code area
04-11-2023 15:24:10.371050137 DEBUG: Received ping from server *Phoenix*
04-11-2023 15:24:10.371067070 ERROR: Unexpected field in message MSG-644288 from exchange (Queen), reverting previous processing
04-11-2023 15:24:11.579157565 INFO: Received awake call from server [Dragon] with code [two]
04-11-2023 15:24:11.579172806 DEBUG: Received code: *nine* what should i do with this?
04-11-2023 15:24:11.579176795 DEBUG: Received code: *three* what should i do with this?
04-11-2023 15:24:11.579180764 ERROR: Un-requested message from exchange (King): ooops this was not suppoed to happen, what are we supposed to do now!!!
04-11-2023 15:24:11.579184624 INFO: Checking for consistency of processing times between [Unicorn] and [Unicorn]
04-11-2023 15:24:12.138274604 INFO: Starting processing of order [additional_info]
04-11-2023 15:24:12.138295297 DEBUG: Received code: *four* what should i do with this?
04-11-2023 15:24:12.138302553 INFO: Checking for consistency of processing times between [Phoenix] and [Phoenix]
04-11-2023 15:24:12.138307897 OTHER: One must be deeply aware of the impermanence of the world.
04-11-2023 15:24:12.138314128 ERROR: Received Unknown error from exchange (Knight), message: This should never happen, now we are in trouble!!!
04-11-2023 15:24:12.138318892 DEBUG: Received code: *four* what should i do with this?
04-11-2023 15:24:12.138409999 DEBUG: Sending keep alive to exchange *Bishop*
04-11-2023 15:24:12.138416658 ERROR: Unable to contact server (Unicorn), this keeps happening can someone from X team please fix this
04-11-2023 15:24:12.138421760 INFO: Received awake call from server [Griffin] with code [eight]
04-11-2023 15:24:12.138426238 DEBUG: Starting loop
04-11-2023 15:24:13.282615093 ERROR: Received Unknown error from exchange (Knight), message: This should never happen, now we are in trouble!!!
04-11-2023 15:24:13.282642014 INFO: Unable to commmunicate with transport from [Dragon] for code [ten]
04-11-2023 15:24:14.473731173 ERROR: Receiving data a few usec slower now, microwave playing up again
04-11-2023 15:24:14.473755923 DEBUG: Continuing to process order *add*
04-11-2023 15:24:14.473766539 OTHER: When your own life is threatened, your sense of empathy is blunted by a terrible, selfish hunger for survival
04-11-2023 15:24:14.473776655 INFO: Received awake call from server [Unicorn] with code [six]
04-11-2023 15:24:14.473799986 DEBUG: Received heartbeat from exchange *Rook*
04-11-2023 15:24:14.473805620 DEBUG: Finished loop
04-11-2023 15:24:14.473813846 ERROR: Unexpected field in message MSG-1097 from exchange (King), reverting previous processing
04-11-2023 15:24:16.230923955 INFO: Starting batch mode for exchange [Knight]
04-11-2023 15:24:16.230933704 DEBUG: Starting loop
04-11-2023 15:24:16.230935586 DEBUG: Continuing to process order *update*
04-11-2023 15:24:16.230937654 ERROR: Unable to contact server (Griffin), this keeps happening can someone from X team please fix this
04-11-2023 15:24:16.230939346 DEBUG: Received ping from server *Phoenix*
04-11-2023 15:24:16.230940416 DEBUG: Finished loop
04-11-2023 15:24:16.988037090 WARN: Reconnection request received from {Unicorn}, sleeping 5665ms before reconnecting
04-11-2023 15:24:16.988061759 DEBUG: Entering unimportant code area!!!
04-11-2023 15:24:16.988068604 DEBUG: String processing of order *additional_info*
04-11-2023 15:24:16.988073759 WARN: Reconnection request received from {Phoenix}, sleeping 933ms before reconnecting
04-11-2023 15:24:16.988079996 ERROR: Unable to contact server (Phoenix), this keeps happening can someone from X team please fix this
04-11-2023 15:24:16.988084285 DEBUG: Entering unimportant code area!!!
04-11-2023 15:24:16.988088239 DEBUG: Useless debug message, because dubug is full of these
04-11-2023 15:24:16.988094411 INFO: Starting processing of order [additional_info]
04-11-2023 15:24:16.988098786 DEBUG: Exiting unimportant code area
04-11-2023 15:24:18.803205363 DEBUG: Creating exchange message: *add* for exchange *Bishop*
04-11-2023 15:24:18.803214965 WARN: Unknown order {update} from exchange {Knight}, notifying server {Griffin}
04-11-2023 15:24:20.370313249 OTHER: Mathematics seems to endow one with something like a new sense - Darwin, Charles
04-11-2023 15:24:20.370323825 INFO: Starting processing of order [add]
04-11-2023 15:24:20.370325809 INFO: Creating additional connection object for exchange [Knight]
04-11-2023 15:24:21.673490139 ERROR: Unexpected field in message MSG-446 from exchange (Bishop), reverting previous processing
04-11-2023 15:24:21.673518269 DEBUG: Sending keep alive to exchange *Rook*
04-11-2023 15:24:21.673524164 DEBUG: Entering unimportant code area!!!
04-11-2023 15:24:21.673528775 DEBUG: Starting loop
04-11-2023 15:24:21.673532503 DEBUG: Starting loop
04-11-2023 15:24:22.461643125 INFO: Received awake call from server [Unicorn] with code [five]
04-11-2023 15:24:22.461654215 INFO: Received awake call from server [Griffin] with code [two]
04-11-2023 15:24:22.461655271 INFO: Received awake call from server [Phoenix] with code [one]
04-11-2023 15:24:22.461656672 INFO: Sleeping for 1284ms, because there is nothing to do
04-11-2023 15:24:22.461658778 WARN: Delay of 756us in receiving response from server {Phoenix}, halting order processing from exchange {King}
04-11-2023 15:24:24.122764774 INFO: Received awake call from server [Griffin] with code [five]
04-11-2023 15:24:24.122775376 ERROR: Received Unknown error from exchange (King), message: This should never happen, now we are in trouble!!!
04-11-2023 15:24:24.122778102 WARN: Unknown order {delete} from exchange {Bishop}, notifying server {Dragon}
04-11-2023 15:24:24.122779530 INFO: Unable to commmunicate with transport from [Griffin] for code [six]
04-11-2023 15:24:24.122780788 ERROR: Un-requested message from exchange (Knight): ooops this was not suppoed to happen, what are we supposed to do now!!!
04-11-2023 15:24:24.122782694 DEBUG: Starting loop
04-11-2023 15:24:25.722940976 INFO: Starting processing of order [delete]
04-11-2023 15:24:25.722966260 OTHER: Nature hides her secrets because of her essential loftiness, but not by means of ruse - Einstein, Albert
04-11-2023 15:24:25.722972836 INFO: Creating additional connection object for exchange [King]
04-11-2023 15:24:25.722979061 DEBUG: Continuing to process order *delete*
04-11-2023 15:24:25.722984692 INFO: Sending order type [add] to exchange [King]
04-11-2023 15:24:25.722988991 DEBUG: Useless debug message, because dubug is full of these
04-11-2023 15:24:25.908077243 ERROR: No message from exchange (Bishop) for over 48233us, sending heartbeat and reconnection request
04-11-2023 15:24:25.908097919 INFO: Sending order type [update] to exchange [Rook]
04-11-2023 15:24:25.908102993 INFO: Requesting resend of message from server [Phoenix] with code [one]
04-11-2023 15:24:25.908106996 INFO: Writing raw data to file for order code [four] message id: ORD-786783
04-11-2023 15:24:27.318226122 DEBUG: Starting loop
04-11-2023 15:24:27.318255557 OTHER: I had no idea a living being could sustain so much injury and go on living
04-11-2023 15:24:27.318265494 INFO: Writing raw data to file for order code [nine] message id: ORD-16527
04-11-2023 15:24:27.318272096 INFO: Checking for consistency of processing times between [Phoenix] and [Dragon]
04-11-2023 15:24:27.318276924 DEBUG: Pinging server *Unicorn*
04-11-2023 15:24:27.318282594 INFO: Sending order type [timing] to exchange [King]
04-11-2023 15:24:29.39464152 INFO: Checking for consistency of processing times between [Dragon] and [Griffin]
04-11-2023 15:24:29.39492105 WARN: Unknown order {timing} from exchange {King}, notifying server {Unicorn}
04-11-2023 15:24:29.39498938 DEBUG: Entering unimportant code area!!!
04-11-2023 15:24:29.39503328 DEBUG: Entering unimportant code area!!!
04-11-2023 15:24:29.848695061 DEBUG: Recreating message with new code NEWC-120
04-11-2023 15:24:29.848724875 DEBUG: Continuing to process order *timing*
04-11-2023 15:24:29.848732495 INFO: Writing raw data to file for order code [five] message id: ORD-1909
04-11-2023 15:24:29.848737785 DEBUG: Continuing to process order *update*
04-11-2023 15:24:29.848743249 OTHER: When you realize nothing is lacking, the whole world belongs to you. - Lao Tzu
04-11-2023 15:24:29.848749297 DEBUG: Creating exchange message: *timing* for exchange *Knight*
04-11-2023 15:24:29.848753346 DEBUG: Useless debug message, because dubug is full of these
04-11-2023 15:24:29.848758205 INFO: Unable to commmunicate with transport from [Dragon] for code [eight]
04-11-2023 15:24:29.848763637 INFO: Sending order type [timing] to exchange [Queen]
04-11-2023 15:24:29.848768219 OTHER: Know evcerything thats is on the CV, looks bad if you cannot answer questions about things on your own CV
04-11-2023 15:24:30.662880449 DEBUG: Exiting unimportant code area
04-11-2023 15:24:31.82050470 INFO: Received awake call from server [Unicorn] with code [five]
04-11-2023 15:24:31.82076270 ERROR: Receiving data a few usec slower now, microwave playing up again
04-11-2023 15:24:31.82083451 OTHER: The good, of course, is always beautiful, and the beautiful never lacks proportion - Plato
04-11-2023 15:24:31.82088212 OTHER: Don't forget to design your code to be plugable, ie extra features can be added via a simple extendable interface
04-11-2023 15:24:31.82093244 DEBUG: Finished loop
04-11-2023 15:24:31.82098865 INFO: Creating additional connection object for exchange [King]
04-11-2023 15:24:31.82104407 DEBUG: Sending keep alive to exchange *Queen*
04-11-2023 15:24:31.82109007 INFO: Unable to commmunicate with transport from [Griffin] for code [nine]
04-11-2023 15:24:31.82233902 WARN: Unknown order {timing} from exchange {King}, notifying server {Dragon}
04-11-2023 15:24:32.278391060 DEBUG: Exiting unimportant code area
04-11-2023 15:24:32.278414132 DEBUG: Finished loop
04-11-2023 15:24:32.278421030 INFO: Creating additional connection object for exchange [Queen]
04-11-2023 15:24:32.278426190 DEBUG: Sending keep alive to exchange *Bishop*
04-11-2023 15:24:32.278432015 ERROR: Un-requested message from exchange (Bishop): ooops this was not suppoed to happen, what are we supposed to do now!!!
04-11-2023 15:24:32.278437582 INFO: Unable to commmunicate with transport from [Unicorn] for code [seven]
04-11-2023 15:24:32.278441576 DEBUG: Received ping from server *Unicorn*
04-11-2023 15:24:32.278445161 DEBUG: Useless debug message, because dubug is full of these
04-11-2023 15:24:32.278448630 ERROR: Un-requested message from exchange (Bishop): ooops this was not suppoed to happen, what are we supposed to do now!!!
04-11-2023 15:24:32.278452703 DEBUG: Received code: *three* what should i do with this?
04-11-2023 15:24:33.827820349 DEBUG: Creating exchange message: *update* for exchange *Bishop*
04-11-2023 15:24:33.827842728 DEBUG: Received code: *seven* what should i do with this?
04-11-2023 15:24:33.827848568 OTHER: One must be deeply aware of the impermanence of the world.
04-11-2023 15:24:33.827893738 INFO: Unable to commmunicate with transport from [Unicorn] for code [six]
04-11-2023 15:24:33.913008278 DEBUG: String processing of order *delete*
04-11-2023 15:24:33.913032811 INFO: Checking for consistency of processing times between [Phoenix] and [Unicorn]
04-11-2023 15:24:35.738147841 DEBUG: Continuing to process order *timing*
04-11-2023 15:24:35.738169798 DEBUG: Starting loop
04-11-2023 15:24:35.738174525 DEBUG: Useless debug message, because dubug is full of these
04-11-2023 15:24:35.738179474 DEBUG: Creating exchange message: *additional_info* for exchange *Knight*
04-11-2023 15:24:35.738182756 DEBUG: Useless debug message, because dubug is full of these
04-11-2023 15:24:35.738186681 DEBUG: Sending keep alive to exchange *Rook*
04-11-2023 15:24:37.142308387 DEBUG: Continuing to process order *add*
04-11-2023 15:24:37.142335727 DEBUG: Sending keep alive to exchange *King*
04-11-2023 15:24:37.142345169 DEBUG: Starting loop
04-11-2023 15:24:37.142353923 DEBUG: Entering unimportant code area!!!
04-11-2023 15:24:37.483649601 INFO: Checking for consistency of processing times between [Griffin] and [Dragon]
04-11-2023 15:24:37.483671873 INFO: Requesting resend of message from server [Griffin] with code [two]
04-11-2023 15:24:37.483677989 DEBUG: Pinging server *Phoenix*
04-11-2023 15:24:37.483682454 DEBUG: Received ping from server *Griffin*
04-11-2023 15:24:37.483685872 DEBUG: Received ping from server *Unicorn*
04-11-2023 15:24:37.483690296 INFO: Writing raw data to file for order code [eight] message id: ORD-14
04-11-2023 15:24:39.449992193 DEBUG: Exiting unimportant code area
04-11-2023 15:24:39.450019663 DEBUG: Creating exchange message: *additional_info* for exchange *Bishop*
04-11-2023 15:24:39.450027156 ERROR: Received Unknown error from exchange (Bishop), message: This should never happen, now we are in trouble!!!
04-11-2023 15:24:39.450034239 INFO: Writing raw data to file for order code [six] message id: ORD-56485
04-11-2023 15:24:39.450039395 DEBUG: Creating exchange message: *delete* for exchange *Knight*
04-11-2023 15:24:40.506112327 INFO: Sending order type [add] to exchange [Bishop]
04-11-2023 15:24:40.506124340 DEBUG: Received code: *one* what should i do with this?
04-11-2023 15:24:40.506128903 WARN: Feed group for exchange {Queen} missing starting group GP-6692, exchange response: Did not know we were supposed to do this, better get this implementated ASAP!!!
04-11-2023 15:24:40.506131963 DEBUG: Finished loop
04-11-2023 15:24:40.506134951 DEBUG: Entering unimportant code area!!!
04-11-2023 15:24:40.506138609 INFO: Writing raw data to file for order code [three] message id: ORD-3460
04-11-2023 15:24:40.506142363 ERROR: Unexpected field in message MSG-3486 from exchange (King), reverting previous processing
04-11-2023 15:24:40.506145050 DEBUG: Finished loop
04-11-2023 15:24:42.237218393 INFO: Unable to commmunicate with transport from [Griffin] for code [six]
04-11-2023 15:24:42.237230663 OTHER: If you give a github repo in your CV make sure to have someone review the code, recruiters will look at the code
04-11-2023 15:24:42.237234211 DEBUG: Exiting unimportant code area
04-11-2023 15:24:42.237237449 OTHER: I had no idea a living being could sustain so much injury and go on living
04-11-2023 15:24:42.252307570 ERROR: Unexpected field in message MSG-104543 from exchange (Bishop), reverting previous processing
04-11-2023 15:24:42.252319642 INFO: Received awake call from server [Griffin] with code [eight]
04-11-2023 15:24:42.252322850 INFO: Creating additional connection object for exchange [Queen]
04-11-2023 15:24:42.252325797 INFO: Starting batch mode for exchange [Queen]
04-11-2023 15:24:42.252329249 DEBUG: Received ping from server *Dragon*
04-11-2023 15:24:42.252332293 DEBUG: Continuing to process order *add*
04-11-2023 15:24:42.252335626 INFO: Received reponse from exchange [Bishop] for [additional_info] with id [RSP-2664]
04-11-2023 15:24:42.252338534 INFO: Unable to commmunicate with transport from [Phoenix] for code [eight]
04-11-2023 15:24:42.252341291 ERROR: Receiving data a few usec slower now, microwave playing up again
04-11-2023 15:24:43.720450690 DEBUG: Useless debug message, because dubug is full of these
04-11-2023 15:24:43.720462746 ERROR: Unable to contact server (Phoenix), this keeps happening can someone from X team please fix this
04-11-2023 15:24:43.720464917 DEBUG: Received heartbeat from exchange *Knight*
04-11-2023 15:24:43.720466842 DEBUG: Creating exchange message: *update* for exchange *Queen*
04-11-2023 15:24:43.720468127 DEBUG: Creating exchange message: *timing* for exchange *Queen*
04-11-2023 15:24:43.720469410 DEBUG: Sending keep alive to exchange *Bishop*
04-11-2023 15:24:43.720471890 WARN: Unknown order {delete} from exchange {King}, notifying server {Dragon}
04-11-2023 15:24:43.720473347 DEBUG: Entering unimportant code area!!!
04-11-2023 15:24:44.567569204 ERROR: Un-requested message from exchange (Rook): ooops this was not suppoed to happen, what are we supposed to do now!!!
04-11-2023 15:24:44.567600245 INFO: Unable to commmunicate with transport from [Phoenix] for code [six]
04-11-2023 15:24:44.567611035 DEBUG: Continuing to process order *update*
04-11-2023 15:24:45.625683520 DEBUG: Finished loop
04-11-2023 15:24:45.625695642 WARN: Reconnection request received from {Phoenix}, sleeping 82ms before reconnecting
04-11-2023 15:24:45.625698887 DEBUG: Pinging server *Griffin*
04-11-2023 15:24:45.625701531 DEBUG: Starting loop
04-11-2023 15:24:45.625704428 DEBUG: Recreating message with new code NEWC-133936
04-11-2023 15:24:45.625707384 DEBUG: Creating exchange message: *additional_info* for exchange *Knight*
04-11-2023 15:24:45.625710662 INFO: Sleeping for 07ms, because there is nothing to do
04-11-2023 15:24:45.625713239 DEBUG: Pinging server *Dragon*
04-11-2023 15:24:47.595814137 INFO: Requesting resend of message from server [Unicorn] with code [nine]
04-11-2023 15:24:47.595839522 INFO: Sending order type [add] to exchange [Knight]
04-11-2023 15:24:47.595849591 INFO: Sending order type [additional_info] to exchange [Queen]
04-11-2023 15:24:47.595861558 ERROR: Unexpected field in message MSG-260249 from exchange (Rook), reverting previous processing
04-11-2023 15:24:48.606971476 INFO: Sending order type [additional_info] to exchange [Knight]
04-11-2023 15:24:49.67147043 DEBUG: Exiting unimportant code area
04-11-2023 15:24:49.67176354 INFO: Creating additional connection object for exchange [Bishop]
04-11-2023 15:24:49.67181704 DEBUG: Exiting unimportant code area
04-11-2023 15:24:49.67187163 INFO: Aggregating tick from exchange [Knight] to [Phoenix]
04-11-2023 15:24:49.67192715 OTHER: If there is mention of any performance on your CV make sure you can back it up ie benchmarks
04-11-2023 15:24:49.67416466 OTHER: When you realize nothing is lacking, the whole world belongs to you. - Lao Tzu
04-11-2023 15:24:49.67434077 DEBUG: Creating exchange message: *add* for exchange *Queen*
04-11-2023 15:24:49.276533622 DEBUG: Pinging server *Phoenix*
04-11-2023 15:24:49.276563741 INFO: Writing raw data to file for order code [five] message id: ORD-14127
04-11-2023 15:24:49.276574617 DEBUG: Starting loop
04-11-2023 15:24:49.276585541 DEBUG: Received code: *three* what should i do with this?
04-11-2023 15:24:49.276596644 OTHER: One must be deeply aware of the impermanence of the world.
04-11-2023 15:24:49.276608580 WARN: Received out of order message from exchange {Knight}
04-11-2023 15:24:49.276619524 DEBUG: Continuing to process order *timing*
04-11-2023 15:24:50.670693995 DEBUG: Entering unimportant code area!!!
04-11-2023 15:24:50.670705061 DEBUG: Recreating message with new code NEWC-37245
04-11-2023 15:24:50.670707230 INFO: Received awake call from server [Unicorn] with code [three]
04-11-2023 15:24:52.587773277 ERROR: No message from exchange (Knight) for over 87us, sending heartbeat and reconnection request
04-11-2023 15:24:52.587783848 INFO: Aggregating tick from exchange [Queen] to [Unicorn]
04-11-2023 15:24:52.587787471 DEBUG: Starting loop
04-11-2023 15:24:52.587790529 DEBUG: Pinging server *Unicorn*
04-11-2023 15:24:52.587793517 DEBUG: Received heartbeat from exchange *Bishop*
04-11-2023 15:24:52.587796424 INFO: Aggregating tick from exchange [Queen] to [Dragon]
04-11-2023 15:24:52.587799587 OTHER: Know evcerything thats is on the CV, looks bad if you cannot answer questions about things on your own CV
04-11-2023 15:24:53.259872544 DEBUG: Entering unimportant code area!!!
04-11-2023 15:24:53.259886636 DEBUG: Entering unimportant code area!!!
04-11-2023 15:24:53.259890910 DEBUG: Received ping from server *Phoenix*
04-11-2023 15:24:53.259894120 DEBUG: Received heartbeat from exchange *King*
04-11-2023 15:24:53.259898382 OTHER: If you give a github repo in your CV make sure to have someone review the code, recruiters will look at the code
04-11-2023 15:24:53.259902127 OTHER: The most beautiful thing we can experience is the mysterious. It is the source of all true art and science - Einstein, Albert
04-11-2023 15:24:53.259905677 OTHER: All true artists, whether they know it or not, create from a place of no-mind, from inner stillness. – Eckhart Tolle
04-11-2023 15:24:53.259910759 WARN: Delay of 00us in receiving response from server {Unicorn}, halting order processing from exchange {King}
04-11-2023 15:24:53.259915467 INFO: Writing raw data to file for order code [five] message id: ORD-660631
04-11-2023 15:24:53.662984497 DEBUG: Pinging server *Phoenix*
04-11-2023 15:24:53.662995586 INFO: Sleeping for 55881ms, because there is nothing to do
04-11-2023 15:24:53.662999304 OTHER: The lower you are, the higher your mind will want to soar.
04-11-2023 15:24:55.364097906 OTHER: Nature hides her secrets because of her essential loftiness, but not by means of ruse - Einstein, Albert
04-11-2023 15:24:55.364110421 INFO: Checking for consistency of processing times between [Griffin] and [Phoenix]
04-11-2023 15:24:55.364113378 DEBUG: Finished loop
04-11-2023 15:24:55.364115927 INFO: Creating additional connection object for exchange [Queen]
04-11-2023 15:24:55.364118211 DEBUG: Starting loop
04-11-2023 15:24:55.364120687 INFO: Writing raw data to file for order code [seven] message id: ORD-7488
04-11-2023 15:24:55.364123021 OTHER: The good, of course, is always beautiful, and the beautiful never lacks proportion - Plato
04-11-2023 15:24:56.809231818 INFO: Creating additional connection object for exchange [Rook]
04-11-2023 15:24:56.809252915 DEBUG: Finished loop
04-11-2023 15:24:58.497392869 DEBUG: Finished loop
04-11-2023 15:24:58.497417501 DEBUG: Received code: *six* what should i do with this?
04-11-2023 15:24:58.497424275 OTHER: If you give a github repo in your CV make sure to have someone review the code, recruiters will look at the code
04-11-2023 15:24:58.497428894 OTHER: Have unit tests in your code on github listed on CV's it shows better software engineering
04-11-2023 15:24:58.497432121 DEBUG: Finished loop
04-11-2023 15:24:58.497436631 DEBUG: Received ping from server *Unicorn*
04-11-2023 15:24:58.497440725 DEBUG: Received heartbeat from exchange *Queen*
04-11-2023 15:24:58.497443954 OTHER: Know evcerything thats is on the CV, looks bad if you cannot answer questions about things on your own CV
04-11-2023 15:24:58.497447114 DEBUG: Finished loop
04-11-2023 15:24:58.857642941 INFO: Starting batch mode for exchange [King]
04-11-2023 15:24:58.857667941 INFO: Unable to commmunicate with transport from [Phoenix] for code [ten]
04-11-2023 15:24:58.857675272 DEBUG: Sending keep alive to exchange *Queen*
04-11-2023 15:24:58.857680747 INFO: Requesting resend of message from server [Unicorn] with code [four]
04-11-2023 15:24:58.857685277 INFO: Received awake call from server [Griffin] with code [six]
04-11-2023 15:24:58.857689440 INFO: Creating additional connection object for exchange [Rook]
04-11-2023 15:24:58.857693842 DEBUG: Received code: *two* what should i do with this?
04-11-2023 15:25:00.837883546 INFO: Aggregating tick from exchange [Bishop] to [Griffin]
04-11-2023 15:25:00.837910581 DEBUG: Pinging server *Dragon*
04-11-2023 15:25:00.837916310 DEBUG: Useless debug message, because dubug is full of these
04-11-2023 15:25:00.837924505 WARN: Feed group for exchange {Bishop} missing starting group GP-1520, exchange response: Did not know we were supposed to do this, better get this implementated ASAP!!!
04-11-2023 15:25:00.837930237 DEBUG: Continuing to process order *delete*
04-11-2023 15:25:00.837934940 WARN: Feed group for exchange {Bishop} missing starting group GP-92096, exchange response: Did not know we were supposed to do this, better get this implementated ASAP!!!
04-11-2023 15:25:00.837939290 DEBUG: Starting loop
04-11-2023 15:25:00.837943726 DEBUG: Received code: *two* what should i do with this?
04-11-2023 15:25:01.328058706 OTHER: The lower you are, the higher your mind will want to soar.
04-11-2023 15:25:01.711247050 ERROR: Unable to contact server (Griffin), this keeps happening can someone from X team please fix this
04-11-2023 15:25:01.711273868 INFO: Aggregating tick from exchange [King] to [Unicorn]
04-11-2023 15:25:01.711279751 ERROR: Receiving data a few usec slower now, microwave playing up again
04-11-2023 15:25:02.372389163 DEBUG: Received heartbeat from exchange *Rook*
04-11-2023 15:25:02.372402070 ERROR: No message from exchange (Queen) for over 2829us, sending heartbeat and reconnection request
04-11-2023 15:25:02.372403792 DEBUG: Received ping from server *Phoenix*
04-11-2023 15:25:02.372405848 OTHER: When you realize nothing is lacking, the whole world belongs to you. - Lao Tzu
04-11-2023 15:25:02.372407437 DEBUG: String processing of order *additional_info*
04-11-2023 15:25:02.372408862 DEBUG: Creating exchange message: *delete* for exchange *Knight*
04-11-2023 15:25:04.145613407 DEBUG: Received ping from server *Phoenix*
04-11-2023 15:25:04.145640993 WARN: Received out of order message from exchange {Queen}
04-11-2023 15:25:04.145649315 INFO: Aggregating tick from exchange [King] to [Griffin]
04-11-2023 15:25:04.145657335 ERROR: No message from exchange (Rook) for over 2540us, sending heartbeat and reconnection request
04-11-2023 15:25:04.145663728 INFO: Sending order type [delete] to exchange [Queen]
04-11-2023 15:25:04.145668648 DEBUG: Continuing to process order *add*
04-11-2023 15:25:04.145673625 CRIT: Over clocked servers gone all silly again !!! blame it on the sun spots!!!
04-11-2023 15:25:04.145678763 INFO: Starting batch mode for exchange [Queen]
04-11-2023 15:25:04.145682663 DEBUG: Finished loop
04-11-2023 15:25:04.145686597 DEBUG: Starting loop
04-11-2023 15:25:05.526838759 ERROR: Unable to find order ORD-9171 sent to exchange (Bishop)
04-11-2023 15:25:05.526861857 DEBUG: Pinging server *Phoenix*
04-11-2023 15:25:05.526868203 OTHER: Mathematics seems to endow one with something like a new sense - Darwin, Charles
04-11-2023 15:25:05.526872796 DEBUG: Useless debug message, because dubug is full of these
04-11-2023 15:25:06.590332398 INFO: 
Exchange order message timing output
  Exchange            Order recv nu  X (us)
      King           timing    8000     192
      King           update   17068     775
      King           delete   14393     287
      King              add    8564     740
      King  additional_info   16152    1355
     Queen           timing   12602     464
     Queen           update   17972     520
     Queen           delete    8641     412
     Queen              add   16054     403
     Queen  additional_info   12601     746
    Bishop           timing   13010     581
    Bishop           update   15068    1059
    Bishop           delete   18154     411
    Bishop              add    9103     727
    Bishop  additional_info   12992    1191
      Rook           timing   18924     634
      Rook           update   11149     528
      Rook           delete   16833     331
      Rook              add   15592     778
      Rook  additional_info   19893     956
    Knight           timing   10964     788
    Knight           update   16672     952
    Knight           delete   15818     229
    Knight              add   15580     843
    Knight  additional_info   11272    1005

04-11-2023 15:25:06.590357717 DEBUG: Continuing to process order *update*
04-11-2023 15:25:06.590366420 INFO: Aggregating tick from exchange [Bishop] to [Griffin]
04-11-2023 15:25:06.590372445 DEBUG: Received ping from server *Griffin*
04-11-2023 15:25:06.590379996 WARN: Reconnection request received from {Griffin}, sleeping 536436ms before reconnecting
04-11-2023 15:25:06.590387125 ERROR: Unable to contact server (Griffin), this keeps happening can someone from X team please fix this
04-11-2023 15:25:06.590392342 DEBUG: String processing of order *delete*
04-11-2023 15:25:06.590398251 DEBUG: Recreating message with new code NEWC-7892
04-11-2023 15:25:06.590404153 INFO: Received reponse from exchange [Knight] for [add] with id [RSP-59]
04-11-2023 15:25:06.590408993 INFO: Creating additional connection object for exchange [Knight]
04-11-2023 15:25:07.71523047 INFO: Creating additional connection object for exchange [Queen]
04-11-2023 15:25:07.71549068 DEBUG: Received heartbeat from exchange *Queen*
04-11-2023 15:25:07.71554916 DEBUG: Exiting unimportant code area
04-11-2023 15:25:07.71559669 DEBUG: Received code: *nine* what should i do with this?
04-11-2023 15:25:07.71564901 DEBUG: Creating exchange message: *additional_info* for exchange *Queen*
04-11-2023 15:25:07.71570016 DEBUG: Recreating message with new code NEWC-036
04-11-2023 15:25:07.71575317 INFO: Starting processing of order [delete]
04-11-2023 15:25:07.71579690 DEBUG: Pinging server *Unicorn*
04-11-2023 15:25:07.71583637 DEBUG: Received code: *one* what should i do with this?
04-11-2023 15:25:07.492778882 DEBUG: Exiting unimportant code area
04-11-2023 15:25:07.492807675 DEBUG: Recreating message with new code NEWC-0011
04-11-2023 15:25:07.492812442 DEBUG: Entering unimportant code area!!!
04-11-2023 15:25:07.492817285 DEBUG: Received ping from server *Unicorn*
04-11-2023 15:25:07.492824030 WARN: Received unexpected code {seven} from server {Dragon}
04-11-2023 15:25:07.492828788 DEBUG: Useless debug message, because dubug is full of these
04-11-2023 15:25:07.574079691 DEBUG: Continuing to process order *timing*
04-11-2023 15:25:07.574107422 INFO: Sending order type [timing] to exchange [Bishop]
04-11-2023 15:25:07.574114325 INFO: Writing raw data to file for order code [ten] message id: ORD-33053
04-11-2023 15:25:07.574119625 DEBUG: Pinging server *Phoenix*
04-11-2023 15:25:07.574126093 WARN: Received unexpected code {five} from server {Phoenix}
04-11-2023 15:25:07.574132373 DEBUG: Recreating message with new code NEWC-05
04-11-2023 15:25:07.574137369 INFO: Requesting resend of message from server [Phoenix] with code [three]
04-11-2023 15:25:08.356295408 INFO: Starting batch mode for exchange [Queen]
04-11-2023 15:25:08.356321795 DEBUG: String processing of order *delete*
04-11-2023 15:25:08.356327586 DEBUG: Continuing to process order *add*
04-11-2023 15:25:09.917483142 OTHER: If there is mention of any performance on your CV make sure you can back it up ie benchmarks
04-11-2023 15:25:09.917512154 INFO: Unable to commmunicate with transport from [Unicorn] for code [four]
04-11-2023 15:25:09.917519110 DEBUG: Entering unimportant code area!!!
04-11-2023 15:25:09.917525770 DEBUG: Recreating message with new code NEWC-48
04-11-2023 15:25:09.917530569 DEBUG: Received code: *one* what should i do with this?
04-11-2023 15:25:09.917534785 OTHER: All that we are, is the result of what we have thought. The mind is everything. What we think, we become. - Buddha
04-11-2023 15:25:09.945676891 DEBUG: Pinging server *Dragon*
04-11-2023 15:25:09.945710688 ERROR: Receiving data a few usec slower now, microwave playing up again
04-11-2023 15:25:09.945721676 ERROR: No message from exchange (Knight) for over 820us, sending heartbeat and reconnection request
04-11-2023 15:25:10.48880943 WARN: Feed group for exchange {Rook} missing starting group GP-4665, exchange response: Did not know we were supposed to do this, better get this implementated ASAP!!!
04-11-2023 15:25:10.48910728 ERROR: Unexpected field in message MSG-213841 from exchange (Queen), reverting previous processing
04-11-2023 15:25:10.48919311 DEBUG: Creating exchange message: *timing* for exchange *Knight*
04-11-2023 15:25:10.48927035 INFO: Aggregating tick from exchange [Knight] to [Phoenix]
04-11-2023 15:25:10.48932595 DEBUG: Continuing to process order *timing*
04-11-2023 15:25:10.48937372 INFO: Received awake call from server [Unicorn] with code [nine]
04-11-2023 15:25:11.123143513 ERROR: Unable to find order ORD-4695 sent to exchange (Rook)
04-11-2023 15:25:11.123154266 INFO: Unable to commmunicate with transport from [Unicorn] for code [seven]
04-11-2023 15:25:11.123156678 OTHER: One must be deeply aware of the impermanence of the world.
04-11-2023 15:25:11.123158922 DEBUG: Finished loop
04-11-2023 15:25:11.123160700 DEBUG: Received heartbeat from exchange *Knight*
04-11-2023 15:25:11.123162305 ERROR: Un-requested message from exchange (Queen): ooops this was not suppoed to happen, what are we supposed to do now!!!
04-11-2023 15:25:11.123164038 DEBUG: String processing of order *delete*
04-11-2023 15:25:11.123165486 ERROR: Unable to find order ORD-1941 sent to exchange (Queen)
04-11-2023 15:25:11.123167263 DEBUG: Recreating message with new code NEWC-511
04-11-2023 15:25:11.794349087 DEBUG: Creating exchange message: *delete* for exchange *Rook*
04-11-2023 15:25:11.794374300 OTHER: I had no idea a living being could sustain so much injury and go on living
04-11-2023 15:25:11.794380148 DEBUG: Creating exchange message: *timing* for exchange *King*
04-11-2023 15:25:11.794387468 INFO: Checking for consistency of processing times between [Griffin] and [Griffin]
04-11-2023 15:25:12.795542141 DEBUG: Recreating message with new code NEWC-6094
04-11-2023 15:25:12.795568940 DEBUG: Received code: *six* what should i do with this?
04-11-2023 15:25:14.779742585 INFO: Received awake call from server [Unicorn] with code [nine]
04-11-2023 15:25:14.779770840 ERROR: Unexpected field in message MSG-33 from exchange (Knight), reverting previous processing
04-11-2023 15:25:14.779778374 DEBUG: Pinging server *Griffin*
04-11-2023 15:25:14.779783780 ERROR: Receiving data a few usec slower now, microwave playing up again
04-11-2023 15:25:15.125061084 ERROR: No message from exchange (Queen) for over 0572us, sending heartbeat and reconnection request
04-11-2023 15:25:15.125087976 INFO: Sleeping for 7036ms, because there is nothing to do
04-11-2023 15:25:15.143371713 DEBUG: Received heartbeat from exchange *Rook*
04-11-2023 15:25:15.143396763 DEBUG: Received ping from server *Unicorn*
04-11-2023 15:25:15.143404623 ERROR: Unable to find order ORD-57 sent to exchange (Rook)
04-11-2023 15:25:15.143411771 INFO: Starting batch mode for exchange [Knight]
04-11-2023 15:25:15.143419236 WARN: Unable to create order {additional_info} due to waiting batch response from exchange {Bishop}
04-11-2023 15:25:15.414593698 INFO: Requesting resend of message from server [Griffin] with code [three]