05-11-2023 00:16:03.144003870 INFO: Author: Adrian Phung
05-11-2023 00:16:03.144011769 INFO: Copyright QRT 2023
05-11-2023 00:16:03.144014047 INFO: Application to simulate logging output of important production processes for use as part of the data feed analysis challenge
05-11-2023 00:16:03.144023518 INFO: durhack 2023
05-11-2023 00:16:03.144025242 INFO: The messages above must be included in all distributed files generated by this application.
05-11-2023 00:16:03.144026859 INFO: =============================================================================================================================
05-11-2023 00:16:03.144035325 DEBUG: Pinging server *Phoenix*
05-11-2023 00:16:03.984144315 DEBUG: Continuing to process order *additional_info*
05-11-2023 00:16:03.984158125 DEBUG: Recreating message with new code NEWC-141
05-11-2023 00:16:03.984159677 DEBUG: Useless debug message, because dubug is full of these
05-11-2023 00:16:03.984162494 INFO: Received reponse from exchange [Queen] for [delete] with id [RSP-5926]
05-11-2023 00:16:03.984163903 DEBUG: Entering unimportant code area!!!
05-11-2023 00:16:03.984165158 DEBUG: Pinging server *Phoenix*
05-11-2023 00:16:03.984166429 DEBUG: Continuing to process order *delete*
05-11-2023 00:16:03.984176282 OTHER: Don't forget to design your code to be plugable, ie extra features can be added via a simple extendable interface
05-11-2023 00:16:03.984177714 DEBUG: Starting loop
05-11-2023 00:16:03.984179197 INFO: Writing raw data to file for order code [seven] message id: ORD-535897
05-11-2023 00:16:05.928297898 DEBUG: Exiting unimportant code area
05-11-2023 00:16:05.928327848 INFO: Starting processing of order [timing]
05-11-2023 00:16:05.928334484 DEBUG: String processing of order *additional_info*
05-11-2023 00:16:05.928339899 INFO: Starting batch mode for exchange [Rook]
05-11-2023 00:16:05.928345533 DEBUG: Creating exchange message: *add* for exchange *King*
05-11-2023 00:16:05.928350415 INFO: Unable to commmunicate with transport from [Phoenix] for code [four]
05-11-2023 00:16:05.928359483 WARN: Delay of 9323us in receiving response from server {Phoenix}, halting order processing from exchange {Queen}
05-11-2023 00:16:06.253477747 DEBUG: Received code: *six* what should i do with this?
05-11-2023 00:16:06.253515750 INFO: Received reponse from exchange [Rook] for [additional_info] with id [RSP-84]
05-11-2023 00:16:08.126721699 DEBUG: Exiting unimportant code area
05-11-2023 00:16:08.126731617 DEBUG: Pinging server *Phoenix*
05-11-2023 00:16:08.126733894 INFO: Sending order type [delete] to exchange [Rook]
05-11-2023 00:16:08.126736109 ERROR: Received Unknown error from exchange (Queen), message: This should never happen, now we are in trouble!!!
05-11-2023 00:16:09.273998227 DEBUG: Entering unimportant code area!!!
05-11-2023 00:16:09.274015858 INFO: Aggregating tick from exchange [Knight] to [Griffin]
05-11-2023 00:16:09.274018752 DEBUG: Exiting unimportant code area
05-11-2023 00:16:09.274021886 OTHER: Mathematics seems to endow one with something like a new sense - Darwin, Charles
05-11-2023 00:16:10.932215301 INFO: Unable to commmunicate with transport from [Unicorn] for code [two]
05-11-2023 00:16:10.932226849 WARN: Unable to create order {additional_info} due to waiting batch response from exchange {Queen}
05-11-2023 00:16:10.932229026 INFO: Writing raw data to file for order code [one] message id: ORD-62
05-11-2023 00:16:10.932231210 OTHER: When your own life is threatened, your sense of empathy is blunted by a terrible, selfish hunger for survival
05-11-2023 00:16:10.932233037 INFO: Requesting resend of message from server [Unicorn] with code [two]
05-11-2023 00:16:10.932234843 DEBUG: Entering unimportant code area!!!
05-11-2023 00:16:10.932236867 INFO: Sending order type [add] to exchange [Rook]
05-11-2023 00:16:10.932238235 INFO: Starting batch mode for exchange [Knight]
05-11-2023 00:16:10.932239979 INFO: Received reponse from exchange [King] for [additional_info] with id [RSP-64338]
05-11-2023 00:16:12.643425681 DEBUG: Recreating message with new code NEWC-327
05-11-2023 00:16:12.643451042 DEBUG: Exiting unimportant code area
05-11-2023 00:16:12.643457649 DEBUG: Continuing to process order *timing*
05-11-2023 00:16:12.643464389 INFO: Unable to commmunicate with transport from [Dragon] for code [seven]
05-11-2023 00:16:12.643469555 DEBUG: Received heartbeat from exchange *Knight*
05-11-2023 00:16:12.643474167 INFO: Starting batch mode for exchange [King]
05-11-2023 00:16:14.569654065 DEBUG: Received ping from server *Unicorn*
05-11-2023 00:16:14.569668062 INFO: Unable to commmunicate with transport from [Dragon] for code [ten]
05-11-2023 00:16:14.569671578 DEBUG: Recreating message with new code NEWC-9502
05-11-2023 00:16:14.569674233 INFO: Starting processing of order [update]
05-11-2023 00:16:14.569676382 INFO: Unable to commmunicate with transport from [Dragon] for code [six]
05-11-2023 00:16:14.569678701 INFO: Sending order type [timing] to exchange [King]
05-11-2023 00:16:14.569681284 DEBUG: Creating exchange message: *add* for exchange *Bishop*
05-11-2023 00:16:14.569683960 OTHER: All true artists, whether they know it or not, create from a place of no-mind, from inner stillness. – Eckhart Tolle
05-11-2023 00:16:15.657212689 ERROR: Unable to find order ORD-884 sent to exchange (Queen)
05-11-2023 00:16:15.729543535 INFO: Received awake call from server [Phoenix] with code [one]
05-11-2023 00:16:15.729569109 INFO: Sleeping for 197169ms, because there is nothing to do
05-11-2023 00:16:15.729576022 DEBUG: Received heartbeat from exchange *Queen*
05-11-2023 00:16:15.729581470 DEBUG: Received code: *two* what should i do with this?
05-11-2023 00:16:15.729586887 ERROR: Receiving data a few usec slower now, microwave playing up again
05-11-2023 00:16:15.729592727 INFO: Starting processing of order [timing]
05-11-2023 00:16:15.729596947 DEBUG: Sending keep alive to exchange *Rook*
05-11-2023 00:16:15.729600904 INFO: Starting processing of order [add]
05-11-2023 00:16:15.729605291 INFO: Received awake call from server [Unicorn] with code [seven]
05-11-2023 00:16:15.729610125 INFO: Sending order type [additional_info] to exchange [Queen]
05-11-2023 00:16:16.841761664 ERROR: No message from exchange (Rook) for over 3993us, sending heartbeat and reconnection request
05-11-2023 00:16:16.841774088 INFO: Received awake call from server [Dragon] with code [seven]
05-11-2023 00:16:16.841776881 DEBUG: Entering unimportant code area!!!
05-11-2023 00:16:16.841779477 DEBUG: Recreating message with new code NEWC-75105
05-11-2023 00:16:16.841781358 INFO: Creating additional connection object for exchange [Bishop]
05-11-2023 00:16:18.369927043 DEBUG: Continuing to process order *additional_info*
05-11-2023 00:16:19.136019785 OTHER: One must be deeply aware of the impermanence of the world.
05-11-2023 00:16:19.136037013 INFO: Starting processing of order [update]
05-11-2023 00:16:19.136040421 DEBUG: String processing of order *add*
05-11-2023 00:16:19.136043466 DEBUG: Creating exchange message: *additional_info* for exchange *Queen*
05-11-2023 00:16:19.136046425 INFO: Writing raw data to file for order code [ten] message id: ORD-820974
05-11-2023 00:16:19.211120449 DEBUG: Exiting unimportant code area
05-11-2023 00:16:19.211133607 DEBUG: Sending keep alive to exchange *Queen*
05-11-2023 00:16:19.211138057 INFO: Writing raw data to file for order code [one] message id: ORD-94459
05-11-2023 00:16:19.211140542 DEBUG: Finished loop
05-11-2023 00:16:19.211142804 DEBUG: Pinging server *Griffin*
05-11-2023 00:16:20.790234102 DEBUG: Entering unimportant code area!!!
05-11-2023 00:16:20.790261980 OTHER: Don't forget to design your code to be plugable, ie extra features can be added via a simple extendable interface
05-11-2023 00:16:20.790269340 DEBUG: Received ping from server *Griffin*
05-11-2023 00:16:20.790275402 DEBUG: Creating exchange message: *additional_info* for exchange *Bishop*
05-11-2023 00:16:20.790279893 DEBUG: Received heartbeat from exchange *King*
05-11-2023 00:16:20.790283768 DEBUG: Entering unimportant code area!!!
05-11-2023 00:16:20.953427786 INFO: Requesting resend of message from server [Griffin] with code [five]
05-11-2023 00:16:20.953605840 OTHER: Irrationality is the square root of all evil - Douglas Hofstadter
05-11-2023 00:16:22.848788515 ERROR: Unable to contact server (Phoenix), this keeps happening can someone from X team please fix this
05-11-2023 00:16:22.848817036 INFO: Unable to commmunicate with transport from [Unicorn] for code [five]
05-11-2023 00:16:22.848823967 DEBUG: Entering unimportant code area!!!
05-11-2023 00:16:23.187931054 DEBUG: Sending keep alive to exchange *Bishop*
05-11-2023 00:16:23.187940004 DEBUG: Received ping from server *Griffin*
05-11-2023 00:16:23.187941368 DEBUG: Finished loop
05-11-2023 00:16:23.187943354 ERROR: Received Unknown error from exchange (Rook), message: This should never happen, now we are in trouble!!!
05-11-2023 00:16:23.187945274 INFO: Creating additional connection object for exchange [Queen]
05-11-2023 00:16:23.187947961 INFO: Checking for consistency of processing times between [Unicorn] and [Griffin]
05-11-2023 00:16:23.187950105 INFO: Received reponse from exchange [Knight] for [delete] with id [RSP-23]
05-11-2023 00:16:23.187952158 WARN: Feed group for exchange {Rook} missing starting group GP-0781, exchange response: Did not know we were supposed to do this, better get this implementated ASAP!!!
05-11-2023 00:16:23.187953476 DEBUG: Useless debug message, because dubug is full of these
05-11-2023 00:16:23.187954658 INFO: Creating additional connection object for exchange [Bishop]
05-11-2023 00:16:24.552025173 INFO: Sleeping for 64ms, because there is nothing to do
05-11-2023 00:16:25.438203279 OTHER: All that we are, is the result of what we have thought. The mind is everything. What we think, we become. - Buddha
05-11-2023 00:16:25.438242015 DEBUG: Creating exchange message: *delete* for exchange *Knight*
05-11-2023 00:16:27.78357332 DEBUG: String processing of order *delete*
05-11-2023 00:16:27.78392073 DEBUG: String processing of order *additional_info*
05-11-2023 00:16:27.78399278 DEBUG: Received ping from server *Unicorn*
05-11-2023 00:16:27.78405264 DEBUG: Received heartbeat from exchange *King*
05-11-2023 00:16:28.734571486 CRIT: Wow this is serious exchange <Queen> has not ack'ed our order ORD-0628 at all!!!!
05-11-2023 00:16:28.734597636 INFO: Requesting resend of message from server [Dragon] with code [one]
05-11-2023 00:16:28.734603888 INFO: Received awake call from server [Phoenix] with code [two]
05-11-2023 00:16:28.734609624 OTHER: When you realize nothing is lacking, the whole world belongs to you. - Lao Tzu
05-11-2023 00:16:28.734614699 INFO: Unable to commmunicate with transport from [Griffin] for code [four]
05-11-2023 00:16:28.734620740 DEBUG: Sending keep alive to exchange *Bishop*
05-11-2023 00:16:28.734625733 INFO: Creating additional connection object for exchange [Rook]
05-11-2023 00:16:28.935752493 ERROR: Unable to find order ORD-62 sent to exchange (Rook)
05-11-2023 00:16:28.935783137 OTHER: Nature hides her secrets because of her essential loftiness, but not by means of ruse - Einstein, Albert
05-11-2023 00:16:28.935794738 DEBUG: Recreating message with new code NEWC-0899
05-11-2023 00:16:28.935805605 ERROR: No message from exchange (Knight) for over 86280us, sending heartbeat and reconnection request
05-11-2023 00:16:28.935813457 DEBUG: Exiting unimportant code area
05-11-2023 00:16:28.935822333 INFO: Creating additional connection object for exchange [Bishop]
05-11-2023 00:16:28.935830779 DEBUG: String processing of order *additional_info*
05-11-2023 00:16:28.935838153 DEBUG: Sending keep alive to exchange *Rook*
05-11-2023 00:16:28.935844159 DEBUG: Starting loop
05-11-2023 00:16:28.935850172 DEBUG: Entering unimportant code area!!!
05-11-2023 00:16:30.710946368 INFO: Sleeping for 34ms, because there is nothing to do
05-11-2023 00:16:30.710974082 DEBUG: Creating exchange message: *delete* for exchange *Knight*
05-11-2023 00:16:30.710981076 INFO: Checking for consistency of processing times between [Dragon] and [Dragon]
05-11-2023 00:16:30.710987641 ERROR: Unable to contact server (Unicorn), this keeps happening can someone from X team please fix this
05-11-2023 00:16:30.710992893 DEBUG: Useless debug message, because dubug is full of these
05-11-2023 00:16:30.710997701 INFO: Starting batch mode for exchange [Bishop]
05-11-2023 00:16:30.711001530 DEBUG: Useless debug message, because dubug is full of these
05-11-2023 00:16:30.711007447 ERROR: Un-requested message from exchange (Bishop): ooops this was not suppoed to happen, what are we supposed to do now!!!
05-11-2023 00:16:30.711012080 DEBUG: Continuing to process order *add*
05-11-2023 00:16:30.996159123 INFO: Starting processing of order [delete]
05-11-2023 00:16:30.996183618 DEBUG: Entering unimportant code area!!!
05-11-2023 00:16:30.996190986 INFO: Checking for consistency of processing times between [Unicorn] and [Unicorn]
05-11-2023 00:16:32.234473398 INFO: Checking for consistency of processing times between [Phoenix] and [Phoenix]
05-11-2023 00:16:32.234501187 DEBUG: Creating exchange message: *timing* for exchange *Queen*
05-11-2023 00:16:32.234508402 INFO: Sleeping for 82ms, because there is nothing to do
05-11-2023 00:16:32.234513168 DEBUG: Starting loop
05-11-2023 00:16:32.234518713 ERROR: Receiving data a few usec slower now, microwave playing up again
05-11-2023 00:16:32.234524625 ERROR: Unable to find order ORD-534 sent to exchange (Rook)
05-11-2023 00:16:32.234528853 INFO: Sleeping for 2117ms, because there is nothing to do
05-11-2023 00:16:33.60863353 WARN: {Dragon} slow consumer, no response for 067982us, throttling message to server
05-11-2023 00:16:33.60889955 DEBUG: Sending keep alive to exchange *Queen*
05-11-2023 00:16:33.60897952 INFO: Creating additional connection object for exchange [Bishop]
05-11-2023 00:16:33.60903775 DEBUG: Received code: *nine* what should i do with this?
05-11-2023 00:16:33.60909090 INFO: Starting processing of order [delete]
05-11-2023 00:16:33.60913191 DEBUG: Finished loop
05-11-2023 00:16:33.60918226 INFO: Unable to commmunicate with transport from [Phoenix] for code [nine]
05-11-2023 00:16:33.60923098 INFO: Writing raw data to file for order code [three] message id: ORD-148
05-11-2023 00:16:33.60927097 DEBUG: Received code: *six* what should i do with this?
05-11-2023 00:16:33.60931048 DEBUG: Received heartbeat from exchange *Knight*
05-11-2023 00:16:34.688091075 OTHER: I had no idea a living being could sustain so much injury and go on living
05-11-2023 00:16:34.688119187 INFO: Received awake call from server [Griffin] with code [five]
05-11-2023 00:16:34.688126077 INFO: Aggregating tick from exchange [Knight] to [Griffin]
05-11-2023 00:16:34.688132803 DEBUG: Recreating message with new code NEWC-086
05-11-2023 00:16:34.688138131 INFO: Creating additional connection object for exchange [King]
05-11-2023 00:16:34.688142525 INFO: Requesting resend of message from server [Griffin] with code [nine]
05-11-2023 00:16:34.688147035 DEBUG: Starting loop
05-11-2023 00:16:34.874342101 DEBUG: Received code: *two* what should i do with this?
05-11-2023 00:16:34.874368868 INFO: Starting batch mode for exchange [Queen]
05-11-2023 00:16:34.874375317 DEBUG: Sending keep alive to exchange *Bishop*
05-11-2023 00:16:34.874381938 ERROR: Unable to contact server (Griffin), this keeps happening can someone from X team please fix this
05-11-2023 00:16:34.874386901 INFO: Starting batch mode for exchange [Rook]
05-11-2023 00:16:34.874392008 DEBUG: Continuing to process order *delete*
05-11-2023 00:16:34.874395794 DEBUG: Received code: *five* what should i do with this?
05-11-2023 00:16:34.874399881 DEBUG: String processing of order *add*
05-11-2023 00:16:34.874405308 OTHER: It is all a matter of time scale. An event that would be unthinkable in a hundred years may be inevitable in a hundred million years - Carl Sagan
05-11-2023 00:16:36.175572032 DEBUG: Starting loop
05-11-2023 00:16:36.175602011 INFO: Sending order type [add] to exchange [Bishop]
05-11-2023 00:16:36.175607388 DEBUG: Starting loop
05-11-2023 00:16:36.647940156 INFO: Creating additional connection object for exchange [King]
05-11-2023 00:16:36.647967052 ERROR: Received Unknown error from exchange (King), message: This should never happen, now we are in trouble!!!
05-11-2023 00:16:36.648149016 OTHER: Let go, or be dragged - Zen Proverb
05-11-2023 00:16:36.648159126 DEBUG: Received ping from server *Unicorn*
05-11-2023 00:16:36.648165634 INFO: Requesting resend of message from server [Unicorn] with code [four]
05-11-2023 00:16:36.648170276 DEBUG: Starting loop
05-11-2023 00:16:36.648176717 WARN: Unknown order {additional_info} from exchange {Queen}, notifying server {Phoenix}
05-11-2023 00:16:36.648182192 INFO: Aggregating tick from exchange [Knight] to [Unicorn]
05-11-2023 00:16:38.518552017 INFO: Received awake call from server [Griffin] with code [one]
05-11-2023 00:16:38.518579163 DEBUG: Creating exchange message: *timing* for exchange *Queen*
05-11-2023 00:16:38.518586410 OTHER: Don't forget to design your code to be plugable, ie extra features can be added via a simple extendable interface
05-11-2023 00:16:38.518593045 INFO: Sending order type [update] to exchange [Rook]
05-11-2023 00:16:38.518598371 DEBUG: Recreating message with new code NEWC-513
05-11-2023 00:16:39.675733766 DEBUG: Sending keep alive to exchange *Rook*
05-11-2023 00:16:39.675756462 DEBUG: Received heartbeat from exchange *Knight*
05-11-2023 00:16:39.675762845 INFO: Checking for consistency of processing times between [Unicorn] and [Griffin]
05-11-2023 00:16:39.675769143 ERROR: Unable to contact server (Dragon), this keeps happening can someone from X team please fix this
05-11-2023 00:16:39.675774736 INFO: Sending order type [delete] to exchange [Queen]
05-11-2023 00:16:39.675778710 DEBUG: Finished loop
05-11-2023 00:16:39.675782505 ERROR: Unable to contact server (Unicorn), this keeps happening can someone from X team please fix this
05-11-2023 00:16:39.675786041 DEBUG: Received heartbeat from exchange *Bishop*
05-11-2023 00:16:39.968114113 INFO: Sleeping for 2823ms, because there is nothing to do
05-11-2023 00:16:39.968139640 INFO: Starting processing of order [additional_info]
05-11-2023 00:16:39.968146142 ERROR: Unable to contact server (Dragon), this keeps happening can someone from X team please fix this
05-11-2023 00:16:39.968153282 WARN: Delay of 066470us in receiving response from server {Phoenix}, halting order processing from exchange {Rook}
05-11-2023 00:16:39.968157765 ERROR: Receiving data a few usec slower now, microwave playing up again
05-11-2023 00:16:39.968161536 ERROR: Unable to contact server (Dragon), this keeps happening can someone from X team please fix this
05-11-2023 00:16:39.968166142 INFO: Aggregating tick from exchange [Queen] to [Phoenix]
05-11-2023 00:16:39.968170839 DEBUG: Received code: *ten* what should i do with this?
05-11-2023 00:16:39.968175937 ERROR: Unable to find order ORD-9384 sent to exchange (King)
05-11-2023 00:16:41.899489610 DEBUG: Finished loop
05-11-2023 00:16:41.899520087 DEBUG: Sending keep alive to exchange *Queen*
05-11-2023 00:16:41.899524991 DEBUG: Exiting unimportant code area
05-11-2023 00:16:42.902887886 DEBUG: Starting loop
05-11-2023 00:16:42.902912462 DEBUG: Exiting unimportant code area
05-11-2023 00:16:42.902919204 DEBUG: Continuing to process order *timing*
05-11-2023 00:16:42.902924226 DEBUG: Creating exchange message: *add* for exchange *Queen*
05-11-2023 00:16:42.902928663 OTHER: One must be deeply aware of the impermanence of the world.
05-11-2023 00:16:42.902935388 INFO: Sending order type [add] to exchange [Rook]
05-11-2023 00:16:42.902939735 DEBUG: Creating exchange message: *add* for exchange *King*
05-11-2023 00:16:43.237294318 DEBUG: Pinging server *Phoenix*
05-11-2023 00:16:43.237316839 DEBUG: Exiting unimportant code area
05-11-2023 00:16:43.237322965 INFO: Creating additional connection object for exchange [Bishop]
05-11-2023 00:16:43.237327451 DEBUG: Entering unimportant code area!!!
05-11-2023 00:16:43.237331832 DEBUG: Continuing to process order *timing*
05-11-2023 00:16:43.237336476 INFO: Sending order type [delete] to exchange [Queen]
05-11-2023 00:16:43.474654097 DEBUG: String processing of order *add*
05-11-2023 00:16:43.474717030 DEBUG: Received code: *three* what should i do with this?
05-11-2023 00:16:43.474723886 WARN: Unable to create order {delete} due to waiting batch response from exchange {Rook}
05-11-2023 00:16:43.474728465 DEBUG: Starting loop
05-11-2023 00:16:45.223037682 DEBUG: String processing of order *timing*
05-11-2023 00:16:45.223060544 DEBUG: Pinging server *Dragon*
05-11-2023 00:16:45.223065009 DEBUG: Finished loop
05-11-2023 00:16:45.223071040 INFO: Requesting resend of message from server [Dragon] with code [five]
05-11-2023 00:16:45.223076748 INFO: Writing raw data to file for order code [six] message id: ORD-460
05-11-2023 00:16:45.223081555 DEBUG: Recreating message with new code NEWC-95
05-11-2023 00:16:45.223085623 DEBUG: Recreating message with new code NEWC-50582
05-11-2023 00:16:45.223089007 DEBUG: Exiting unimportant code area
05-11-2023 00:16:46.419410524 DEBUG: Sending keep alive to exchange *Bishop*
05-11-2023 00:16:46.419433540 DEBUG: Finished loop
05-11-2023 00:16:46.419439967 INFO: Aggregating tick from exchange [Knight] to [Unicorn]
05-11-2023 00:16:46.419444763 INFO: Aggregating tick from exchange [Rook] to [Unicorn]
05-11-2023 00:16:46.419451212 ERROR: Unexpected field in message MSG-2317 from exchange (Knight), reverting previous processing
05-11-2023 00:16:46.419456702 INFO: Sleeping for 253594ms, because there is nothing to do
05-11-2023 00:16:46.419460335 INFO: Aggregating tick from exchange [Queen] to [Unicorn]
05-11-2023 00:16:46.419464296 INFO: Requesting resend of message from server [Griffin] with code [five]
05-11-2023 00:16:46.419468651 ERROR: Received Unknown error from exchange (King), message: This should never happen, now we are in trouble!!!
05-11-2023 00:16:46.419473081 INFO: Starting processing of order [update]
05-11-2023 00:16:47.563831544 OTHER: Let go, or be dragged - Zen Proverb
05-11-2023 00:16:47.563856067 OTHER: When you realize nothing is lacking, the whole world belongs to you. - Lao Tzu
05-11-2023 00:16:49.564056666 INFO: Received awake call from server [Griffin] with code [five]
05-11-2023 00:16:49.564078862 INFO: Received awake call from server [Griffin] with code [one]
05-11-2023 00:16:49.564085414 DEBUG: Recreating message with new code NEWC-081284
05-11-2023 00:16:50.900328071 ERROR: Receiving data a few usec slower now, microwave playing up again
05-11-2023 00:16:50.900345609 OTHER: The lower you are, the higher your mind will want to soar.
05-11-2023 00:16:50.900349643 DEBUG: Finished loop
05-11-2023 00:16:50.900353890 DEBUG: Sending keep alive to exchange *Knight*
05-11-2023 00:16:50.900357773 INFO: Aggregating tick from exchange [Bishop] to [Griffin]
05-11-2023 00:16:52.199621648 DEBUG: Exiting unimportant code area
05-11-2023 00:16:52.199638576 DEBUG: Received heartbeat from exchange *Queen*
05-11-2023 00:16:52.199644558 OTHER: When you realize nothing is lacking, the whole world belongs to you. - Lao Tzu
05-11-2023 00:16:52.199648840 INFO: Received awake call from server [Dragon] with code [five]
05-11-2023 00:16:52.199651761 DEBUG: Useless debug message, because dubug is full of these
05-11-2023 00:16:52.199654665 DEBUG: Creating exchange message: *additional_info* for exchange *Queen*
05-11-2023 00:16:53.60776936 INFO: Sending order type [timing] to exchange [Bishop]
05-11-2023 00:16:53.60802269 DEBUG: Recreating message with new code NEWC-811174
05-11-2023 00:16:53.60809298 ERROR: Receiving data a few usec slower now, microwave playing up again
05-11-2023 00:16:53.60814642 DEBUG: Entering unimportant code area!!!
05-11-2023 00:16:53.60819623 DEBUG: Sending keep alive to exchange *Rook*
05-11-2023 00:16:53.60823245 DEBUG: Sending keep alive to exchange *Knight*
05-11-2023 00:16:53.60829433 ERROR: Unexpected field in message MSG-5028 from exchange (Queen), reverting previous processing
05-11-2023 00:16:53.60833508 DEBUG: Sending keep alive to exchange *Rook*
05-11-2023 00:16:53.60837759 DEBUG: Received ping from server *Phoenix*
05-11-2023 00:16:54.237035937 DEBUG: Received heartbeat from exchange *Bishop*
05-11-2023 00:16:54.237049053 INFO: Checking for consistency of processing times between [Dragon] and [Phoenix]
05-11-2023 00:16:54.237051295 DEBUG: Exiting unimportant code area
05-11-2023 00:16:54.237107612 DEBUG: Recreating message with new code NEWC-41027
05-11-2023 00:16:54.237109960 DEBUG: Entering unimportant code area!!!
05-11-2023 00:16:54.237111591 DEBUG: Received code: *nine* what should i do with this?
05-11-2023 00:16:54.237112982 DEBUG: Received code: *two* what should i do with this?
05-11-2023 00:16:54.237114919 OTHER: Irrationality is the square root of all evil - Douglas Hofstadter
05-11-2023 00:16:54.237117099 INFO: Creating additional connection object for exchange [Queen]
05-11-2023 00:16:54.237119084 DEBUG: Creating exchange message: *timing* for exchange *Queen*
05-11-2023 00:16:54.420261264 INFO: Unable to commmunicate with transport from [Phoenix] for code [six]
05-11-2023 00:16:54.420273665 DEBUG: Continuing to process order *update*
05-11-2023 00:16:54.420275479 DEBUG: Continuing to process order *timing*
05-11-2023 00:16:54.420276890 DEBUG: Finished loop
05-11-2023 00:16:54.420278225 DEBUG: Continuing to process order *timing*
05-11-2023 00:16:55.155466833 INFO: Aggregating tick from exchange [Bishop] to [Dragon]
05-11-2023 00:16:55.155492500 ERROR: Unable to find order ORD-01938 sent to exchange (Queen)
05-11-2023 00:16:55.155498799 INFO: Unable to commmunicate with transport from [Phoenix] for code [six]
05-11-2023 00:16:55.155504505 INFO: Sending order type [timing] to exchange [Rook]
05-11-2023 00:16:56.263698608 OTHER: Have unit tests in your code on github listed on CV's it shows better software engineering
05-11-2023 00:16:56.263726281 DEBUG: Finished loop
05-11-2023 00:16:56.263733251 DEBUG: Continuing to process order *additional_info*
05-11-2023 00:16:56.263737948 DEBUG: Exiting unimportant code area
05-11-2023 00:16:56.263744405 INFO: Requesting resend of message from server [Unicorn] with code [two]
05-11-2023 00:16:57.502843841 INFO: Requesting resend of message from server [Unicorn] with code [six]
05-11-2023 00:16:57.502871992 DEBUG: Received code: *one* what should i do with this?
05-11-2023 00:16:57.502884039 DEBUG: Sending keep alive to exchange *Rook*
05-11-2023 00:16:58.605987867 INFO: Received reponse from exchange [King] for [additional_info] with id [RSP-521105]
05-11-2023 00:16:58.606010737 ERROR: Unexpected field in message MSG-55964 from exchange (Rook), reverting previous processing
05-11-2023 00:16:58.606018238 INFO: Starting batch mode for exchange [Knight]
05-11-2023 00:16:58.606024288 DEBUG: Entering unimportant code area!!!
05-11-2023 00:16:58.606030988 OTHER: Following good software engineering, ie have some unit tests, it'll save you so much time in the long run
05-11-2023 00:16:58.606036047 DEBUG: Exiting unimportant code area
05-11-2023 00:16:58.606040216 DEBUG: Entering unimportant code area!!!
05-11-2023 00:16:58.606045753 INFO: Unable to commmunicate with transport from [Dragon] for code [six]
05-11-2023 00:16:58.606049920 DEBUG: Entering unimportant code area!!!
05-11-2023 00:16:59.214421640 ERROR: Unable to contact server (Phoenix), this keeps happening can someone from X team please fix this
05-11-2023 00:16:59.214444570 ERROR: Receiving data a few usec slower now, microwave playing up again
05-11-2023 00:16:59.214450631 OTHER: When your own life is threatened, your sense of empathy is blunted by a terrible, selfish hunger for survival
05-11-2023 00:16:59.214457298 INFO: Sending order type [timing] to exchange [King]
05-11-2023 00:16:59.214462600 INFO: Checking for consistency of processing times between [Unicorn] and [Phoenix]
05-11-2023 00:16:59.214466481 INFO: Sending order type [update] to exchange [Bishop]
05-11-2023 00:16:59.214470896 DEBUG: Exiting unimportant code area
05-11-2023 00:16:59.214476249 ERROR: Unable to find order ORD-4622 sent to exchange (Bishop)
05-11-2023 00:17:00.92672072 DEBUG: String processing of order *additional_info*
05-11-2023 00:17:00.92698347 DEBUG: Finished loop
05-11-2023 00:17:00.92706207 WARN: {Griffin} slow consumer, no response for 94895us, throttling message to server
05-11-2023 00:17:00.92712877 DEBUG: Creating exchange message: *update* for exchange *King*
05-11-2023 00:17:01.147827746 INFO: Aggregating tick from exchange [Queen] to [Griffin]
05-11-2023 00:17:01.147878032 DEBUG: Continuing to process order *update*
05-11-2023 00:17:01.147890000 INFO: Writing raw data to file for order code [eight] message id: ORD-4930
05-11-2023 00:17:01.147899403 OTHER: The lower you are, the higher your mind will want to soar.
05-11-2023 00:17:01.147909815 INFO: Received reponse from exchange [Rook] for [update] with id [RSP-3819]
05-11-2023 00:17:02.856059373 DEBUG: String processing of order *delete*
05-11-2023 00:17:02.856091130 OTHER: Have unit tests in your code on github listed on CV's it shows better software engineering
05-11-2023 00:17:02.856103105 INFO: Checking for consistency of processing times between [Phoenix] and [Phoenix]
05-11-2023 00:17:02.856111936 INFO: Starting processing of order [update]
05-11-2023 00:17:02.856120087 OTHER: It is all a matter of time scale. An event that would be unthinkable in a hundred years may be inevitable in a hundred million years - Carl Sagan
05-11-2023 00:17:02.856129242 ERROR: Un-requested message from exchange (Rook): ooops this was not suppoed to happen, what are we supposed to do now!!!
05-11-2023 00:17:02.856137400 DEBUG: Received code: *two* what should i do with this?
05-11-2023 00:17:02.856145264 DEBUG: String processing of order *update*
05-11-2023 00:17:03.944338258 ERROR: Receiving data a few usec slower now, microwave playing up again
05-11-2023 00:17:03.944361957 DEBUG: Exiting unimportant code area
05-11-2023 00:17:03.944369090 CRIT: Uncaught excpetion : <Queen> - No one is supposed to see this, but oh dear we matched the wrong orders!!!
05-11-2023 00:17:05.696519185 WARN: Unknown order {update} from exchange {Rook}, notifying server {Unicorn}
05-11-2023 00:17:05.696545876 OTHER: If there is mention of any performance on your CV make sure you can back it up ie benchmarks
05-11-2023 00:17:05.696553362 DEBUG: Received heartbeat from exchange *King*
05-11-2023 00:17:05.946701871 INFO: Starting processing of order [add]
05-11-2023 00:17:05.946728410 ERROR: Unable to contact server (Unicorn), this keeps happening can someone from X team please fix this
05-11-2023 00:17:05.946736458 WARN: Unable to create order {additional_info} due to waiting batch response from exchange {Bishop}
05-11-2023 00:17:05.946742543 DEBUG: Entering unimportant code area!!!
05-11-2023 00:17:06.417904360 DEBUG: Useless debug message, because dubug is full of these
05-11-2023 00:17:06.417933021 DEBUG: Pinging server *Phoenix*
05-11-2023 00:17:06.417937911 DEBUG: Entering unimportant code area!!!
05-11-2023 00:17:07.669103313 INFO: Unable to commmunicate with transport from [Unicorn] for code [five]
05-11-2023 00:17:07.669129499 DEBUG: Exiting unimportant code area
05-11-2023 00:17:07.669135454 DEBUG: Received ping from server *Phoenix*
05-11-2023 00:17:07.669143019 ERROR: Unexpected field in message MSG-644288 from exchange (Queen), reverting previous processing
05-11-2023 00:17:08.877315555 INFO: Received awake call from server [Dragon] with code [two]
05-11-2023 00:17:08.877341413 DEBUG: Received code: *nine* what should i do with this?
05-11-2023 00:17:08.877347137 DEBUG: Received code: *three* what should i do with this?
05-11-2023 00:17:08.877353467 ERROR: Un-requested message from exchange (King): ooops this was not suppoed to happen, what are we supposed to do now!!!
05-11-2023 00:17:08.877359423 INFO: Checking for consistency of processing times between [Unicorn] and [Unicorn]
05-11-2023 00:17:09.436473670 INFO: Starting processing of order [additional_info]
05-11-2023 00:17:09.436484375 DEBUG: Received code: *four* what should i do with this?
05-11-2023 00:17:09.436486901 INFO: Checking for consistency of processing times between [Phoenix] and [Phoenix]
05-11-2023 00:17:09.436488908 OTHER: One must be deeply aware of the impermanence of the world.
05-11-2023 00:17:09.436491359 ERROR: Received Unknown error from exchange (Knight), message: This should never happen, now we are in trouble!!!
05-11-2023 00:17:09.436492898 DEBUG: Received code: *four* what should i do with this?
05-11-2023 00:17:09.436538684 DEBUG: Sending keep alive to exchange *Bishop*
05-11-2023 00:17:09.436540818 ERROR: Unable to contact server (Unicorn), this keeps happening can someone from X team please fix this
05-11-2023 00:17:09.436543131 INFO: Received awake call from server [Griffin] with code [eight]
05-11-2023 00:17:09.436544716 DEBUG: Starting loop
05-11-2023 00:17:10.580896374 ERROR: Received Unknown error from exchange (Knight), message: This should never happen, now we are in trouble!!!
05-11-2023 00:17:10.580924128 INFO: Unable to commmunicate with transport from [Dragon] for code [ten]
05-11-2023 00:17:11.772084626 ERROR: Receiving data a few usec slower now, microwave playing up again
05-11-2023 00:17:11.772114018 DEBUG: Continuing to process order *add*
05-11-2023 00:17:11.772120932 OTHER: When your own life is threatened, your sense of empathy is blunted by a terrible, selfish hunger for survival
05-11-2023 00:17:11.772128283 INFO: Received awake call from server [Unicorn] with code [six]
05-11-2023 00:17:11.772133855 DEBUG: Received heartbeat from exchange *Rook*
05-11-2023 00:17:11.772138141 DEBUG: Finished loop
05-11-2023 00:17:11.772144717 ERROR: Unexpected field in message MSG-1097 from exchange (King), reverting previous processing
05-11-2023 00:17:13.529249657 INFO: Starting batch mode for exchange [Knight]
05-11-2023 00:17:13.529284076 DEBUG: Starting loop
05-11-2023 00:17:13.529288102 DEBUG: Continuing to process order *update*
05-11-2023 00:17:13.529293590 ERROR: Unable to contact server (Griffin), this keeps happening can someone from X team please fix this
05-11-2023 00:17:13.529296885 DEBUG: Received ping from server *Phoenix*
05-11-2023 00:17:13.529298941 DEBUG: Finished loop
05-11-2023 00:17:14.286371370 WARN: Reconnection request received from {Unicorn}, sleeping 5665ms before reconnecting
05-11-2023 00:17:14.286381677 DEBUG: Entering unimportant code area!!!
05-11-2023 00:17:14.286384302 DEBUG: String processing of order *additional_info*
05-11-2023 00:17:14.286385950 WARN: Reconnection request received from {Phoenix}, sleeping 933ms before reconnecting
05-11-2023 00:17:14.286388142 ERROR: Unable to contact server (Phoenix), this keeps happening can someone from X team please fix this
05-11-2023 00:17:14.286389587 DEBUG: Entering unimportant code area!!!
05-11-2023 00:17:14.286390947 DEBUG: Useless debug message, because dubug is full of these
05-11-2023 00:17:14.286392908 INFO: Starting processing of order [additional_info]
05-11-2023 00:17:14.286394390 DEBUG: Exiting unimportant code area
05-11-2023 00:17:16.101568201 DEBUG: Creating exchange message: *add* for exchange *Bishop*
05-11-2023 00:17:16.101594821 WARN: Unknown order {update} from exchange {Knight}, notifying server {Griffin}
05-11-2023 00:17:17.668902004 OTHER: Mathematics seems to endow one with something like a new sense - Darwin, Charles
05-11-2023 00:17:17.668931152 INFO: Starting processing of order [add]
05-11-2023 00:17:17.668937889 INFO: Creating additional connection object for exchange [Knight]
05-11-2023 00:17:18.972062121 ERROR: Unexpected field in message MSG-446 from exchange (Bishop), reverting previous processing
05-11-2023 00:17:18.972093538 DEBUG: Sending keep alive to exchange *Rook*
05-11-2023 00:17:18.972103174 DEBUG: Entering unimportant code area!!!
05-11-2023 00:17:18.972111357 DEBUG: Starting loop
05-11-2023 00:17:18.972118785 DEBUG: Starting loop
05-11-2023 00:17:19.760463204 INFO: Received awake call from server [Unicorn] with code [five]
05-11-2023 00:17:19.760490066 INFO: Received awake call from server [Griffin] with code [two]
05-11-2023 00:17:19.760494643 INFO: Received awake call from server [Phoenix] with code [one]
05-11-2023 00:17:19.760499929 INFO: Sleeping for 1284ms, because there is nothing to do
05-11-2023 00:17:19.760507581 WARN: Delay of 756us in receiving response from server {Phoenix}, halting order processing from exchange {King}
05-11-2023 00:17:21.421673379 INFO: Received awake call from server [Griffin] with code [five]
05-11-2023 00:17:21.421697666 ERROR: Received Unknown error from exchange (King), message: This should never happen, now we are in trouble!!!
05-11-2023 00:17:21.421705099 WARN: Unknown order {delete} from exchange {Bishop}, notifying server {Dragon}
05-11-2023 00:17:21.421709860 INFO: Unable to commmunicate with transport from [Griffin] for code [six]
05-11-2023 00:17:21.421713888 ERROR: Un-requested message from exchange (Knight): ooops this was not suppoed to happen, what are we supposed to do now!!!
05-11-2023 00:17:21.421718805 DEBUG: Starting loop
05-11-2023 00:17:23.21970164 INFO: Starting processing of order [delete]
05-11-2023 00:17:23.21994079 OTHER: Nature hides her secrets because of her essential loftiness, but not by means of ruse - Einstein, Albert
05-11-2023 00:17:23.22000388 INFO: Creating additional connection object for exchange [King]
05-11-2023 00:17:23.22006620 DEBUG: Continuing to process order *delete*
05-11-2023 00:17:23.22012120 INFO: Sending order type [add] to exchange [King]
05-11-2023 00:17:23.22016620 DEBUG: Useless debug message, because dubug is full of these
05-11-2023 00:17:23.207265572 ERROR: No message from exchange (Bishop) for over 48233us, sending heartbeat and reconnection request
05-11-2023 00:17:23.207290374 INFO: Sending order type [update] to exchange [Rook]
05-11-2023 00:17:23.207295892 INFO: Requesting resend of message from server [Phoenix] with code [one]
05-11-2023 00:17:23.207300661 INFO: Writing raw data to file for order code [four] message id: ORD-786783
05-11-2023 00:17:24.617452677 DEBUG: Starting loop
05-11-2023 00:17:24.617476604 OTHER: I had no idea a living being could sustain so much injury and go on living
05-11-2023 00:17:24.617485843 INFO: Writing raw data to file for order code [nine] message id: ORD-16527
05-11-2023 00:17:24.617491974 INFO: Checking for consistency of processing times between [Phoenix] and [Dragon]
05-11-2023 00:17:24.617497014 DEBUG: Pinging server *Unicorn*
05-11-2023 00:17:24.617502306 INFO: Sending order type [timing] to exchange [King]
05-11-2023 00:17:26.338775208 INFO: Checking for consistency of processing times between [Dragon] and [Griffin]
05-11-2023 00:17:26.338802841 WARN: Unknown order {timing} from exchange {King}, notifying server {Unicorn}
05-11-2023 00:17:26.338809777 DEBUG: Entering unimportant code area!!!
05-11-2023 00:17:26.338814486 DEBUG: Entering unimportant code area!!!
05-11-2023 00:17:27.148028886 DEBUG: Recreating message with new code NEWC-120
05-11-2023 00:17:27.148054221 DEBUG: Continuing to process order *timing*
05-11-2023 00:17:27.148060525 INFO: Writing raw data to file for order code [five] message id: ORD-1909
05-11-2023 00:17:27.148065250 DEBUG: Continuing to process order *update*
05-11-2023 00:17:27.148069892 OTHER: When you realize nothing is lacking, the whole world belongs to you. - Lao Tzu
05-11-2023 00:17:27.148075229 DEBUG: Creating exchange message: *timing* for exchange *Knight*
05-11-2023 00:17:27.148078927 DEBUG: Useless debug message, because dubug is full of these
05-11-2023 00:17:27.148083210 INFO: Unable to commmunicate with transport from [Dragon] for code [eight]
05-11-2023 00:17:27.148088392 INFO: Sending order type [timing] to exchange [Queen]
05-11-2023 00:17:27.148092414 OTHER: Know evcerything thats is on the CV, looks bad if you cannot answer questions about things on your own CV
05-11-2023 00:17:27.962465441 DEBUG: Exiting unimportant code area
05-11-2023 00:17:28.381678687 INFO: Received awake call from server [Unicorn] with code [five]
05-11-2023 00:17:28.381705019 ERROR: Receiving data a few usec slower now, microwave playing up again
05-11-2023 00:17:28.381712527 OTHER: The good, of course, is always beautiful, and the beautiful never lacks proportion - Plato
05-11-2023 00:17:28.381717544 OTHER: Don't forget to design your code to be plugable, ie extra features can be added via a simple extendable interface
05-11-2023 00:17:28.381722794 DEBUG: Finished loop
05-11-2023 00:17:28.381728506 INFO: Creating additional connection object for exchange [King]
05-11-2023 00:17:28.381733837 DEBUG: Sending keep alive to exchange *Queen*
05-11-2023 00:17:28.381738438 INFO: Unable to commmunicate with transport from [Griffin] for code [nine]
05-11-2023 00:17:28.381879190 WARN: Unknown order {timing} from exchange {King}, notifying server {Dragon}
05-11-2023 00:17:29.578260002 DEBUG: Exiting unimportant code area
05-11-2023 00:17:29.578283573 DEBUG: Finished loop
05-11-2023 00:17:29.578290390 INFO: Creating additional connection object for exchange [Queen]
05-11-2023 00:17:29.578295519 DEBUG: Sending keep alive to exchange *Bishop*
05-11-2023 00:17:29.578301212 ERROR: Un-requested message from exchange (Bishop): ooops this was not suppoed to happen, what are we supposed to do now!!!
05-11-2023 00:17:29.578306249 INFO: Unable to commmunicate with transport from [Unicorn] for code [seven]
05-11-2023 00:17:29.578310352 DEBUG: Received ping from server *Unicorn*
05-11-2023 00:17:29.578313878 DEBUG: Useless debug message, because dubug is full of these
05-11-2023 00:17:29.578317401 ERROR: Un-requested message from exchange (Bishop): ooops this was not suppoed to happen, what are we supposed to do now!!!
05-11-2023 00:17:29.578321411 DEBUG: Received code: *three* what should i do with this?
05-11-2023 00:17:31.127681303 DEBUG: Creating exchange message: *update* for exchange *Bishop*
05-11-2023 00:17:31.127703509 DEBUG: Received code: *seven* what should i do with this?
05-11-2023 00:17:31.127709271 OTHER: One must be deeply aware of the impermanence of the world.
05-11-2023 00:17:31.127715995 INFO: Unable to commmunicate with transport from [Unicorn] for code [six]
05-11-2023 00:17:31.213068742 DEBUG: String processing of order *delete*
05-11-2023 00:17:31.213093190 INFO: Checking for consistency of processing times between [Phoenix] and [Unicorn]
05-11-2023 00:17:33.38447524 DEBUG: Continuing to process order *timing*
05-11-2023 00:17:33.38469537 DEBUG: Starting loop
05-11-2023 00:17:33.38474134 DEBUG: Useless debug message, because dubug is full of these
05-11-2023 00:17:33.38479239 DEBUG: Creating exchange message: *additional_info* for exchange *Knight*
05-11-2023 00:17:33.38482577 DEBUG: Useless debug message, because dubug is full of these
05-11-2023 00:17:33.38486537 DEBUG: Sending keep alive to exchange *Rook*
05-11-2023 00:17:34.442788720 DEBUG: Continuing to process order *add*
05-11-2023 00:17:34.442814005 DEBUG: Sending keep alive to exchange *King*
05-11-2023 00:17:34.442818509 DEBUG: Starting loop
05-11-2023 00:17:34.442822217 DEBUG: Entering unimportant code area!!!
05-11-2023 00:17:34.784017531 INFO: Checking for consistency of processing times between [Griffin] and [Dragon]
05-11-2023 00:17:34.784040521 INFO: Requesting resend of message from server [Griffin] with code [two]
05-11-2023 00:17:34.784046485 DEBUG: Pinging server *Phoenix*
05-11-2023 00:17:34.784050999 DEBUG: Received ping from server *Griffin*
05-11-2023 00:17:34.784054489 DEBUG: Received ping from server *Unicorn*
05-11-2023 00:17:34.784059017 INFO: Writing raw data to file for order code [eight] message id: ORD-14
05-11-2023 00:17:36.750163200 DEBUG: Exiting unimportant code area
05-11-2023 00:17:36.750174457 DEBUG: Creating exchange message: *additional_info* for exchange *Bishop*
05-11-2023 00:17:36.750176869 ERROR: Received Unknown error from exchange (Bishop), message: This should never happen, now we are in trouble!!!
05-11-2023 00:17:36.750179164 INFO: Writing raw data to file for order code [six] message id: ORD-56485
05-11-2023 00:17:36.750180713 DEBUG: Creating exchange message: *delete* for exchange *Knight*
05-11-2023 00:17:37.806253788 INFO: Sending order type [add] to exchange [Bishop]
05-11-2023 00:17:37.806265673 DEBUG: Received code: *one* what should i do with this?
05-11-2023 00:17:37.806270497 WARN: Feed group for exchange {Queen} missing starting group GP-6692, exchange response: Did not know we were supposed to do this, better get this implementated ASAP!!!
05-11-2023 00:17:37.806273746 DEBUG: Finished loop
05-11-2023 00:17:37.806276969 DEBUG: Entering unimportant code area!!!
05-11-2023 00:17:37.806280684 INFO: Writing raw data to file for order code [three] message id: ORD-3460
05-11-2023 00:17:37.806284897 ERROR: Unexpected field in message MSG-3486 from exchange (King), reverting previous processing
05-11-2023 00:17:37.806288002 DEBUG: Finished loop
05-11-2023 00:17:39.537399538 INFO: Unable to commmunicate with transport from [Griffin] for code [six]
05-11-2023 00:17:39.537430024 OTHER: If you give a github repo in your CV make sure to have someone review the code, recruiters will look at the code
05-11-2023 00:17:39.537439843 DEBUG: Exiting unimportant code area
05-11-2023 00:17:39.537448496 OTHER: I had no idea a living being could sustain so much injury and go on living
05-11-2023 00:17:39.552550897 ERROR: Unexpected field in message MSG-104543 from exchange (Bishop), reverting previous processing
05-11-2023 00:17:39.552577771 INFO: Received awake call from server [Griffin] with code [eight]
05-11-2023 00:17:39.552589457 INFO: Creating additional connection object for exchange [Queen]
05-11-2023 00:17:39.552600265 INFO: Starting batch mode for exchange [Queen]
05-11-2023 00:17:39.552611790 DEBUG: Received ping from server *Dragon*
05-11-2023 00:17:39.552622704 DEBUG: Continuing to process order *add*
05-11-2023 00:17:39.552634630 INFO: Received reponse from exchange [Bishop] for [additional_info] with id [RSP-2664]
05-11-2023 00:17:39.552645110 INFO: Unable to commmunicate with transport from [Phoenix] for code [eight]
05-11-2023 00:17:39.552655007 ERROR: Receiving data a few usec slower now, microwave playing up again
05-11-2023 00:17:41.20979686 DEBUG: Useless debug message, because dubug is full of these
05-11-2023 00:17:41.21008355 ERROR: Unable to contact server (Phoenix), this keeps happening can someone from X team please fix this
05-11-2023 00:17:41.21014749 DEBUG: Received heartbeat from exchange *Knight*
05-11-2023 00:17:41.21020602 DEBUG: Creating exchange message: *update* for exchange *Queen*
05-11-2023 00:17:41.21024610 DEBUG: Creating exchange message: *timing* for exchange *Queen*
05-11-2023 00:17:41.21028703 DEBUG: Sending keep alive to exchange *Bishop*
05-11-2023 00:17:41.21035088 WARN: Unknown order {delete} from exchange {King}, notifying server {Dragon}
05-11-2023 00:17:41.21039600 DEBUG: Entering unimportant code area!!!
05-11-2023 00:17:41.868278811 ERROR: Un-requested message from exchange (Rook): ooops this was not suppoed to happen, what are we supposed to do now!!!
05-11-2023 00:17:41.868306171 INFO: Unable to commmunicate with transport from [Phoenix] for code [six]
05-11-2023 00:17:41.868313997 DEBUG: Continuing to process order *update*
05-11-2023 00:17:42.926485669 DEBUG: Finished loop
05-11-2023 00:17:42.926515916 WARN: Reconnection request received from {Phoenix}, sleeping 82ms before reconnecting
05-11-2023 00:17:42.926522420 DEBUG: Pinging server *Griffin*
05-11-2023 00:17:42.926526950 DEBUG: Starting loop
05-11-2023 00:17:42.926532820 DEBUG: Recreating message with new code NEWC-133936
05-11-2023 00:17:42.926538441 DEBUG: Creating exchange message: *additional_info* for exchange *Knight*
05-11-2023 00:17:42.926544457 INFO: Sleeping for 07ms, because there is nothing to do
05-11-2023 00:17:42.926548997 DEBUG: Pinging server *Dragon*
05-11-2023 00:17:44.896881595 INFO: Requesting resend of message from server [Unicorn] with code [nine]
05-11-2023 00:17:44.896908390 INFO: Sending order type [add] to exchange [Knight]
05-11-2023 00:17:44.896914161 INFO: Sending order type [additional_info] to exchange [Queen]
05-11-2023 00:17:44.896921740 ERROR: Unexpected field in message MSG-260249 from exchange (Rook), reverting previous processing
05-11-2023 00:17:45.908089343 INFO: Sending order type [additional_info] to exchange [Knight]
05-11-2023 00:17:46.368164960 DEBUG: Exiting unimportant code area
05-11-2023 00:17:46.368175672 INFO: Creating additional connection object for exchange [Bishop]
05-11-2023 00:17:46.368177384 DEBUG: Exiting unimportant code area
05-11-2023 00:17:46.368179028 INFO: Aggregating tick from exchange [Knight] to [Phoenix]
05-11-2023 00:17:46.368182586 OTHER: If there is mention of any performance on your CV make sure you can back it up ie benchmarks
05-11-2023 00:17:46.368295964 OTHER: When you realize nothing is lacking, the whole world belongs to you. - Lao Tzu
05-11-2023 00:17:46.368301470 DEBUG: Creating exchange message: *add* for exchange *Queen*
05-11-2023 00:17:46.577545451 DEBUG: Pinging server *Phoenix*
05-11-2023 00:17:46.577559958 INFO: Writing raw data to file for order code [five] message id: ORD-14127
05-11-2023 00:17:46.577562922 DEBUG: Starting loop
05-11-2023 00:17:46.577565576 DEBUG: Received code: *three* what should i do with this?
05-11-2023 00:17:46.577568383 OTHER: One must be deeply aware of the impermanence of the world.
05-11-2023 00:17:46.577571691 WARN: Received out of order message from exchange {Knight}
05-11-2023 00:17:46.577574329 DEBUG: Continuing to process order *timing*
05-11-2023 00:17:47.971645150 DEBUG: Entering unimportant code area!!!
05-11-2023 00:17:47.971655695 DEBUG: Recreating message with new code NEWC-37245
05-11-2023 00:17:47.971658213 INFO: Received awake call from server [Unicorn] with code [three]
05-11-2023 00:17:49.888852556 ERROR: No message from exchange (Knight) for over 87us, sending heartbeat and reconnection request
05-11-2023 00:17:49.888879032 INFO: Aggregating tick from exchange [Queen] to [Unicorn]
05-11-2023 00:17:49.888886077 DEBUG: Starting loop
05-11-2023 00:17:49.888891322 DEBUG: Pinging server *Unicorn*
05-11-2023 00:17:49.888896357 DEBUG: Received heartbeat from exchange *Bishop*
05-11-2023 00:17:49.888900691 INFO: Aggregating tick from exchange [Queen] to [Dragon]
05-11-2023 00:17:49.888906225 OTHER: Know evcerything thats is on the CV, looks bad if you cannot answer questions about things on your own CV
05-11-2023 00:17:50.561235616 DEBUG: Entering unimportant code area!!!
05-11-2023 00:17:50.561261584 DEBUG: Entering unimportant code area!!!
05-11-2023 00:17:50.561267533 DEBUG: Received ping from server *Phoenix*
05-11-2023 00:17:50.561272241 DEBUG: Received heartbeat from exchange *King*
05-11-2023 00:17:50.561277782 OTHER: If you give a github repo in your CV make sure to have someone review the code, recruiters will look at the code
05-11-2023 00:17:50.561282830 OTHER: The most beautiful thing we can experience is the mysterious. It is the source of all true art and science - Einstein, Albert
05-11-2023 00:17:50.561286997 OTHER: All true artists, whether they know it or not, create from a place of no-mind, from inner stillness. – Eckhart Tolle
05-11-2023 00:17:50.561293553 WARN: Delay of 00us in receiving response from server {Unicorn}, halting order processing from exchange {King}
05-11-2023 00:17:50.561300748 INFO: Writing raw data to file for order code [five] message id: ORD-660631
05-11-2023 00:17:50.964498700 DEBUG: Pinging server *Phoenix*
05-11-2023 00:17:50.964511339 INFO: Sleeping for 55881ms, because there is nothing to do
05-11-2023 00:17:50.964513972 OTHER: The lower you are, the higher your mind will want to soar.
05-11-2023 00:17:52.665643627 OTHER: Nature hides her secrets because of her essential loftiness, but not by means of ruse - Einstein, Albert
05-11-2023 00:17:52.665679819 INFO: Checking for consistency of processing times between [Griffin] and [Phoenix]
05-11-2023 00:17:52.665689544 DEBUG: Finished loop
05-11-2023 00:17:52.665697704 INFO: Creating additional connection object for exchange [Queen]
05-11-2023 00:17:52.665704096 DEBUG: Starting loop
05-11-2023 00:17:52.665711482 INFO: Writing raw data to file for order code [seven] message id: ORD-7488
05-11-2023 00:17:52.665718440 OTHER: The good, of course, is always beautiful, and the beautiful never lacks proportion - Plato
05-11-2023 00:17:54.110839995 INFO: Creating additional connection object for exchange [Rook]
05-11-2023 00:17:54.110870115 DEBUG: Finished loop
05-11-2023 00:17:55.799025418 DEBUG: Finished loop
05-11-2023 00:17:55.799053647 DEBUG: Received code: *six* what should i do with this?
05-11-2023 00:17:55.799061612 OTHER: If you give a github repo in your CV make sure to have someone review the code, recruiters will look at the code
05-11-2023 00:17:55.799066681 OTHER: Have unit tests in your code on github listed on CV's it shows better software engineering
05-11-2023 00:17:55.799070588 DEBUG: Finished loop
05-11-2023 00:17:55.799075600 DEBUG: Received ping from server *Unicorn*
05-11-2023 00:17:55.799080098 DEBUG: Received heartbeat from exchange *Queen*
05-11-2023 00:17:55.799083819 OTHER: Know evcerything thats is on the CV, looks bad if you cannot answer questions about things on your own CV
05-11-2023 00:17:55.799087355 DEBUG: Finished loop
05-11-2023 00:17:56.159276293 INFO: Starting batch mode for exchange [King]
05-11-2023 00:17:56.159303737 INFO: Unable to commmunicate with transport from [Phoenix] for code [ten]
05-11-2023 00:17:56.159310928 DEBUG: Sending keep alive to exchange *Queen*
05-11-2023 00:17:56.159316407 INFO: Requesting resend of message from server [Unicorn] with code [four]
05-11-2023 00:17:56.159321008 INFO: Received awake call from server [Griffin] with code [six]
05-11-2023 00:17:56.159325154 INFO: Creating additional connection object for exchange [Rook]
05-11-2023 00:17:56.159329632 DEBUG: Received code: *two* what should i do with this?
05-11-2023 00:17:58.139529922 INFO: Aggregating tick from exchange [Bishop] to [Griffin]
05-11-2023 00:17:58.139556368 DEBUG: Pinging server *Dragon*
05-11-2023 00:17:58.139561847 DEBUG: Useless debug message, because dubug is full of these
05-11-2023 00:17:58.139569205 WARN: Feed group for exchange {Bishop} missing starting group GP-1520, exchange response: Did not know we were supposed to do this, better get this implementated ASAP!!!
05-11-2023 00:17:58.139574990 DEBUG: Continuing to process order *delete*
05-11-2023 00:17:58.139579590 WARN: Feed group for exchange {Bishop} missing starting group GP-92096, exchange response: Did not know we were supposed to do this, better get this implementated ASAP!!!
05-11-2023 00:17:58.139583512 DEBUG: Starting loop
05-11-2023 00:17:58.139587720 DEBUG: Received code: *two* what should i do with this?
05-11-2023 00:17:58.629656479 OTHER: The lower you are, the higher your mind will want to soar.
05-11-2023 00:17:59.12789304 ERROR: Unable to contact server (Griffin), this keeps happening can someone from X team please fix this
05-11-2023 00:17:59.12808948 INFO: Aggregating tick from exchange [King] to [Unicorn]
05-11-2023 00:17:59.12812760 ERROR: Receiving data a few usec slower now, microwave playing up again
05-11-2023 00:17:59.673910492 DEBUG: Received heartbeat from exchange *Rook*
05-11-2023 00:17:59.673937559 ERROR: No message from exchange (Queen) for over 2829us, sending heartbeat and reconnection request
05-11-2023 00:17:59.673947761 DEBUG: Received ping from server *Phoenix*
05-11-2023 00:17:59.673957910 OTHER: When you realize nothing is lacking, the whole world belongs to you. - Lao Tzu
05-11-2023 00:17:59.673967882 DEBUG: String processing of order *additional_info*
05-11-2023 00:17:59.673977781 DEBUG: Creating exchange message: *delete* for exchange *Knight*
05-11-2023 00:18:01.447171379 DEBUG: Received ping from server *Phoenix*
05-11-2023 00:18:01.447197312 WARN: Received out of order message from exchange {Queen}
05-11-2023 00:18:01.447205155 INFO: Aggregating tick from exchange [King] to [Griffin]
05-11-2023 00:18:01.447212943 ERROR: No message from exchange (Rook) for over 2540us, sending heartbeat and reconnection request
05-11-2023 00:18:01.447219078 INFO: Sending order type [delete] to exchange [Queen]
05-11-2023 00:18:01.447224197 DEBUG: Continuing to process order *add*
05-11-2023 00:18:01.447229089 CRIT: Over clocked servers gone all silly again !!! blame it on the sun spots!!!
05-11-2023 00:18:01.447233947 INFO: Starting batch mode for exchange [Queen]
05-11-2023 00:18:01.447237878 DEBUG: Finished loop
05-11-2023 00:18:01.447241722 DEBUG: Starting loop
05-11-2023 00:18:02.828370164 ERROR: Unable to find order ORD-9171 sent to exchange (Bishop)
05-11-2023 00:18:02.828395622 DEBUG: Pinging server *Phoenix*
05-11-2023 00:18:02.828402550 OTHER: Mathematics seems to endow one with something like a new sense - Darwin, Charles
05-11-2023 00:18:02.828407671 DEBUG: Useless debug message, because dubug is full of these
05-11-2023 00:18:03.891690608 INFO: 
Exchange order message timing output
  Exchange            Order recv nu  X (us)
      King           timing    8000     192
      King           update   17068     775
      King           delete   14393     287
      King              add    8564     740
      King  additional_info   16152    1355
     Queen           timing   12602     464
     Queen           update   17972     520
     Queen           delete    8641     412
     Queen              add   16054     403
     Queen  additional_info   12601     746
    Bishop           timing   13010     581
    Bishop           update   15068    1059
    Bishop           delete   18154     411
    Bishop              add    9103     727
    Bishop  additional_info   12992    1191
      Rook           timing   18924     634
      Rook           update   11149     528
      Rook           delete   16833     331
      Rook              add   15592     778
      Rook  additional_info   19893     956
    Knight           timing   10964     788
    Knight           update   16672     952
    Knight           delete   15818     229
    Knight              add   15580     843
    Knight  additional_info   11272    1005

05-11-2023 00:18:03.891715297 DEBUG: Continuing to process order *update*
05-11-2023 00:18:03.891723108 INFO: Aggregating tick from exchange [Bishop] to [Griffin]
05-11-2023 00:18:03.891728556 DEBUG: Received ping from server *Griffin*
05-11-2023 00:18:03.891735330 WARN: Reconnection request received from {Griffin}, sleeping 536436ms before reconnecting
05-11-2023 00:18:03.891741852 ERROR: Unable to contact server (Griffin), this keeps happening can someone from X team please fix this
05-11-2023 00:18:03.891746774 DEBUG: String processing of order *delete*
05-11-2023 00:18:03.891752029 DEBUG: Recreating message with new code NEWC-7892
05-11-2023 00:18:03.891757963 INFO: Received reponse from exchange [Knight] for [add] with id [RSP-59]
05-11-2023 00:18:03.891762668 INFO: Creating additional connection object for exchange [Knight]
05-11-2023 00:18:04.372876573 INFO: Creating additional connection object for exchange [Queen]
05-11-2023 00:18:04.372907553 DEBUG: Received heartbeat from exchange *Queen*
05-11-2023 00:18:04.372920012 DEBUG: Exiting unimportant code area
05-11-2023 00:18:04.372931765 DEBUG: Received code: *nine* what should i do with this?
05-11-2023 00:18:04.372944202 DEBUG: Creating exchange message: *additional_info* for exchange *Queen*
05-11-2023 00:18:04.372956858 DEBUG: Recreating message with new code NEWC-036
05-11-2023 00:18:04.372970487 INFO: Starting processing of order [delete]
05-11-2023 00:18:04.372982302 DEBUG: Pinging server *Unicorn*
05-11-2023 00:18:04.372993268 DEBUG: Received code: *one* what should i do with this?
05-11-2023 00:18:04.794126490 DEBUG: Exiting unimportant code area
05-11-2023 00:18:04.794155079 DEBUG: Recreating message with new code NEWC-0011
05-11-2023 00:18:04.794165663 DEBUG: Entering unimportant code area!!!
05-11-2023 00:18:04.794176829 DEBUG: Received ping from server *Unicorn*
05-11-2023 00:18:04.794188980 WARN: Received unexpected code {seven} from server {Dragon}
05-11-2023 00:18:04.794200875 DEBUG: Useless debug message, because dubug is full of these
05-11-2023 00:18:04.875290406 DEBUG: Continuing to process order *timing*
05-11-2023 00:18:04.875303561 INFO: Sending order type [timing] to exchange [Bishop]
05-11-2023 00:18:04.875307350 INFO: Writing raw data to file for order code [ten] message id: ORD-33053
05-11-2023 00:18:04.875310050 DEBUG: Pinging server *Phoenix*
05-11-2023 00:18:04.875314357 WARN: Received unexpected code {five} from server {Phoenix}
05-11-2023 00:18:04.875317577 DEBUG: Recreating message with new code NEWC-05
05-11-2023 00:18:04.875322199 INFO: Requesting resend of message from server [Phoenix] with code [three]
05-11-2023 00:18:05.657465594 INFO: Starting batch mode for exchange [Queen]
05-11-2023 00:18:05.657519554 DEBUG: String processing of order *delete*
05-11-2023 00:18:05.657530217 DEBUG: Continuing to process order *add*
05-11-2023 00:18:07.218723569 OTHER: If there is mention of any performance on your CV make sure you can back it up ie benchmarks
05-11-2023 00:18:07.218753135 INFO: Unable to commmunicate with transport from [Unicorn] for code [four]
05-11-2023 00:18:07.218760014 DEBUG: Entering unimportant code area!!!
05-11-2023 00:18:07.218766444 DEBUG: Recreating message with new code NEWC-48
05-11-2023 00:18:07.218771123 DEBUG: Received code: *one* what should i do with this?
05-11-2023 00:18:07.218775288 OTHER: All that we are, is the result of what we have thought. The mind is everything. What we think, we become. - Buddha
05-11-2023 00:18:07.246881783 DEBUG: Pinging server *Dragon*
05-11-2023 00:18:07.246907883 ERROR: Receiving data a few usec slower now, microwave playing up again
05-11-2023 00:18:07.246915574 ERROR: No message from exchange (Knight) for over 820us, sending heartbeat and reconnection request
05-11-2023 00:18:07.350113477 WARN: Feed group for exchange {Rook} missing starting group GP-4665, exchange response: Did not know we were supposed to do this, better get this implementated ASAP!!!
05-11-2023 00:18:07.350141953 ERROR: Unexpected field in message MSG-213841 from exchange (Queen), reverting previous processing
05-11-2023 00:18:07.350149943 DEBUG: Creating exchange message: *timing* for exchange *Knight*
05-11-2023 00:18:07.350156873 INFO: Aggregating tick from exchange [Knight] to [Phoenix]
05-11-2023 00:18:07.350162514 DEBUG: Continuing to process order *timing*
05-11-2023 00:18:07.350167216 INFO: Received awake call from server [Unicorn] with code [nine]
05-11-2023 00:18:08.424320509 ERROR: Unable to find order ORD-4695 sent to exchange (Rook)
05-11-2023 00:18:08.424349351 INFO: Unable to commmunicate with transport from [Unicorn] for code [seven]
05-11-2023 00:18:08.424356057 OTHER: One must be deeply aware of the impermanence of the world.
05-11-2023 00:18:08.424362284 DEBUG: Finished loop
05-11-2023 00:18:08.424367763 DEBUG: Received heartbeat from exchange *Knight*
05-11-2023 00:18:08.424372792 ERROR: Un-requested message from exchange (Queen): ooops this was not suppoed to happen, what are we supposed to do now!!!
05-11-2023 00:18:08.424378031 DEBUG: String processing of order *delete*
05-11-2023 00:18:08.424382643 ERROR: Unable to find order ORD-1941 sent to exchange (Queen)
05-11-2023 00:18:08.424387834 DEBUG: Recreating message with new code NEWC-511
05-11-2023 00:18:09.95551763 DEBUG: Creating exchange message: *delete* for exchange *Rook*
05-11-2023 00:18:09.95565149 OTHER: I had no idea a living being could sustain so much injury and go on living
05-11-2023 00:18:09.95568109 DEBUG: Creating exchange message: *timing* for exchange *King*
05-11-2023 00:18:09.95571946 INFO: Checking for consistency of processing times between [Griffin] and [Griffin]
05-11-2023 00:18:10.96762941 DEBUG: Recreating message with new code NEWC-6094
05-11-2023 00:18:10.96789468 DEBUG: Received code: *six* what should i do with this?
05-11-2023 00:18:12.80947783 INFO: Received awake call from server [Unicorn] with code [nine]
05-11-2023 00:18:12.80974916 ERROR: Unexpected field in message MSG-33 from exchange (Knight), reverting previous processing
05-11-2023 00:18:12.80981979 DEBUG: Pinging server *Griffin*
05-11-2023 00:18:12.80987465 ERROR: Receiving data a few usec slower now, microwave playing up again
05-11-2023 00:18:12.426196397 ERROR: No message from exchange (Queen) for over 0572us, sending heartbeat and reconnection request
05-11-2023 00:18:12.426223164 INFO: Sleeping for 7036ms, because there is nothing to do
05-11-2023 00:18:12.444409926 DEBUG: Received heartbeat from exchange *Rook*
05-11-2023 00:18:12.444427005 DEBUG: Received ping from server *Unicorn*
05-11-2023 00:18:12.444434416 ERROR: Unable to find order ORD-57 sent to exchange (Rook)
05-11-2023 00:18:12.444440629 INFO: Starting batch mode for exchange [Knight]
05-11-2023 00:18:12.444447502 WARN: Unable to create order {additional_info} due to waiting batch response from exchange {Bishop}
05-11-2023 00:18:12.715552170 INFO: Requesting resend of message from server [Griffin] with code [three]
05-11-2023 00:18:12.715692745 DEBUG: Finished loop
05-11-2023 00:18:12.715704936 DEBUG: Starting loop
05-11-2023 00:18:12.715714122 DEBUG: Entering unimportant code area!!!
05-11-2023 00:18:12.715724245 INFO: Requesting resend of message from server [Dragon] with code [five]
05-11-2023 00:18:12.715735006 INFO: Sending order type [additional_info] to exchange [Bishop]
05-11-2023 00:18:12.715744648 DEBUG: Continuing to process order *update*
05-11-2023 00:18:12.715754245 INFO: Writing raw data to file for order code [six] message id: ORD-59591
05-11-2023 00:18:12.715762896 DEBUG: Entering unimportant code area!!!
05-11-2023 00:18:13.513856568 INFO: Sending order type [timing] to exchange [Knight]
05-11-2023 00:18:13.513880616 INFO: Aggregating tick from exchange [Queen] to [Dragon]
05-11-2023 00:18:13.513890476 INFO: Starting batch mode for exchange [Knight]
05-11-2023 00:18:13.513900476 DEBUG: Received code: *nine* what should i do with this?
05-11-2023 00:18:13.513910559 OTHER: Let go, or be dragged - Zen Proverb
05-11-2023 00:18:14.268023749 DEBUG: Entering unimportant code area!!!
05-11-2023 00:18:14.268054673 INFO: Starting processing of order [additional_info]
05-11-2023 00:18:14.268066003 DEBUG: Starting loop
05-11-2023 00:18:14.268080954 CRIT: Servers <Dragon> and <Dragon> are both down!!!! now we are running at half capacity in a busy marketReceived order <update> for code <ten> errr that wasn't supposed to happen
05-11-2023 00:18:14.268092640 DEBUG: Recreating message with new code NEWC-9530
05-11-2023 00:18:14.886221466 ERROR: Unexpected field in message MSG-92 from exchange (Bishop), reverting previous processing
05-11-2023 00:18:14.886252299 DEBUG: Received code: *five* what should i do with this?
05-11-2023 00:18:14.886266292 DEBUG: Received ping from server *Dragon*
05-11-2023 00:18:14.886278723 DEBUG: Received ping from server *Griffin*
05-11-2023 00:18:14.886290056 DEBUG: Starting loop
05-11-2023 00:18:14.886304618 INFO: Starting batch mode for exchange [Bishop]
05-11-2023 00:18:14.886314468 DEBUG: Sending keep alive to exchange *Queen*
05-11-2023 00:18:14.886318871 DEBUG: Useless debug message, because dubug is full of these
05-11-2023 00:18:16.142519803 DEBUG: Finished loop
05-11-2023 00:18:16.142533152 DEBUG: Entering unimportant code area!!!
05-11-2023 00:18:16.142535599 DEBUG: Entering unimportant code area!!!
05-11-2023 00:18:16.142538534 INFO: Creating additional connection object for exchange [Rook]
05-11-2023 00:18:16.142540866 DEBUG: String processing of order *add*
05-11-2023 00:18:16.142543182 DEBUG: Recreating message with new code NEWC-18611
05-11-2023 00:18:16.142545118 INFO: Writing raw data to file for order code [five] message id: ORD-7381
05-11-2023 00:18:16.142546807 DEBUG: Starting loop
05-11-2023 00:18:16.142548447 INFO: Creating additional connection object for exchange [King]
05-11-2023 00:18:16.142551221 ERROR: Unable to find order ORD-93 sent to exchange (Queen)
05-11-2023 00:18:17.688708081 INFO: Aggregating tick from exchange [Bishop] to [Phoenix]
05-11-2023 00:18:17.688732767 INFO: Creating additional connection object for exchange [King]
05-11-2023 00:18:17.688739638 DEBUG: Sending keep alive to exchange *King*
05-11-2023 00:18:17.688745263 DEBUG: Starting loop
05-11-2023 00:18:17.688751849 WARN: Unable to create order {add} due to waiting batch response from exchange {Rook}
05-11-2023 00:18:19.358090902 DEBUG: Starting loop
05-11-2023 00:18:19.358122067 INFO: Received reponse from exchange [Queen] for [timing] with id [RSP-261179]
05-11-2023 00:18:19.358129092 INFO: Sleeping for 310ms, because there is nothing to do
05-11-2023 00:18:19.358133811 DEBUG: Useless debug message, because dubug is full of these
05-11-2023 00:18:19.654285722 DEBUG: Pinging server *Phoenix*
05-11-2023 00:18:19.654309381 INFO: Sleeping for 511ms, because there is nothing to do
05-11-2023 00:18:19.654316762 WARN: Reconnection request received from {Griffin}, sleeping 85ms before reconnecting
05-11-2023 00:18:19.654321769 DEBUG: Received code: *six* what should i do with this?
05-11-2023 00:18:19.654325925 DEBUG: Received heartbeat from exchange *Rook*
05-11-2023 00:18:19.654329153 DEBUG: Received heartbeat from exchange *Rook*
05-11-2023 00:18:19.654333549 INFO: Unable to commmunicate with transport from [Dragon] for code [seven]
05-11-2023 00:18:19.654338208 DEBUG: Recreating message with new code NEWC-48
05-11-2023 00:18:19.826416370 ERROR: Unable to find order ORD-07 sent to exchange (King)
05-11-2023 00:18:19.826430210 DEBUG: Sending keep alive to exchange *Bishop*
05-11-2023 00:18:19.826433417 DEBUG: Received ping from server *Griffin*
05-11-2023 00:18:19.826436877 INFO: Requesting resend of message from server [Unicorn] with code [seven]
05-11-2023 00:18:19.826439901 INFO: Requesting resend of message from server [Phoenix] with code [two]
05-11-2023 00:18:19.826442523 DEBUG: Received code: *three* what should i do with this?
05-11-2023 00:18:19.826444737 DEBUG: Useless debug message, because dubug is full of these
05-11-2023 00:18:19.826447501 ERROR: Un-requested message from exchange (Rook): ooops this was not suppoed to happen, what are we supposed to do now!!!
05-11-2023 00:18:19.826450544 OTHER: Let go, or be dragged - Zen Proverb
05-11-2023 00:18:19.826453611 INFO: Sending order type [add] to exchange [King]
05-11-2023 00:18:21.469766850 DEBUG: Useless debug message, because dubug is full of these
05-11-2023 00:18:21.469795834 INFO: Checking for consistency of processing times between [Griffin] and [Phoenix]
05-11-2023 00:18:21.469801866 DEBUG: Finished loop
05-11-2023 00:18:21.469806320 DEBUG: Exiting unimportant code area
05-11-2023 00:18:21.469814464 CRIT: Exchange <Queen>, issue received: This is bad!!!, this is above my pay grade we are going to lose alot of money because of this, i'm going to bail out!!!
05-11-2023 00:18:21.469819707 INFO: Creating additional connection object for exchange [Bishop]
05-11-2023 00:18:21.469826822 ERROR: No message from exchange (Knight) for over 44us, sending heartbeat and reconnection request
05-11-2023 00:18:21.873041587 DEBUG: Received ping from server *Griffin*
05-11-2023 00:18:21.873051330 DEBUG: Received ping from server *Unicorn*
05-11-2023 00:18:21.873053620 INFO: Checking for consistency of processing times between [Griffin] and [Dragon]
05-11-2023 00:18:21.873055628 DEBUG: Recreating message with new code NEWC-6237
05-11-2023 00:18:21.873057135 INFO: Unable to commmunicate with transport from [Griffin] for code [one]
05-11-2023 00:18:21.873058838 INFO: Sleeping for 996274ms, because there is nothing to do
05-11-2023 00:18:21.873060108 DEBUG: Received heartbeat from exchange *Knight*
05-11-2023 00:18:21.873061385 INFO: Writing raw data to file for order code [eight] message id: ORD-956735
05-11-2023 00:18:22.527154909 INFO: Starting batch mode for exchange [King]
05-11-2023 00:18:22.527180617 INFO: Received awake call from server [Unicorn] with code [ten]
05-11-2023 00:18:23.418280693 INFO: Requesting resend of message from server [Phoenix] with code [nine]
05-11-2023 00:18:23.418305024 INFO: Requesting resend of message from server [Dragon] with code [six]
05-11-2023 00:18:24.76501191 ERROR: No message from exchange (Rook) for over 188us, sending heartbeat and reconnection request
05-11-2023 00:18:24.76511815 DEBUG: Pinging server *Dragon*
05-11-2023 00:18:24.76514455 INFO: Creating additional connection object for exchange [Bishop]
05-11-2023 00:18:24.76516529 DEBUG: Recreating message with new code NEWC-575272
05-11-2023 00:18:24.76517787 INFO: Creating additional connection object for exchange [Queen]
05-11-2023 00:18:24.76519374 INFO: Writing raw data to file for order code [three] message id: ORD-48912
05-11-2023 00:18:24.454727405 INFO: Checking for consistency of processing times between [Unicorn] and [Unicorn]
05-11-2023 00:18:24.454757728 INFO: Received reponse from exchange [Bishop] for [update] with id [RSP-279]
05-11-2023 00:18:24.454764482 DEBUG: Received code: *ten* what should i do with this?
05-11-2023 00:18:24.454770725 DEBUG: String processing of order *additional_info*
05-11-2023 00:18:24.454775333 INFO: Aggregating tick from exchange [Bishop] to [Unicorn]
05-11-2023 00:18:24.454911476 DEBUG: Pinging server *Unicorn*
05-11-2023 00:18:24.454918112 DEBUG: Sending keep alive to exchange *Queen*
05-11-2023 00:18:24.454922196 DEBUG: Received code: *eight* what should i do with this?
05-11-2023 00:18:25.748268352 DEBUG: Finished loop
05-11-2023 00:18:25.748298234 DEBUG: Sending keep alive to exchange *Knight*
05-11-2023 00:18:26.835413254 DEBUG: Continuing to process order *additional_info*
05-11-2023 00:18:26.835451360 INFO: Starting processing of order [additional_info]
05-11-2023 00:18:28.564810747 INFO: Requesting resend of message from server [Unicorn] with code [six]
05-11-2023 00:18:28.564838256 INFO: Received reponse from exchange [Rook] for [update] with id [RSP-38]
05-11-2023 00:18:28.564844449 DEBUG: String processing of order *add*
05-11-2023 00:18:28.564849806 DEBUG: Useless debug message, because dubug is full of these
05-11-2023 00:18:30.236033946 OTHER: Irrationality is the square root of all evil - Douglas Hofstadter
05-11-2023 00:18:30.236062179 DEBUG: Received ping from server *Griffin*
05-11-2023 00:18:30.236068819 DEBUG: Continuing to process order *timing*
05-11-2023 00:18:31.237363334 OTHER: One must be deeply aware of the impermanence of the world.
05-11-2023 00:18:31.237394696 DEBUG: Received code: *three* what should i do with this?
05-11-2023 00:18:31.237400390 OTHER: I had no idea a living being could sustain so much injury and go on living
05-11-2023 00:18:32.122584212 DEBUG: Useless debug message, because dubug is full of these
05-11-2023 00:18:32.122609321 DEBUG: Starting loop
05-11-2023 00:18:32.122617331 INFO: Unable to commmunicate with transport from [Phoenix] for code [nine]
05-11-2023 00:18:32.122624013 OTHER: All that we are, is the result of what we have thought. The mind is everything. What we think, we become. - Buddha
05-11-2023 00:18:32.122629007 OTHER: If there is mention of any performance on your CV make sure you can back it up ie benchmarks
05-11-2023 00:18:32.122634840 ERROR: Received Unknown error from exchange (Queen), message: This should never happen, now we are in trouble!!!
05-11-2023 00:18:32.122639706 INFO: Unable to commmunicate with transport from [Unicorn] for code [two]
05-11-2023 00:18:32.838744646 DEBUG: Received ping from server *Griffin*
05-11-2023 00:18:32.838774211 INFO: Requesting resend of message from server [Dragon] with code [ten]
05-11-2023 00:18:32.838786294 DEBUG: Continuing to process order *delete*
05-11-2023 00:18:32.838798607 INFO: Received reponse from exchange [Rook] for [timing] with id [RSP-183011]
05-11-2023 00:18:32.838809368 INFO: Aggregating tick from exchange [King] to [Griffin]
05-11-2023 00:18:32.838819900 DEBUG: Continuing to process order *timing*
05-11-2023 00:18:33.462970564 INFO: Sending order type [additional_info] to exchange [King]
05-11-2023 00:18:33.463000313 ERROR: No message from exchange (Queen) for over 949us, sending heartbeat and reconnection request
05-11-2023 00:18:33.463008689 DEBUG: Received ping from server *Phoenix*
05-11-2023 00:18:33.463021475 INFO: Sending order type [timing] to exchange [Rook]
05-11-2023 00:18:33.463034940 DEBUG: Sending keep alive to exchange *Knight*
05-11-2023 00:18:34.553182323 ERROR: Receiving data a few usec slower now, microwave playing up again
05-11-2023 00:18:34.553211265 WARN: Unknown order {update} from exchange {Queen}, notifying server {Unicorn}
05-11-2023 00:18:34.553216692 ERROR: Receiving data a few usec slower now, microwave playing up again
05-11-2023 00:18:34.553223191 INFO: Creating additional connection object for exchange [Queen]
05-11-2023 00:18:34.553230579 ERROR: Unexpected field in message MSG-12 from exchange (Rook), reverting previous processing
05-11-2023 00:18:35.142340338 OTHER: It is all a matter of time scale. An event that would be unthinkable in a hundred years may be inevitable in a hundred million years - Carl Sagan
05-11-2023 00:18:35.142369118 INFO: Starting processing of order [timing]
05-11-2023 00:18:35.142376061 INFO: Aggregating tick from exchange [Queen] to [Unicorn]
05-11-2023 00:18:35.142383576 ERROR: Unexpected field in message MSG-983 from exchange (Knight), reverting previous processing
05-11-2023 00:18:35.142389087 ERROR: Un-requested message from exchange (Bishop): ooops this was not suppoed to happen, what are we supposed to do now!!!
05-11-2023 00:18:35.142393686 ERROR: Unexpected field in message MSG-367336 from exchange (Bishop), reverting previous processing
05-11-2023 00:18:35.142398292 ERROR: Unable to find order ORD-2440 sent to exchange (Bishop)
05-11-2023 00:18:35.142404059 INFO: Received reponse from exchange [Knight] for [delete] with id [RSP-65664]
05-11-2023 00:18:36.578654035 DEBUG: Starting loop
05-11-2023 00:18:36.578685333 ERROR: Un-requested message from exchange (King): ooops this was not suppoed to happen, what are we supposed to do now!!!
05-11-2023 00:18:36.578691600 DEBUG: Pinging server *Dragon*
05-11-2023 00:18:37.648941497 CRIT: Wow this is serious exchange <Rook> has not ack'ed our order ORD-3086 at all!!!!
05-11-2023 00:18:37.648963994 DEBUG: Exiting unimportant code area
05-11-2023 00:18:37.648968640 DEBUG: Exiting unimportant code area
05-11-2023 00:18:37.648976225 ERROR: Unexpected field in message MSG-02139 from exchange (Queen), reverting previous processing
05-11-2023 00:18:37.648981186 ERROR: Unable to contact server (Phoenix), this keeps happening can someone from X team please fix this
05-11-2023 00:18:37.648985862 ERROR: No message from exchange (Bishop) for over 49us, sending heartbeat and reconnection request
05-11-2023 00:18:38.396144473 OTHER: The most beautiful thing we can experience is the mysterious. It is the source of all true art and science - Einstein, Albert
05-11-2023 00:18:38.396169339 DEBUG: Starting loop
05-11-2023 00:18:38.396174735 DEBUG: Useless debug message, because dubug is full of these
05-11-2023 00:18:38.396180986 INFO: Received awake call from server [Phoenix] with code [four]
05-11-2023 00:18:38.396186958 WARN: Received unexpected code {four} from server {Unicorn}
05-11-2023 00:18:38.396191491 DEBUG: Pinging server *Phoenix*
05-11-2023 00:18:38.396196119 DEBUG: Creating exchange message: *add* for exchange *Knight*
05-11-2023 00:18:38.396200897 OTHER: It is all a matter of time scale. An event that would be unthinkable in a hundred years may be inevitable in a hundred million years - Carl Sagan
05-11-2023 00:18:38.396207480 WARN: Received unknown message from exchange {King}, message: Its a slow day going to the kings head in 5 minutes anyone else wants to come?
05-11-2023 00:18:39.428354053 DEBUG: Received code: *five* what should i do with this?
05-11-2023 00:18:39.428380512 INFO: Creating additional connection object for exchange [Knight]
05-11-2023 00:18:39.428385565 INFO: Creating additional connection object for exchange [Knight]
05-11-2023 00:18:39.428389625 DEBUG: Finished loop
05-11-2023 00:18:39.428394489 INFO: Sleeping for 4639ms, because there is nothing to do
05-11-2023 00:18:39.428398821 INFO: Received awake call from server [Griffin] with code [ten]
05-11-2023 00:18:39.428403850 INFO: Received reponse from exchange [Bishop] for [additional_info] with id [RSP-52247]
05-11-2023 00:18:39.428407131 DEBUG: Finished loop
05-11-2023 00:18:39.428410864 DEBUG: Useless debug message, because dubug is full of these
05-11-2023 00:18:39.428416923 WARN: Delay of 37us in receiving response from server {Griffin}, halting order processing from exchange {Knight}
05-11-2023 00:18:41.149557850 DEBUG: Pinging server *Unicorn*
05-11-2023 00:18:41.149613935 INFO: Checking for consistency of processing times between [Unicorn] and [Phoenix]
05-11-2023 00:18:41.149627186 ERROR: Unable to contact server (Phoenix), this keeps happening can someone from X team please fix this
05-11-2023 00:18:41.149641851 DEBUG: Starting loop
05-11-2023 00:18:41.149648957 DEBUG: String processing of order *add*
05-11-2023 00:18:42.976994165 INFO: Aggregating tick from exchange [Bishop] to [Phoenix]
05-11-2023 00:18:42.977005472 DEBUG: Entering unimportant code area!!!
05-11-2023 00:18:42.977008437 ERROR: Unable to find order ORD-1907 sent to exchange (Rook)
05-11-2023 00:18:43.759157357 INFO: Checking for consistency of processing times between [Griffin] and [Griffin]
05-11-2023 00:18:44.44525877 DEBUG: Recreating message with new code NEWC-0217
05-11-2023 00:18:44.44559677 DEBUG: Entering unimportant code area!!!
05-11-2023 00:18:44.44575794 INFO: Checking for consistency of processing times between [Dragon] and [Unicorn]
05-11-2023 00:18:44.44590070 DEBUG: Sending keep alive to exchange *King*
05-11-2023 00:18:44.44602723 INFO: Sending order type [delete] to exchange [Knight]
05-11-2023 00:18:44.44615263 INFO: Checking for consistency of processing times between [Dragon] and [Unicorn]
05-11-2023 00:18:45.521725749 DEBUG: Useless debug message, because dubug is full of these
05-11-2023 00:18:45.521751999 DEBUG: Continuing to process order *add*
05-11-2023 00:18:45.521758030 DEBUG: Creating exchange message: *update* for exchange *Bishop*
05-11-2023 00:18:45.521762518 DEBUG: Received code: *ten* what should i do with this?
05-11-2023 00:18:45.521768883 INFO: Sleeping for 98ms, because there is nothing to do
05-11-2023 00:18:45.521773939 DEBUG: Received ping from server *Griffin*
05-11-2023 00:18:45.521778322 DEBUG: String processing of order *delete*
05-11-2023 00:18:45.521782436 DEBUG: Creating exchange message: *timing* for exchange *Knight*
05-11-2023 00:18:45.521788143 ERROR: Receiving data a few usec slower now, microwave playing up again
05-11-2023 00:18:45.521792777 DEBUG: Continuing to process order *timing*
05-11-2023 00:18:46.807907607 INFO: Received awake call from server [Unicorn] with code [three]
05-11-2023 00:18:46.807940418 DEBUG: Pinging server *Dragon*
05-11-2023 00:18:46.807954207 INFO: Checking for consistency of processing times between [Phoenix] and [Phoenix]
05-11-2023 00:18:46.807962989 DEBUG: Exiting unimportant code area
05-11-2023 00:18:46.807972942 DEBUG: Creating exchange message: *delete* for exchange *Bishop*
05-11-2023 00:18:46.807978842 DEBUG: Received heartbeat from exchange *Queen*
05-11-2023 00:18:46.808027513 DEBUG: Useless debug message, because dubug is full of these
05-11-2023 00:18:46.808041588 DEBUG: Sending keep alive to exchange *Knight*
05-11-2023 00:18:47.479223830 DEBUG: Creating exchange message: *additional_info* for exchange *King*
05-11-2023 00:18:47.479248303 DEBUG: Starting loop
05-11-2023 00:18:47.479255443 INFO: Received awake call from server [Griffin] with code [two]
05-11-2023 00:18:47.479262056 OTHER: Have unit tests in your code on github listed on CV's it shows better software engineering
05-11-2023 00:18:47.479268485 INFO: Sending order type [timing] to exchange [Rook]
05-11-2023 00:18:48.882403897 DEBUG: Recreating message with new code NEWC-609437
05-11-2023 00:18:48.882432767 OTHER: The lower you are, the higher your mind will want to soar.
05-11-2023 00:18:48.882446796 INFO: Received reponse from exchange [Queen] for [additional_info] with id [RSP-027]
05-11-2023 00:18:48.882458433 INFO: Starting batch mode for exchange [Bishop]
05-11-2023 00:18:48.882468548 DEBUG: Entering unimportant code area!!!
05-11-2023 00:18:48.882479514 INFO: Writing raw data to file for order code [eight] message id: ORD-705392
05-11-2023 00:18:48.882490149 INFO: Aggregating tick from exchange [King] to [Dragon]
05-11-2023 00:18:50.92572990 INFO: Requesting resend of message from server [Unicorn] with code [two]
05-11-2023 00:18:50.92592154 DEBUG: Recreating message with new code NEWC-171
05-11-2023 00:18:50.92593956 DEBUG: Pinging server *Dragon*
05-11-2023 00:18:50.92595877 DEBUG: Sending keep alive to exchange *Rook*
05-11-2023 00:18:50.92598012 ERROR: Receiving data a few usec slower now, microwave playing up again
05-11-2023 00:18:50.92599173 DEBUG: Received ping from server *Dragon*
05-11-2023 00:18:50.92600968 WARN: Received unexpected code {three} from server {Unicorn}
05-11-2023 00:18:50.269751374 DEBUG: Received ping from server *Dragon*
05-11-2023 00:18:51.533038177 DEBUG: Exiting unimportant code area
05-11-2023 00:18:51.533065898 OTHER: All that we are, is the result of what we have thought. The mind is everything. What we think, we become. - Buddha
05-11-2023 00:18:51.533073475 DEBUG: String processing of order *timing*
05-11-2023 00:18:51.533078877 OTHER: It is all a matter of time scale. An event that would be unthinkable in a hundred years may be inevitable in a hundred million years - Carl Sagan
05-11-2023 00:18:51.533085332 ERROR: Received Unknown error from exchange (King), message: This should never happen, now we are in trouble!!!
05-11-2023 00:18:52.675348911 DEBUG: Continuing to process order *timing*
05-11-2023 00:18:52.675375961 INFO: Received awake call from server [Phoenix] with code [seven]
05-11-2023 00:18:52.675381492 DEBUG: Useless debug message, because dubug is full of these
05-11-2023 00:18:52.675385904 DEBUG: Exiting unimportant code area
05-11-2023 00:18:52.675390321 DEBUG: Received ping from server *Griffin*
05-11-2023 00:18:52.675395566 INFO: Sleeping for 7629ms, because there is nothing to do
05-11-2023 00:18:52.675400648 INFO: Writing raw data to file for order code [one] message id: ORD-31
05-11-2023 00:18:52.675404995 INFO: Requesting resend of message from server [Dragon] with code [two]
05-11-2023 00:18:53.379566136 INFO: Sleeping for 76ms, because there is nothing to do
05-11-2023 00:18:53.379594130 DEBUG: Creating exchange message: *timing* for exchange *Queen*
05-11-2023 00:18:53.379600985 INFO: Writing raw data to file for order code [nine] message id: ORD-75
05-11-2023 00:18:53.379605813 DEBUG: Entering unimportant code area!!!
05-11-2023 00:18:53.379610135 DEBUG: Pinging server *Griffin*
05-11-2023 00:18:53.379615436 INFO: Checking for consistency of processing times between [Griffin] and [Griffin]
05-11-2023 00:18:54.922784275 INFO: Aggregating tick from exchange [Queen] to [Unicorn]
05-11-2023 00:18:54.922810511 DEBUG: Sending keep alive to exchange *Rook*
05-11-2023 00:18:54.922818642 INFO: Received reponse from exchange [Rook] for [add] with id [RSP-238467]
05-11-2023 00:18:54.922823285 DEBUG: Received heartbeat from exchange *Queen*
05-11-2023 00:18:54.922827705 INFO: Starting batch mode for exchange [Rook]
05-11-2023 00:18:54.922831511 DEBUG: Entering unimportant code area!!!
05-11-2023 00:18:54.922836199 INFO: Sending order type [update] to exchange [Knight]
05-11-2023 00:18:54.922841518 INFO: Sleeping for 48184ms, because there is nothing to do
05-11-2023 00:18:54.922846605 DEBUG: Creating exchange message: *timing* for exchange *King*
05-11-2023 00:18:54.922852093 WARN: Received out of order message from exchange {Knight}
05-11-2023 00:18:55.712038693 DEBUG: Received ping from server *Unicorn*
05-11-2023 00:18:55.712063208 DEBUG: Exiting unimportant code area
05-11-2023 00:18:55.712070661 INFO: Checking for consistency of processing times between [Phoenix] and [Griffin]
05-11-2023 00:18:55.712076216 DEBUG: Starting loop
05-11-2023 00:18:57.167183383 DEBUG: Starting loop
05-11-2023 00:18:57.167195578 INFO: Starting processing of order [update]
05-11-2023 00:18:57.167196824 DEBUG: Finished loop
05-11-2023 00:18:57.167198930 WARN: Feed group for exchange {Bishop} missing starting group GP-676694, exchange response: Did not know we were supposed to do this, better get this implementated ASAP!!!
05-11-2023 00:18:57.167200106 DEBUG: Entering unimportant code area!!!
05-11-2023 00:18:57.358565396 INFO: Received awake call from server [Phoenix] with code [three]
05-11-2023 00:18:58.44908968 INFO: Starting batch mode for exchange [Bishop]
05-11-2023 00:18:58.44934892 DEBUG: Entering unimportant code area!!!
05-11-2023 00:18:58.44941958 DEBUG: Recreating message with new code NEWC-0513
05-11-2023 00:18:58.44947485 INFO: Sending order type [delete] to exchange [Knight]
05-11-2023 00:18:58.44951615 DEBUG: Useless debug message, because dubug is full of these
05-11-2023 00:18:58.44956349 INFO: Requesting resend of message from server [Griffin] with code [five]
05-11-2023 00:18:58.44960248 DEBUG: Useless debug message, because dubug is full of these
05-11-2023 00:18:59.133071582 INFO: Starting processing of order [update]
05-11-2023 00:18:59.133081604 DEBUG: Received ping from server *Unicorn*
05-11-2023 00:18:59.133083862 WARN: Received out of order message from exchange {King}
05-11-2023 00:18:59.133157993 INFO: Received reponse from exchange [Queen] for [timing] with id [RSP-2000]
05-11-2023 00:18:59.133163368 OTHER: Know evcerything thats is on the CV, looks bad if you cannot answer questions about things on your own CV
05-11-2023 00:18:59.163272225 ERROR: Unable to contact server (Dragon), this keeps happening can someone from X team please fix this
05-11-2023 00:18:59.163283021 DEBUG: Starting loop
05-11-2023 00:18:59.163285477 INFO: Requesting resend of message from server [Unicorn] with code [one]
05-11-2023 00:18:59.163287466 OTHER: Irrationality is the square root of all evil - Douglas Hofstadter
05-11-2023 00:18:59.163289023 INFO: Unable to commmunicate with transport from [Phoenix] for code [seven]
05-11-2023 00:18:59.163290178 DEBUG: Useless debug message, because dubug is full of these
05-11-2023 00:18:59.163291415 ERROR: Unable to contact server (Dragon), this keeps happening can someone from X team please fix this
05-11-2023 00:18:59.163292707 INFO: Starting processing of order [add]
05-11-2023 00:18:59.163294715 WARN: Unknown order {timing} from exchange {Knight}, notifying server {Griffin}
05-11-2023 00:18:59.163295858 DEBUG: Exiting unimportant code area
05-11-2023 00:19:01.121638370 DEBUG: Received code: *three* what should i do with this?
05-11-2023 00:19:01.121665092 DEBUG: String processing of order *update*
05-11-2023 00:19:01.121670332 DEBUG: Continuing to process order *additional_info*
05-11-2023 00:19:01.121676785 INFO: Creating additional connection object for exchange [Bishop]
05-11-2023 00:19:01.121683425 CRIT: Uncaught excpetion : <Rook> - No one is supposed to see this, but oh dear we matched the wrong orders!!!
05-11-2023 00:19:01.121688506 DEBUG: Entering unimportant code area!!!
05-11-2023 00:19:01.121692183 DEBUG: Entering unimportant code area!!!
05-11-2023 00:19:02.992849646 INFO: Sleeping for 568127ms, because there is nothing to do
05-11-2023 00:19:02.992875308 INFO: Starting batch mode for exchange [Bishop]
05-11-2023 00:19:02.992881104 INFO: Writing raw data to file for order code [one] message id: ORD-1452
05-11-2023 00:19:02.992887154 DEBUG: Received heartbeat from exchange *Queen*
05-11-2023 00:19:03.614209736 DEBUG: Creating exchange message: *timing* for exchange *Knight*
05-11-2023 00:19:03.614232010 DEBUG: Starting loop
05-11-2023 00:19:03.614238403 WARN: Received unexpected code {four} from server {Phoenix}
05-11-2023 00:19:03.614242604 DEBUG: Starting loop
05-11-2023 00:19:03.614247956 OTHER: It is all a matter of time scale. An event that would be unthinkable in a hundred years may be inevitable in a hundred million years - Carl Sagan
05-11-2023 00:19:03.614252152 DEBUG: Useless debug message, because dubug is full of these
05-11-2023 00:19:03.614259016 INFO: Received reponse from exchange [King] for [update] with id [RSP-635]
05-11-2023 00:19:03.614263148 DEBUG: Entering unimportant code area!!!
05-11-2023 00:19:04.101375499 DEBUG: Continuing to process order *delete*
05-11-2023 00:19:04.101403270 OTHER: Nature hides her secrets because of her essential loftiness, but not by means of ruse - Einstein, Albert
05-11-2023 00:19:04.101411874 OTHER: All that we are, is the result of what we have thought. The mind is everything. What we think, we become. - Buddha
05-11-2023 00:19:04.101421753 ERROR: Unable to find order ORD-60827 sent to exchange (King)
05-11-2023 00:19:04.101429942 ERROR: Un-requested message from exchange (Queen): ooops this was not suppoed to happen, what are we supposed to do now!!!
05-11-2023 00:19:04.101439201 INFO: Starting processing of order [additional_info]
05-11-2023 00:19:05.370709372 INFO: Checking for consistency of processing times between [Unicorn] and [Unicorn]
05-11-2023 00:19:05.938037615 DEBUG: Pinging server *Griffin*
05-11-2023 00:19:05.938060273 DEBUG: Starting loop
05-11-2023 00:19:05.938067104 ERROR: Unable to find order ORD-78 sent to exchange (Bishop)
05-11-2023 00:19:05.938073531 INFO: Writing raw data to file for order code [four] message id: ORD-577134
05-11-2023 00:19:05.938078007 DEBUG: Useless debug message, because dubug is full of these
05-11-2023 00:19:07.411432401 INFO: Creating additional connection object for exchange [Queen]
05-11-2023 00:19:07.411446570 OTHER: All that we are, is the result of what we have thought. The mind is everything. What we think, we become. - Buddha
05-11-2023 00:19:07.411450462 ERROR: No message from exchange (Queen) for over 275778us, sending heartbeat and reconnection request
05-11-2023 00:19:07.411453198 DEBUG: String processing of order *delete*
05-11-2023 00:19:08.575614116 INFO: Starting processing of order [delete]
05-11-2023 00:19:08.575640053 OTHER: Following good software engineering, ie have some unit tests, it'll save you so much time in the long run
05-11-2023 00:19:08.575646988 DEBUG: Entering unimportant code area!!!
05-11-2023 00:19:08.575652431 DEBUG: Received ping from server *Griffin*
05-11-2023 00:19:08.985816730 DEBUG: Starting loop
05-11-2023 00:19:09.462187744 WARN: Received unexpected code {two} from server {Unicorn}
05-11-2023 00:19:09.462214878 DEBUG: Pinging server *Phoenix*
05-11-2023 00:19:09.462221059 DEBUG: Received heartbeat from exchange *Queen*
05-11-2023 00:19:10.499421580 DEBUG: Sending keep alive to exchange *Queen*
05-11-2023 00:19:10.499447491 DEBUG: Continuing to process order *update*
05-11-2023 00:19:10.499453921 WARN: Received out of order message from exchange {King}
05-11-2023 00:19:10.499461121 ERROR: Un-requested message from exchange (Queen): ooops this was not suppoed to happen, what are we supposed to do now!!!
05-11-2023 00:19:10.499466065 ERROR: Received Unknown error from exchange (Rook), message: This should never happen, now we are in trouble!!!
05-11-2023 00:19:10.499471337 OTHER: All that we are, is the result of what we have thought. The mind is everything. What we think, we become. - Buddha
05-11-2023 00:19:10.499478236 INFO: Sending order type [timing] to exchange [Knight]
05-11-2023 00:19:10.499484686 INFO: Received reponse from exchange [Knight] for [additional_info] with id [RSP-960917]
05-11-2023 00:19:10.499489631 WARN: Received unknown message from exchange {Knight}, message: Its a slow day going to the kings head in 5 minutes anyone else wants to come?
05-11-2023 00:19:11.768696987 ERROR: Un-requested message from exchange (Knight): ooops this was not suppoed to happen, what are we supposed to do now!!!
05-11-2023 00:19:11.768724384 INFO: Requesting resend of message from server [Unicorn] with code [five]
05-11-2023 00:19:11.768731499 INFO: Sending order type [timing] to exchange [King]
05-11-2023 00:19:11.768738300 DEBUG: Recreating message with new code NEWC-3637
05-11-2023 00:19:11.768744425 INFO: Checking for consistency of processing times between [Griffin] and [Unicorn]
05-11-2023 00:19:11.768748724 ERROR: Receiving data a few usec slower now, microwave playing up again
05-11-2023 00:19:11.768753866 DEBUG: Sending keep alive to exchange *Knight*
05-11-2023 00:19:13.668116344 ERROR: Receiving data a few usec slower now, microwave playing up again
05-11-2023 00:19:13.668147717 DEBUG: Pinging server *Unicorn*
05-11-2023 00:19:13.668154592 ERROR: Unable to contact server (Unicorn), this keeps happening can someone from X team please fix this
05-11-2023 00:19:13.668161662 ERROR: Unexpected field in message MSG-178721 from exchange (Bishop), reverting previous processing
05-11-2023 00:19:13.668168772 WARN: {Griffin} slow consumer, no response for 46us, throttling message to server
05-11-2023 00:19:13.668175484 DEBUG: Recreating message with new code NEWC-84409
05-11-2023 00:19:13.668179738 DEBUG: Entering unimportant code area!!!
05-11-2023 00:19:14.220286358 OTHER: I had no idea a living being could sustain so much injury and go on living
05-11-2023 00:19:14.220298235 DEBUG: Continuing to process order *update*
05-11-2023 00:19:14.220299661 DEBUG: Received heartbeat from exchange *Bishop*
05-11-2023 00:19:14.220301401 INFO: Received awake call from server [Griffin] with code [six]
05-11-2023 00:19:14.220302804 INFO: Writing raw data to file for order code [four] message id: ORD-012