05-11-2023 00:16:01.790246286 INFO: Author: Adrian Phung
05-11-2023 00:16:01.790258639 INFO: Copyright QRT 2023
05-11-2023 00:16:01.790262287 INFO: Application to simulate logging output of important production processes for use as part of the data feed analysis challenge
05-11-2023 00:16:01.790277927 INFO: durhack 2023
05-11-2023 00:16:01.790280847 INFO: The messages above must be included in all distributed files generated by this application.
05-11-2023 00:16:01.790283421 INFO: =============================================================================================================================
05-11-2023 00:16:01.790297019 DEBUG: Pinging server *Phoenix*
05-11-2023 00:16:02.630497907 DEBUG: Continuing to process order *additional_info*
05-11-2023 00:16:02.630521684 DEBUG: Recreating message with new code NEWC-141
05-11-2023 00:16:02.630526987 DEBUG: Useless debug message, because dubug is full of these
05-11-2023 00:16:02.630534465 INFO: Received reponse from exchange [Queen] for [delete] with id [RSP-5926]
05-11-2023 00:16:02.630539263 DEBUG: Entering unimportant code area!!!
05-11-2023 00:16:02.630543823 DEBUG: Pinging server *Phoenix*
05-11-2023 00:16:02.630548298 DEBUG: Continuing to process order *delete*
05-11-2023 00:16:02.630576490 OTHER: Don't forget to design your code to be plugable, ie extra features can be added via a simple extendable interface
05-11-2023 00:16:02.630581568 DEBUG: Starting loop
05-11-2023 00:16:02.630586833 INFO: Writing raw data to file for order code [seven] message id: ORD-535897
05-11-2023 00:16:04.574704675 DEBUG: Exiting unimportant code area
05-11-2023 00:16:04.574723479 INFO: Starting processing of order [timing]
05-11-2023 00:16:04.574726012 DEBUG: String processing of order *additional_info*
05-11-2023 00:16:04.574727913 INFO: Starting batch mode for exchange [Rook]
05-11-2023 00:16:04.574729838 DEBUG: Creating exchange message: *add* for exchange *King*
05-11-2023 00:16:04.574731469 INFO: Unable to commmunicate with transport from [Phoenix] for code [four]
05-11-2023 00:16:04.574735024 WARN: Delay of 9323us in receiving response from server {Phoenix}, halting order processing from exchange {Queen}
05-11-2023 00:16:04.899878779 DEBUG: Received code: *six* what should i do with this?
05-11-2023 00:16:04.899907933 INFO: Received reponse from exchange [Rook] for [additional_info] with id [RSP-84]
05-11-2023 00:16:06.773100000 DEBUG: Exiting unimportant code area
05-11-2023 00:16:06.773125744 DEBUG: Pinging server *Phoenix*
05-11-2023 00:16:06.773133176 INFO: Sending order type [delete] to exchange [Rook]
05-11-2023 00:16:06.773140281 ERROR: Received Unknown error from exchange (Queen), message: This should never happen, now we are in trouble!!!
05-11-2023 00:16:07.920299351 DEBUG: Entering unimportant code area!!!
05-11-2023 00:16:07.920328369 INFO: Aggregating tick from exchange [Knight] to [Griffin]
05-11-2023 00:16:07.920333815 DEBUG: Exiting unimportant code area
05-11-2023 00:16:07.920339734 OTHER: Mathematics seems to endow one with something like a new sense - Darwin, Charles
05-11-2023 00:16:09.578457545 INFO: Unable to commmunicate with transport from [Unicorn] for code [two]
05-11-2023 00:16:09.578493398 WARN: Unable to create order {additional_info} due to waiting batch response from exchange {Queen}
05-11-2023 00:16:09.578509518 INFO: Writing raw data to file for order code [one] message id: ORD-62
05-11-2023 00:16:09.578524460 OTHER: When your own life is threatened, your sense of empathy is blunted by a terrible, selfish hunger for survival
05-11-2023 00:16:09.578538953 INFO: Requesting resend of message from server [Unicorn] with code [two]
05-11-2023 00:16:09.578553155 DEBUG: Entering unimportant code area!!!
05-11-2023 00:16:09.578568262 INFO: Sending order type [add] to exchange [Rook]
05-11-2023 00:16:09.578582158 INFO: Starting batch mode for exchange [Knight]
05-11-2023 00:16:09.578597351 INFO: Received reponse from exchange [King] for [additional_info] with id [RSP-64338]
05-11-2023 00:16:11.289776078 DEBUG: Recreating message with new code NEWC-327
05-11-2023 00:16:11.289803062 DEBUG: Exiting unimportant code area
05-11-2023 00:16:11.289809531 DEBUG: Continuing to process order *timing*
05-11-2023 00:16:11.289815972 INFO: Unable to commmunicate with transport from [Dragon] for code [seven]
05-11-2023 00:16:11.289821288 DEBUG: Received heartbeat from exchange *Knight*
05-11-2023 00:16:11.289825913 INFO: Starting batch mode for exchange [King]
05-11-2023 00:16:13.216031535 DEBUG: Received ping from server *Unicorn*
05-11-2023 00:16:13.216055316 INFO: Unable to commmunicate with transport from [Dragon] for code [ten]
05-11-2023 00:16:13.216062304 DEBUG: Recreating message with new code NEWC-9502
05-11-2023 00:16:13.216067296 INFO: Starting processing of order [update]
05-11-2023 00:16:13.216071350 INFO: Unable to commmunicate with transport from [Dragon] for code [six]
05-11-2023 00:16:13.216075786 INFO: Sending order type [timing] to exchange [King]
05-11-2023 00:16:13.216080552 DEBUG: Creating exchange message: *add* for exchange *Bishop*
05-11-2023 00:16:13.216085518 OTHER: All true artists, whether they know it or not, create from a place of no-mind, from inner stillness. – Eckhart Tolle
05-11-2023 00:16:14.303251397 ERROR: Unable to find order ORD-884 sent to exchange (Queen)
05-11-2023 00:16:14.375411716 INFO: Received awake call from server [Phoenix] with code [one]
05-11-2023 00:16:14.375433784 INFO: Sleeping for 197169ms, because there is nothing to do
05-11-2023 00:16:14.375439376 DEBUG: Received heartbeat from exchange *Queen*
05-11-2023 00:16:14.375443076 DEBUG: Received code: *two* what should i do with this?
05-11-2023 00:16:14.375447034 ERROR: Receiving data a few usec slower now, microwave playing up again
05-11-2023 00:16:14.375450906 INFO: Starting processing of order [timing]
05-11-2023 00:16:14.375453745 DEBUG: Sending keep alive to exchange *Rook*
05-11-2023 00:16:14.375456395 INFO: Starting processing of order [add]
05-11-2023 00:16:14.375459153 INFO: Received awake call from server [Unicorn] with code [seven]
05-11-2023 00:16:14.375462278 INFO: Sending order type [additional_info] to exchange [Queen]
05-11-2023 00:16:15.487567231 ERROR: No message from exchange (Rook) for over 3993us, sending heartbeat and reconnection request
05-11-2023 00:16:15.487595079 INFO: Received awake call from server [Dragon] with code [seven]
05-11-2023 00:16:15.487601966 DEBUG: Entering unimportant code area!!!
05-11-2023 00:16:15.487608513 DEBUG: Recreating message with new code NEWC-75105
05-11-2023 00:16:15.487613025 INFO: Creating additional connection object for exchange [Bishop]
05-11-2023 00:16:17.15762391 DEBUG: Continuing to process order *additional_info*
05-11-2023 00:16:17.781933689 OTHER: One must be deeply aware of the impermanence of the world.
05-11-2023 00:16:17.781961572 INFO: Starting processing of order [update]
05-11-2023 00:16:17.781968798 DEBUG: String processing of order *add*
05-11-2023 00:16:17.781975173 DEBUG: Creating exchange message: *additional_info* for exchange *Queen*
05-11-2023 00:16:17.781981476 INFO: Writing raw data to file for order code [ten] message id: ORD-820974
05-11-2023 00:16:17.857085010 DEBUG: Exiting unimportant code area
05-11-2023 00:16:17.857117873 DEBUG: Sending keep alive to exchange *Queen*
05-11-2023 00:16:17.857133820 INFO: Writing raw data to file for order code [one] message id: ORD-94459
05-11-2023 00:16:17.857144914 DEBUG: Finished loop
05-11-2023 00:16:17.857153301 DEBUG: Pinging server *Griffin*
05-11-2023 00:16:19.436307514 DEBUG: Entering unimportant code area!!!
05-11-2023 00:16:19.436333973 OTHER: Don't forget to design your code to be plugable, ie extra features can be added via a simple extendable interface
05-11-2023 00:16:19.436340935 DEBUG: Received ping from server *Griffin*
05-11-2023 00:16:19.436347104 DEBUG: Creating exchange message: *additional_info* for exchange *Bishop*
05-11-2023 00:16:19.436351661 DEBUG: Received heartbeat from exchange *King*
05-11-2023 00:16:19.436355459 DEBUG: Entering unimportant code area!!!
05-11-2023 00:16:19.599510448 INFO: Requesting resend of message from server [Griffin] with code [five]
05-11-2023 00:16:19.599680885 OTHER: Irrationality is the square root of all evil - Douglas Hofstadter
05-11-2023 00:16:21.494994515 ERROR: Unable to contact server (Phoenix), this keeps happening can someone from X team please fix this
05-11-2023 00:16:21.495021900 INFO: Unable to commmunicate with transport from [Unicorn] for code [five]
05-11-2023 00:16:21.495028512 DEBUG: Entering unimportant code area!!!
05-11-2023 00:16:21.834219388 DEBUG: Sending keep alive to exchange *Bishop*
05-11-2023 00:16:21.834244738 DEBUG: Received ping from server *Griffin*
05-11-2023 00:16:21.834249877 DEBUG: Finished loop
05-11-2023 00:16:21.834256346 ERROR: Received Unknown error from exchange (Rook), message: This should never happen, now we are in trouble!!!
05-11-2023 00:16:21.834263097 INFO: Creating additional connection object for exchange [Queen]
05-11-2023 00:16:21.834270802 INFO: Checking for consistency of processing times between [Unicorn] and [Griffin]
05-11-2023 00:16:21.834276842 INFO: Received reponse from exchange [Knight] for [delete] with id [RSP-23]
05-11-2023 00:16:21.834283721 WARN: Feed group for exchange {Rook} missing starting group GP-0781, exchange response: Did not know we were supposed to do this, better get this implementated ASAP!!!
05-11-2023 00:16:21.834288450 DEBUG: Useless debug message, because dubug is full of these
05-11-2023 00:16:21.834292802 INFO: Creating additional connection object for exchange [Bishop]
05-11-2023 00:16:23.198378223 INFO: Sleeping for 64ms, because there is nothing to do
05-11-2023 00:16:24.84472870 OTHER: All that we are, is the result of what we have thought. The mind is everything. What we think, we become. - Buddha
05-11-2023 00:16:24.84488289 DEBUG: Creating exchange message: *delete* for exchange *Knight*
05-11-2023 00:16:25.724644064 DEBUG: String processing of order *delete*
05-11-2023 00:16:25.724695712 DEBUG: String processing of order *additional_info*
05-11-2023 00:16:25.724701346 DEBUG: Received ping from server *Unicorn*
05-11-2023 00:16:25.724705924 DEBUG: Received heartbeat from exchange *King*
05-11-2023 00:16:27.380898496 CRIT: Wow this is serious exchange <Queen> has not ack'ed our order ORD-0628 at all!!!!
05-11-2023 00:16:27.380924468 INFO: Requesting resend of message from server [Dragon] with code [one]
05-11-2023 00:16:27.380930446 INFO: Received awake call from server [Phoenix] with code [two]
05-11-2023 00:16:27.380936188 OTHER: When you realize nothing is lacking, the whole world belongs to you. - Lao Tzu
05-11-2023 00:16:27.380941208 INFO: Unable to commmunicate with transport from [Griffin] for code [four]
05-11-2023 00:16:27.380947109 DEBUG: Sending keep alive to exchange *Bishop*
05-11-2023 00:16:27.380952061 INFO: Creating additional connection object for exchange [Rook]
05-11-2023 00:16:27.582111379 ERROR: Unable to find order ORD-62 sent to exchange (Rook)
05-11-2023 00:16:27.582137393 OTHER: Nature hides her secrets because of her essential loftiness, but not by means of ruse - Einstein, Albert
05-11-2023 00:16:27.582145307 DEBUG: Recreating message with new code NEWC-0899
05-11-2023 00:16:27.582152371 ERROR: No message from exchange (Knight) for over 86280us, sending heartbeat and reconnection request
05-11-2023 00:16:27.582157068 DEBUG: Exiting unimportant code area
05-11-2023 00:16:27.582163073 INFO: Creating additional connection object for exchange [Bishop]
05-11-2023 00:16:27.582168708 DEBUG: String processing of order *additional_info*
05-11-2023 00:16:27.582173340 DEBUG: Sending keep alive to exchange *Rook*
05-11-2023 00:16:27.582177302 DEBUG: Starting loop
05-11-2023 00:16:27.582180939 DEBUG: Entering unimportant code area!!!
05-11-2023 00:16:29.357384234 INFO: Sleeping for 34ms, because there is nothing to do
05-11-2023 00:16:29.357413470 DEBUG: Creating exchange message: *delete* for exchange *Knight*
05-11-2023 00:16:29.357420553 INFO: Checking for consistency of processing times between [Dragon] and [Dragon]
05-11-2023 00:16:29.357427455 ERROR: Unable to contact server (Unicorn), this keeps happening can someone from X team please fix this
05-11-2023 00:16:29.357432701 DEBUG: Useless debug message, because dubug is full of these
05-11-2023 00:16:29.357437500 INFO: Starting batch mode for exchange [Bishop]
05-11-2023 00:16:29.357441349 DEBUG: Useless debug message, because dubug is full of these
05-11-2023 00:16:29.357448284 ERROR: Un-requested message from exchange (Bishop): ooops this was not suppoed to happen, what are we supposed to do now!!!
05-11-2023 00:16:29.357452779 DEBUG: Continuing to process order *add*
05-11-2023 00:16:29.642592486 INFO: Starting processing of order [delete]
05-11-2023 00:16:29.642618257 DEBUG: Entering unimportant code area!!!
05-11-2023 00:16:29.642625475 INFO: Checking for consistency of processing times between [Unicorn] and [Unicorn]
05-11-2023 00:16:30.880729313 INFO: Checking for consistency of processing times between [Phoenix] and [Phoenix]
05-11-2023 00:16:30.880755602 DEBUG: Creating exchange message: *timing* for exchange *Queen*
05-11-2023 00:16:30.880763029 INFO: Sleeping for 82ms, because there is nothing to do
05-11-2023 00:16:30.880767694 DEBUG: Starting loop
05-11-2023 00:16:30.880773303 ERROR: Receiving data a few usec slower now, microwave playing up again
05-11-2023 00:16:30.880779455 ERROR: Unable to find order ORD-534 sent to exchange (Rook)
05-11-2023 00:16:30.880783855 INFO: Sleeping for 2117ms, because there is nothing to do
05-11-2023 00:16:31.706903392 WARN: {Dragon} slow consumer, no response for 067982us, throttling message to server
05-11-2023 00:16:31.706915224 DEBUG: Sending keep alive to exchange *Queen*
05-11-2023 00:16:31.706917893 INFO: Creating additional connection object for exchange [Bishop]
05-11-2023 00:16:31.706919845 DEBUG: Received code: *nine* what should i do with this?
05-11-2023 00:16:31.706921741 INFO: Starting processing of order [delete]
05-11-2023 00:16:31.706923155 DEBUG: Finished loop
05-11-2023 00:16:31.706924862 INFO: Unable to commmunicate with transport from [Phoenix] for code [nine]
05-11-2023 00:16:31.706926545 INFO: Writing raw data to file for order code [three] message id: ORD-148
05-11-2023 00:16:31.706927934 DEBUG: Received code: *six* what should i do with this?
05-11-2023 00:16:31.706929340 DEBUG: Received heartbeat from exchange *Knight*
05-11-2023 00:16:33.334090127 OTHER: I had no idea a living being could sustain so much injury and go on living
05-11-2023 00:16:33.334119912 INFO: Received awake call from server [Griffin] with code [five]
05-11-2023 00:16:33.334126215 INFO: Aggregating tick from exchange [Knight] to [Griffin]
05-11-2023 00:16:33.334133374 DEBUG: Recreating message with new code NEWC-086
05-11-2023 00:16:33.334138747 INFO: Creating additional connection object for exchange [King]
05-11-2023 00:16:33.334143047 INFO: Requesting resend of message from server [Griffin] with code [nine]
05-11-2023 00:16:33.334147651 DEBUG: Starting loop
05-11-2023 00:16:33.520261482 DEBUG: Received code: *two* what should i do with this?
05-11-2023 00:16:33.520296045 INFO: Starting batch mode for exchange [Queen]
05-11-2023 00:16:33.520303772 DEBUG: Sending keep alive to exchange *Bishop*
05-11-2023 00:16:33.520310413 ERROR: Unable to contact server (Griffin), this keeps happening can someone from X team please fix this
05-11-2023 00:16:33.520315437 INFO: Starting batch mode for exchange [Rook]
05-11-2023 00:16:33.520320384 DEBUG: Continuing to process order *delete*
05-11-2023 00:16:33.520324754 DEBUG: Received code: *five* what should i do with this?
05-11-2023 00:16:33.520333891 DEBUG: String processing of order *add*
05-11-2023 00:16:33.520347369 OTHER: It is all a matter of time scale. An event that would be unthinkable in a hundred years may be inevitable in a hundred million years - Carl Sagan
05-11-2023 00:16:34.821423888 DEBUG: Starting loop
05-11-2023 00:16:34.821439084 INFO: Sending order type [add] to exchange [Bishop]
05-11-2023 00:16:34.821442774 DEBUG: Starting loop
05-11-2023 00:16:35.293630217 INFO: Creating additional connection object for exchange [King]
05-11-2023 00:16:35.293657410 ERROR: Received Unknown error from exchange (King), message: This should never happen, now we are in trouble!!!
05-11-2023 00:16:35.293794108 OTHER: Let go, or be dragged - Zen Proverb
05-11-2023 00:16:35.293803219 DEBUG: Received ping from server *Unicorn*
05-11-2023 00:16:35.293809553 INFO: Requesting resend of message from server [Unicorn] with code [four]
05-11-2023 00:16:35.293814274 DEBUG: Starting loop
05-11-2023 00:16:35.293820774 WARN: Unknown order {additional_info} from exchange {Queen}, notifying server {Phoenix}
05-11-2023 00:16:35.293825879 INFO: Aggregating tick from exchange [Knight] to [Unicorn]
05-11-2023 00:16:37.164155161 INFO: Received awake call from server [Griffin] with code [one]
05-11-2023 00:16:37.164183116 DEBUG: Creating exchange message: *timing* for exchange *Queen*
05-11-2023 00:16:37.164190165 OTHER: Don't forget to design your code to be plugable, ie extra features can be added via a simple extendable interface
05-11-2023 00:16:37.164196776 INFO: Sending order type [update] to exchange [Rook]
05-11-2023 00:16:37.164202248 DEBUG: Recreating message with new code NEWC-513
05-11-2023 00:16:38.321426029 DEBUG: Sending keep alive to exchange *Rook*
05-11-2023 00:16:38.321437178 DEBUG: Received heartbeat from exchange *Knight*
05-11-2023 00:16:38.321439867 INFO: Checking for consistency of processing times between [Unicorn] and [Griffin]
05-11-2023 00:16:38.321442457 ERROR: Unable to contact server (Dragon), this keeps happening can someone from X team please fix this
05-11-2023 00:16:38.321444645 INFO: Sending order type [delete] to exchange [Queen]
05-11-2023 00:16:38.321446053 DEBUG: Finished loop
05-11-2023 00:16:38.321447415 ERROR: Unable to contact server (Unicorn), this keeps happening can someone from X team please fix this
05-11-2023 00:16:38.321448713 DEBUG: Received heartbeat from exchange *Bishop*
05-11-2023 00:16:38.613806945 INFO: Sleeping for 2823ms, because there is nothing to do
05-11-2023 00:16:38.613834462 INFO: Starting processing of order [additional_info]
05-11-2023 00:16:38.613841711 ERROR: Unable to contact server (Dragon), this keeps happening can someone from X team please fix this
05-11-2023 00:16:38.613849758 WARN: Delay of 066470us in receiving response from server {Phoenix}, halting order processing from exchange {Rook}
05-11-2023 00:16:38.613854692 ERROR: Receiving data a few usec slower now, microwave playing up again
05-11-2023 00:16:38.613858790 ERROR: Unable to contact server (Dragon), this keeps happening can someone from X team please fix this
05-11-2023 00:16:38.613863920 INFO: Aggregating tick from exchange [Queen] to [Phoenix]
05-11-2023 00:16:38.613869317 DEBUG: Received code: *ten* what should i do with this?
05-11-2023 00:16:38.613874981 ERROR: Unable to find order ORD-9384 sent to exchange (King)
05-11-2023 00:16:40.545027727 DEBUG: Finished loop
05-11-2023 00:16:40.545054524 DEBUG: Sending keep alive to exchange *Queen*
05-11-2023 00:16:40.545058989 DEBUG: Exiting unimportant code area
05-11-2023 00:16:41.548157122 DEBUG: Starting loop
05-11-2023 00:16:41.548186158 DEBUG: Exiting unimportant code area
05-11-2023 00:16:41.548194609 DEBUG: Continuing to process order *timing*
05-11-2023 00:16:41.548200414 DEBUG: Creating exchange message: *add* for exchange *Queen*
05-11-2023 00:16:41.548206420 OTHER: One must be deeply aware of the impermanence of the world.
05-11-2023 00:16:41.548213997 INFO: Sending order type [add] to exchange [Rook]
05-11-2023 00:16:41.548218757 DEBUG: Creating exchange message: *add* for exchange *King*
05-11-2023 00:16:41.882532871 DEBUG: Pinging server *Phoenix*
05-11-2023 00:16:41.882557256 DEBUG: Exiting unimportant code area
05-11-2023 00:16:41.882564212 INFO: Creating additional connection object for exchange [Bishop]
05-11-2023 00:16:41.882569214 DEBUG: Entering unimportant code area!!!
05-11-2023 00:16:41.882574285 DEBUG: Continuing to process order *timing*
05-11-2023 00:16:41.882579530 INFO: Sending order type [delete] to exchange [Queen]
05-11-2023 00:16:42.119896954 DEBUG: String processing of order *add*
05-11-2023 00:16:42.119924286 DEBUG: Received code: *three* what should i do with this?
05-11-2023 00:16:42.119931835 WARN: Unable to create order {delete} due to waiting batch response from exchange {Rook}
05-11-2023 00:16:42.119937232 DEBUG: Starting loop
05-11-2023 00:16:43.868252495 DEBUG: String processing of order *timing*
05-11-2023 00:16:43.868274981 DEBUG: Pinging server *Dragon*
05-11-2023 00:16:43.868279429 DEBUG: Finished loop
05-11-2023 00:16:43.868285196 INFO: Requesting resend of message from server [Dragon] with code [five]
05-11-2023 00:16:43.868290637 INFO: Writing raw data to file for order code [six] message id: ORD-460
05-11-2023 00:16:43.868295387 DEBUG: Recreating message with new code NEWC-95
05-11-2023 00:16:43.868299300 DEBUG: Recreating message with new code NEWC-50582
05-11-2023 00:16:43.868302521 DEBUG: Exiting unimportant code area
05-11-2023 00:16:45.64631786 DEBUG: Sending keep alive to exchange *Bishop*
05-11-2023 00:16:45.64654535 DEBUG: Finished loop
05-11-2023 00:16:45.64696037 INFO: Aggregating tick from exchange [Knight] to [Unicorn]
05-11-2023 00:16:45.64701960 INFO: Aggregating tick from exchange [Rook] to [Unicorn]
05-11-2023 00:16:45.64708914 ERROR: Unexpected field in message MSG-2317 from exchange (Knight), reverting previous processing
05-11-2023 00:16:45.64714611 INFO: Sleeping for 253594ms, because there is nothing to do
05-11-2023 00:16:45.64718340 INFO: Aggregating tick from exchange [Queen] to [Unicorn]
05-11-2023 00:16:45.64722568 INFO: Requesting resend of message from server [Griffin] with code [five]
05-11-2023 00:16:45.64726822 ERROR: Received Unknown error from exchange (King), message: This should never happen, now we are in trouble!!!
05-11-2023 00:16:45.64731381 INFO: Starting processing of order [update]
05-11-2023 00:16:46.208921901 OTHER: Let go, or be dragged - Zen Proverb
05-11-2023 00:16:46.208945582 OTHER: When you realize nothing is lacking, the whole world belongs to you. - Lao Tzu
05-11-2023 00:16:48.209123441 INFO: Received awake call from server [Griffin] with code [five]
05-11-2023 00:16:48.209145867 INFO: Received awake call from server [Griffin] with code [one]
05-11-2023 00:16:48.209153042 DEBUG: Recreating message with new code NEWC-081284
05-11-2023 00:16:49.545270008 ERROR: Receiving data a few usec slower now, microwave playing up again
05-11-2023 00:16:49.545288480 OTHER: The lower you are, the higher your mind will want to soar.
05-11-2023 00:16:49.545293261 DEBUG: Finished loop
05-11-2023 00:16:49.545297663 DEBUG: Sending keep alive to exchange *Knight*
05-11-2023 00:16:49.545301706 INFO: Aggregating tick from exchange [Bishop] to [Griffin]
05-11-2023 00:16:50.844580020 DEBUG: Exiting unimportant code area
05-11-2023 00:16:50.844600326 DEBUG: Received heartbeat from exchange *Queen*
05-11-2023 00:16:50.844605002 OTHER: When you realize nothing is lacking, the whole world belongs to you. - Lao Tzu
05-11-2023 00:16:50.844610165 INFO: Received awake call from server [Dragon] with code [five]
05-11-2023 00:16:50.844613629 DEBUG: Useless debug message, because dubug is full of these
05-11-2023 00:16:50.844617632 DEBUG: Creating exchange message: *additional_info* for exchange *Queen*
05-11-2023 00:16:51.705771057 INFO: Sending order type [timing] to exchange [Bishop]
05-11-2023 00:16:51.705797552 DEBUG: Recreating message with new code NEWC-811174
05-11-2023 00:16:51.705804833 ERROR: Receiving data a few usec slower now, microwave playing up again
05-11-2023 00:16:51.705810249 DEBUG: Entering unimportant code area!!!
05-11-2023 00:16:51.705815134 DEBUG: Sending keep alive to exchange *Rook*
05-11-2023 00:16:51.705818766 DEBUG: Sending keep alive to exchange *Knight*
05-11-2023 00:16:51.705825130 ERROR: Unexpected field in message MSG-5028 from exchange (Queen), reverting previous processing
05-11-2023 00:16:51.705829128 DEBUG: Sending keep alive to exchange *Rook*
05-11-2023 00:16:51.705833435 DEBUG: Received ping from server *Phoenix*
05-11-2023 00:16:52.881922967 DEBUG: Received heartbeat from exchange *Bishop*
05-11-2023 00:16:52.881950314 INFO: Checking for consistency of processing times between [Dragon] and [Phoenix]
05-11-2023 00:16:52.881956101 DEBUG: Exiting unimportant code area
05-11-2023 00:16:52.882092733 DEBUG: Recreating message with new code NEWC-41027
05-11-2023 00:16:52.882098594 DEBUG: Entering unimportant code area!!!
05-11-2023 00:16:52.882102800 DEBUG: Received code: *nine* what should i do with this?
05-11-2023 00:16:52.882106417 DEBUG: Received code: *two* what should i do with this?
05-11-2023 00:16:52.882111409 OTHER: Irrationality is the square root of all evil - Douglas Hofstadter
05-11-2023 00:16:52.882117234 INFO: Creating additional connection object for exchange [Queen]
05-11-2023 00:16:52.882122588 DEBUG: Creating exchange message: *timing* for exchange *Queen*
05-11-2023 00:16:53.65319566 INFO: Unable to commmunicate with transport from [Phoenix] for code [six]
05-11-2023 00:16:53.65346362 DEBUG: Continuing to process order *update*
05-11-2023 00:16:53.65351741 DEBUG: Continuing to process order *timing*
05-11-2023 00:16:53.65355973 DEBUG: Finished loop
05-11-2023 00:16:53.65360056 DEBUG: Continuing to process order *timing*
05-11-2023 00:16:53.800692203 INFO: Aggregating tick from exchange [Bishop] to [Dragon]
05-11-2023 00:16:53.800720002 ERROR: Unable to find order ORD-01938 sent to exchange (Queen)
05-11-2023 00:16:53.800726536 INFO: Unable to commmunicate with transport from [Phoenix] for code [six]
05-11-2023 00:16:53.800732409 INFO: Sending order type [timing] to exchange [Rook]
05-11-2023 00:16:54.908911953 OTHER: Have unit tests in your code on github listed on CV's it shows better software engineering
05-11-2023 00:16:54.908927290 DEBUG: Finished loop
05-11-2023 00:16:54.908930867 DEBUG: Continuing to process order *additional_info*
05-11-2023 00:16:54.908933225 DEBUG: Exiting unimportant code area
05-11-2023 00:16:54.908936418 INFO: Requesting resend of message from server [Unicorn] with code [two]
05-11-2023 00:16:56.148258480 INFO: Requesting resend of message from server [Unicorn] with code [six]
05-11-2023 00:16:56.148284550 DEBUG: Received code: *one* what should i do with this?
05-11-2023 00:16:56.148291409 DEBUG: Sending keep alive to exchange *Rook*
05-11-2023 00:16:57.251408768 INFO: Received reponse from exchange [King] for [additional_info] with id [RSP-521105]
05-11-2023 00:16:57.251435745 ERROR: Unexpected field in message MSG-55964 from exchange (Rook), reverting previous processing
05-11-2023 00:16:57.251446540 INFO: Starting batch mode for exchange [Knight]
05-11-2023 00:16:57.251456423 DEBUG: Entering unimportant code area!!!
05-11-2023 00:16:57.251466700 OTHER: Following good software engineering, ie have some unit tests, it'll save you so much time in the long run
05-11-2023 00:16:57.251475814 DEBUG: Exiting unimportant code area
05-11-2023 00:16:57.251484664 DEBUG: Entering unimportant code area!!!
05-11-2023 00:16:57.251494470 INFO: Unable to commmunicate with transport from [Dragon] for code [six]
05-11-2023 00:16:57.251503158 DEBUG: Entering unimportant code area!!!
05-11-2023 00:16:57.859706920 ERROR: Unable to contact server (Phoenix), this keeps happening can someone from X team please fix this
05-11-2023 00:16:57.859731254 ERROR: Receiving data a few usec slower now, microwave playing up again
05-11-2023 00:16:57.859737712 OTHER: When your own life is threatened, your sense of empathy is blunted by a terrible, selfish hunger for survival
05-11-2023 00:16:57.859745488 INFO: Sending order type [timing] to exchange [King]
05-11-2023 00:16:57.859751911 INFO: Checking for consistency of processing times between [Unicorn] and [Phoenix]
05-11-2023 00:16:57.859756272 INFO: Sending order type [update] to exchange [Bishop]
05-11-2023 00:16:57.859761299 DEBUG: Exiting unimportant code area
05-11-2023 00:16:57.859767416 ERROR: Unable to find order ORD-4622 sent to exchange (Bishop)
05-11-2023 00:16:58.737885139 DEBUG: String processing of order *additional_info*
05-11-2023 00:16:58.737898026 DEBUG: Finished loop
05-11-2023 00:16:58.737901927 WARN: {Griffin} slow consumer, no response for 94895us, throttling message to server
05-11-2023 00:16:58.737905295 DEBUG: Creating exchange message: *update* for exchange *King*
05-11-2023 00:16:59.793055362 INFO: Aggregating tick from exchange [Queen] to [Griffin]
05-11-2023 00:16:59.793078642 DEBUG: Continuing to process order *update*
05-11-2023 00:16:59.793085154 INFO: Writing raw data to file for order code [eight] message id: ORD-4930
05-11-2023 00:16:59.793090411 OTHER: The lower you are, the higher your mind will want to soar.
05-11-2023 00:16:59.793096168 INFO: Received reponse from exchange [Rook] for [update] with id [RSP-3819]
05-11-2023 00:17:01.501286775 DEBUG: String processing of order *delete*
05-11-2023 00:17:01.501312953 OTHER: Have unit tests in your code on github listed on CV's it shows better software engineering
05-11-2023 00:17:01.501321070 INFO: Checking for consistency of processing times between [Phoenix] and [Phoenix]
05-11-2023 00:17:01.501360582 INFO: Starting processing of order [update]
05-11-2023 00:17:01.501366623 OTHER: It is all a matter of time scale. An event that would be unthinkable in a hundred years may be inevitable in a hundred million years - Carl Sagan
05-11-2023 00:17:01.501373227 ERROR: Un-requested message from exchange (Rook): ooops this was not suppoed to happen, what are we supposed to do now!!!
05-11-2023 00:17:01.501378909 DEBUG: Received code: *two* what should i do with this?
05-11-2023 00:17:01.501383428 DEBUG: String processing of order *update*
05-11-2023 00:17:02.589503351 ERROR: Receiving data a few usec slower now, microwave playing up again
05-11-2023 00:17:02.589534451 DEBUG: Exiting unimportant code area
05-11-2023 00:17:02.589547337 CRIT: Uncaught excpetion : <Queen> - No one is supposed to see this, but oh dear we matched the wrong orders!!!
05-11-2023 00:17:04.341893402 WARN: Unknown order {update} from exchange {Rook}, notifying server {Unicorn}
05-11-2023 00:17:04.341919506 OTHER: If there is mention of any performance on your CV make sure you can back it up ie benchmarks
05-11-2023 00:17:04.341927535 DEBUG: Received heartbeat from exchange *King*
05-11-2023 00:17:04.592193913 INFO: Starting processing of order [add]
05-11-2023 00:17:04.592223143 ERROR: Unable to contact server (Unicorn), this keeps happening can someone from X team please fix this
05-11-2023 00:17:04.592231410 WARN: Unable to create order {additional_info} due to waiting batch response from exchange {Bishop}
05-11-2023 00:17:04.592237487 DEBUG: Entering unimportant code area!!!
05-11-2023 00:17:05.63393238 DEBUG: Useless debug message, because dubug is full of these
05-11-2023 00:17:05.63420335 DEBUG: Pinging server *Phoenix*
05-11-2023 00:17:05.63425306 DEBUG: Entering unimportant code area!!!
05-11-2023 00:17:06.314765031 INFO: Unable to commmunicate with transport from [Unicorn] for code [five]
05-11-2023 00:17:06.314790795 DEBUG: Exiting unimportant code area
05-11-2023 00:17:06.314796593 DEBUG: Received ping from server *Phoenix*
05-11-2023 00:17:06.314804524 ERROR: Unexpected field in message MSG-644288 from exchange (Queen), reverting previous processing
05-11-2023 00:17:07.523165289 INFO: Received awake call from server [Dragon] with code [two]
05-11-2023 00:17:07.523191773 DEBUG: Received code: *nine* what should i do with this?
05-11-2023 00:17:07.523197465 DEBUG: Received code: *three* what should i do with this?
05-11-2023 00:17:07.523203908 ERROR: Un-requested message from exchange (King): ooops this was not suppoed to happen, what are we supposed to do now!!!
05-11-2023 00:17:07.523209886 INFO: Checking for consistency of processing times between [Unicorn] and [Unicorn]
05-11-2023 00:17:08.82289716 INFO: Starting processing of order [additional_info]
05-11-2023 00:17:08.82307216 DEBUG: Received code: *four* what should i do with this?
05-11-2023 00:17:08.82311088 INFO: Checking for consistency of processing times between [Phoenix] and [Phoenix]
05-11-2023 00:17:08.82314530 OTHER: One must be deeply aware of the impermanence of the world.
05-11-2023 00:17:08.82318320 ERROR: Received Unknown error from exchange (Knight), message: This should never happen, now we are in trouble!!!
05-11-2023 00:17:08.82320559 DEBUG: Received code: *four* what should i do with this?
05-11-2023 00:17:08.82323066 DEBUG: Sending keep alive to exchange *Bishop*
05-11-2023 00:17:08.82404429 ERROR: Unable to contact server (Unicorn), this keeps happening can someone from X team please fix this
05-11-2023 00:17:08.82411973 INFO: Received awake call from server [Griffin] with code [eight]
05-11-2023 00:17:08.82416396 DEBUG: Starting loop
05-11-2023 00:17:09.226515340 ERROR: Received Unknown error from exchange (Knight), message: This should never happen, now we are in trouble!!!
05-11-2023 00:17:09.226526182 INFO: Unable to commmunicate with transport from [Dragon] for code [ten]
05-11-2023 00:17:10.417699360 ERROR: Receiving data a few usec slower now, microwave playing up again
05-11-2023 00:17:10.417728119 DEBUG: Continuing to process order *add*
05-11-2023 00:17:10.417741001 OTHER: When your own life is threatened, your sense of empathy is blunted by a terrible, selfish hunger for survival
05-11-2023 00:17:10.417754477 INFO: Received awake call from server [Unicorn] with code [six]
05-11-2023 00:17:10.417765736 DEBUG: Received heartbeat from exchange *Rook*
05-11-2023 00:17:10.417776120 DEBUG: Finished loop
05-11-2023 00:17:10.417789031 ERROR: Unexpected field in message MSG-1097 from exchange (King), reverting previous processing
05-11-2023 00:17:12.174984561 INFO: Starting batch mode for exchange [Knight]
05-11-2023 00:17:12.175011632 DEBUG: Starting loop
05-11-2023 00:17:12.175018124 DEBUG: Continuing to process order *update*
05-11-2023 00:17:12.175024754 ERROR: Unable to contact server (Griffin), this keeps happening can someone from X team please fix this
05-11-2023 00:17:12.175030029 DEBUG: Received ping from server *Phoenix*
05-11-2023 00:17:12.175033789 DEBUG: Finished loop
05-11-2023 00:17:12.932218624 WARN: Reconnection request received from {Unicorn}, sleeping 5665ms before reconnecting
05-11-2023 00:17:12.932231605 DEBUG: Entering unimportant code area!!!
05-11-2023 00:17:12.932233955 DEBUG: String processing of order *additional_info*
05-11-2023 00:17:12.932235930 WARN: Reconnection request received from {Phoenix}, sleeping 933ms before reconnecting
05-11-2023 00:17:12.932238386 ERROR: Unable to contact server (Phoenix), this keeps happening can someone from X team please fix this
05-11-2023 00:17:12.932240160 DEBUG: Entering unimportant code area!!!
05-11-2023 00:17:12.932241642 DEBUG: Useless debug message, because dubug is full of these
05-11-2023 00:17:12.932243835 INFO: Starting processing of order [additional_info]
05-11-2023 00:17:12.932245384 DEBUG: Exiting unimportant code area
05-11-2023 00:17:14.747346652 DEBUG: Creating exchange message: *add* for exchange *Bishop*
05-11-2023 00:17:14.747385782 WARN: Unknown order {update} from exchange {Knight}, notifying server {Griffin}
05-11-2023 00:17:16.314473033 OTHER: Mathematics seems to endow one with something like a new sense - Darwin, Charles
05-11-2023 00:17:16.314487414 INFO: Starting processing of order [add]
05-11-2023 00:17:16.314491149 INFO: Creating additional connection object for exchange [Knight]
05-11-2023 00:17:17.617674041 ERROR: Unexpected field in message MSG-446 from exchange (Bishop), reverting previous processing
05-11-2023 00:17:17.617700379 DEBUG: Sending keep alive to exchange *Rook*
05-11-2023 00:17:17.617706343 DEBUG: Entering unimportant code area!!!
05-11-2023 00:17:17.617711591 DEBUG: Starting loop
05-11-2023 00:17:17.617716257 DEBUG: Starting loop
05-11-2023 00:17:18.405941665 INFO: Received awake call from server [Unicorn] with code [five]
05-11-2023 00:17:18.405972941 INFO: Received awake call from server [Griffin] with code [two]
05-11-2023 00:17:18.405981650 INFO: Received awake call from server [Phoenix] with code [one]
05-11-2023 00:17:18.405988549 INFO: Sleeping for 1284ms, because there is nothing to do
05-11-2023 00:17:18.405998406 WARN: Delay of 756us in receiving response from server {Phoenix}, halting order processing from exchange {King}
05-11-2023 00:17:20.67351935 INFO: Received awake call from server [Griffin] with code [five]
05-11-2023 00:17:20.67376726 ERROR: Received Unknown error from exchange (King), message: This should never happen, now we are in trouble!!!
05-11-2023 00:17:20.67383926 WARN: Unknown order {delete} from exchange {Bishop}, notifying server {Dragon}
05-11-2023 00:17:20.67388603 INFO: Unable to commmunicate with transport from [Griffin] for code [six]
05-11-2023 00:17:20.67392503 ERROR: Un-requested message from exchange (Knight): ooops this was not suppoed to happen, what are we supposed to do now!!!
05-11-2023 00:17:20.67397476 DEBUG: Starting loop
05-11-2023 00:17:21.667711598 INFO: Starting processing of order [delete]
05-11-2023 00:17:21.667735616 OTHER: Nature hides her secrets because of her essential loftiness, but not by means of ruse - Einstein, Albert
05-11-2023 00:17:21.667741622 INFO: Creating additional connection object for exchange [King]
05-11-2023 00:17:21.667747081 DEBUG: Continuing to process order *delete*
05-11-2023 00:17:21.667751998 INFO: Sending order type [add] to exchange [King]
05-11-2023 00:17:21.667755681 DEBUG: Useless debug message, because dubug is full of these
05-11-2023 00:17:21.852906114 ERROR: No message from exchange (Bishop) for over 48233us, sending heartbeat and reconnection request
05-11-2023 00:17:21.852929544 INFO: Sending order type [update] to exchange [Rook]
05-11-2023 00:17:21.852935094 INFO: Requesting resend of message from server [Phoenix] with code [one]
05-11-2023 00:17:21.852940005 INFO: Writing raw data to file for order code [four] message id: ORD-786783
05-11-2023 00:17:23.263027054 DEBUG: Starting loop
05-11-2023 00:17:23.263052762 OTHER: I had no idea a living being could sustain so much injury and go on living
05-11-2023 00:17:23.263062238 INFO: Writing raw data to file for order code [nine] message id: ORD-16527
05-11-2023 00:17:23.263067764 INFO: Checking for consistency of processing times between [Phoenix] and [Dragon]
05-11-2023 00:17:23.263072021 DEBUG: Pinging server *Unicorn*
05-11-2023 00:17:23.263076806 INFO: Sending order type [timing] to exchange [King]
05-11-2023 00:17:24.984280789 INFO: Checking for consistency of processing times between [Dragon] and [Griffin]
05-11-2023 00:17:24.984292581 WARN: Unknown order {timing} from exchange {King}, notifying server {Unicorn}
05-11-2023 00:17:24.984295204 DEBUG: Entering unimportant code area!!!
05-11-2023 00:17:24.984296909 DEBUG: Entering unimportant code area!!!
05-11-2023 00:17:25.793620375 DEBUG: Recreating message with new code NEWC-120
05-11-2023 00:17:25.793648895 DEBUG: Continuing to process order *timing*
05-11-2023 00:17:25.793655867 INFO: Writing raw data to file for order code [five] message id: ORD-1909
05-11-2023 00:17:25.793661108 DEBUG: Continuing to process order *update*
05-11-2023 00:17:25.793666638 OTHER: When you realize nothing is lacking, the whole world belongs to you. - Lao Tzu
05-11-2023 00:17:25.793672450 DEBUG: Creating exchange message: *timing* for exchange *Knight*
05-11-2023 00:17:25.793676627 DEBUG: Useless debug message, because dubug is full of these
05-11-2023 00:17:25.793681548 INFO: Unable to commmunicate with transport from [Dragon] for code [eight]
05-11-2023 00:17:25.793686972 INFO: Sending order type [timing] to exchange [Queen]
05-11-2023 00:17:25.793691786 OTHER: Know evcerything thats is on the CV, looks bad if you cannot answer questions about things on your own CV
05-11-2023 00:17:26.607855314 DEBUG: Exiting unimportant code area
05-11-2023 00:17:27.27038099 INFO: Received awake call from server [Unicorn] with code [five]
05-11-2023 00:17:27.27060795 ERROR: Receiving data a few usec slower now, microwave playing up again
05-11-2023 00:17:27.27067043 OTHER: The good, of course, is always beautiful, and the beautiful never lacks proportion - Plato
05-11-2023 00:17:27.27072162 OTHER: Don't forget to design your code to be plugable, ie extra features can be added via a simple extendable interface
05-11-2023 00:17:27.27077825 DEBUG: Finished loop
05-11-2023 00:17:27.27083365 INFO: Creating additional connection object for exchange [King]
05-11-2023 00:17:27.27088641 DEBUG: Sending keep alive to exchange *Queen*
05-11-2023 00:17:27.27093584 INFO: Unable to commmunicate with transport from [Griffin] for code [nine]
05-11-2023 00:17:27.27202125 WARN: Unknown order {timing} from exchange {King}, notifying server {Dragon}
05-11-2023 00:17:28.223509855 DEBUG: Exiting unimportant code area
05-11-2023 00:17:28.223533173 DEBUG: Finished loop
05-11-2023 00:17:28.223539750 INFO: Creating additional connection object for exchange [Queen]
05-11-2023 00:17:28.223545157 DEBUG: Sending keep alive to exchange *Bishop*
05-11-2023 00:17:28.223551029 ERROR: Un-requested message from exchange (Bishop): ooops this was not suppoed to happen, what are we supposed to do now!!!
05-11-2023 00:17:28.223555851 INFO: Unable to commmunicate with transport from [Unicorn] for code [seven]
05-11-2023 00:17:28.223559946 DEBUG: Received ping from server *Unicorn*
05-11-2023 00:17:28.223563626 DEBUG: Useless debug message, because dubug is full of these
05-11-2023 00:17:28.223567018 ERROR: Un-requested message from exchange (Bishop): ooops this was not suppoed to happen, what are we supposed to do now!!!
05-11-2023 00:17:28.223571042 DEBUG: Received code: *three* what should i do with this?
05-11-2023 00:17:29.772923014 DEBUG: Creating exchange message: *update* for exchange *Bishop*
05-11-2023 00:17:29.772948730 DEBUG: Received code: *seven* what should i do with this?
05-11-2023 00:17:29.772954960 OTHER: One must be deeply aware of the impermanence of the world.
05-11-2023 00:17:29.772962202 INFO: Unable to commmunicate with transport from [Unicorn] for code [six]
05-11-2023 00:17:29.858118303 DEBUG: String processing of order *delete*
05-11-2023 00:17:29.858145379 INFO: Checking for consistency of processing times between [Phoenix] and [Unicorn]
05-11-2023 00:17:31.683417665 DEBUG: Continuing to process order *timing*
05-11-2023 00:17:31.683439701 DEBUG: Starting loop
05-11-2023 00:17:31.683444301 DEBUG: Useless debug message, because dubug is full of these
05-11-2023 00:17:31.683449301 DEBUG: Creating exchange message: *additional_info* for exchange *Knight*
05-11-2023 00:17:31.683452629 DEBUG: Useless debug message, because dubug is full of these
05-11-2023 00:17:31.683456557 DEBUG: Sending keep alive to exchange *Rook*
05-11-2023 00:17:33.87770413 DEBUG: Continuing to process order *add*
05-11-2023 00:17:33.87795555 DEBUG: Sending keep alive to exchange *King*
05-11-2023 00:17:33.87800130 DEBUG: Starting loop
05-11-2023 00:17:33.87803746 DEBUG: Entering unimportant code area!!!
05-11-2023 00:17:33.429004464 INFO: Checking for consistency of processing times between [Griffin] and [Dragon]
05-11-2023 00:17:33.429026590 INFO: Requesting resend of message from server [Griffin] with code [two]
05-11-2023 00:17:33.429032466 DEBUG: Pinging server *Phoenix*
05-11-2023 00:17:33.429037646 DEBUG: Received ping from server *Griffin*
05-11-2023 00:17:33.429041853 DEBUG: Received ping from server *Unicorn*
05-11-2023 00:17:33.429047192 INFO: Writing raw data to file for order code [eight] message id: ORD-14
05-11-2023 00:17:35.395179577 DEBUG: Exiting unimportant code area
05-11-2023 00:17:35.395205497 DEBUG: Creating exchange message: *additional_info* for exchange *Bishop*
05-11-2023 00:17:35.395212561 ERROR: Received Unknown error from exchange (Bishop), message: This should never happen, now we are in trouble!!!
05-11-2023 00:17:35.395218585 INFO: Writing raw data to file for order code [six] message id: ORD-56485
05-11-2023 00:17:35.395223723 DEBUG: Creating exchange message: *delete* for exchange *Knight*
05-11-2023 00:17:36.451340235 INFO: Sending order type [add] to exchange [Bishop]
05-11-2023 00:17:36.451350038 DEBUG: Received code: *one* what should i do with this?
05-11-2023 00:17:36.451353440 WARN: Feed group for exchange {Queen} missing starting group GP-6692, exchange response: Did not know we were supposed to do this, better get this implementated ASAP!!!
05-11-2023 00:17:36.451355072 DEBUG: Finished loop
05-11-2023 00:17:36.451356413 DEBUG: Entering unimportant code area!!!
05-11-2023 00:17:36.451358197 INFO: Writing raw data to file for order code [three] message id: ORD-3460
05-11-2023 00:17:36.451360895 ERROR: Unexpected field in message MSG-3486 from exchange (King), reverting previous processing
05-11-2023 00:17:36.451362115 DEBUG: Finished loop
05-11-2023 00:17:38.182431703 INFO: Unable to commmunicate with transport from [Griffin] for code [six]
05-11-2023 00:17:38.182444511 OTHER: If you give a github repo in your CV make sure to have someone review the code, recruiters will look at the code
05-11-2023 00:17:38.182449367 DEBUG: Exiting unimportant code area
05-11-2023 00:17:38.182453723 OTHER: I had no idea a living being could sustain so much injury and go on living
05-11-2023 00:17:38.197560092 ERROR: Unexpected field in message MSG-104543 from exchange (Bishop), reverting previous processing
05-11-2023 00:17:38.197570011 INFO: Received awake call from server [Griffin] with code [eight]
05-11-2023 00:17:38.197571879 INFO: Creating additional connection object for exchange [Queen]
05-11-2023 00:17:38.197574085 INFO: Starting batch mode for exchange [Queen]
05-11-2023 00:17:38.197576376 DEBUG: Received ping from server *Dragon*
05-11-2023 00:17:38.197578225 DEBUG: Continuing to process order *add*
05-11-2023 00:17:38.197580244 INFO: Received reponse from exchange [Bishop] for [additional_info] with id [RSP-2664]
05-11-2023 00:17:38.197581739 INFO: Unable to commmunicate with transport from [Phoenix] for code [eight]
05-11-2023 00:17:38.197583220 ERROR: Receiving data a few usec slower now, microwave playing up again
05-11-2023 00:17:39.665773633 DEBUG: Useless debug message, because dubug is full of these
05-11-2023 00:17:39.665802991 ERROR: Unable to contact server (Phoenix), this keeps happening can someone from X team please fix this
05-11-2023 00:17:39.665809605 DEBUG: Received heartbeat from exchange *Knight*
05-11-2023 00:17:39.665815265 DEBUG: Creating exchange message: *update* for exchange *Queen*
05-11-2023 00:17:39.665819264 DEBUG: Creating exchange message: *timing* for exchange *Queen*
05-11-2023 00:17:39.665823265 DEBUG: Sending keep alive to exchange *Bishop*
05-11-2023 00:17:39.665829631 WARN: Unknown order {delete} from exchange {King}, notifying server {Dragon}
05-11-2023 00:17:39.665834296 DEBUG: Entering unimportant code area!!!
05-11-2023 00:17:40.513006701 ERROR: Un-requested message from exchange (Rook): ooops this was not suppoed to happen, what are we supposed to do now!!!
05-11-2023 00:17:40.513041303 INFO: Unable to commmunicate with transport from [Phoenix] for code [six]
05-11-2023 00:17:40.513051420 DEBUG: Continuing to process order *update*
05-11-2023 00:17:41.571211198 DEBUG: Finished loop
05-11-2023 00:17:41.571242292 WARN: Reconnection request received from {Phoenix}, sleeping 82ms before reconnecting
05-11-2023 00:17:41.571249288 DEBUG: Pinging server *Griffin*
05-11-2023 00:17:41.571253752 DEBUG: Starting loop
05-11-2023 00:17:41.571259536 DEBUG: Recreating message with new code NEWC-133936
05-11-2023 00:17:41.571265306 DEBUG: Creating exchange message: *additional_info* for exchange *Knight*
05-11-2023 00:17:41.571271466 INFO: Sleeping for 07ms, because there is nothing to do
05-11-2023 00:17:41.571275941 DEBUG: Pinging server *Dragon*
05-11-2023 00:17:43.541441111 INFO: Requesting resend of message from server [Unicorn] with code [nine]
05-11-2023 00:17:43.541467402 INFO: Sending order type [add] to exchange [Knight]
05-11-2023 00:17:43.541472735 INFO: Sending order type [additional_info] to exchange [Queen]
05-11-2023 00:17:43.541480126 ERROR: Unexpected field in message MSG-260249 from exchange (Rook), reverting previous processing
05-11-2023 00:17:44.552572325 INFO: Sending order type [additional_info] to exchange [Knight]
05-11-2023 00:17:45.12705141 DEBUG: Exiting unimportant code area
05-11-2023 00:17:45.12739356 INFO: Creating additional connection object for exchange [Bishop]
05-11-2023 00:17:45.12747985 DEBUG: Exiting unimportant code area
05-11-2023 00:17:45.12756370 INFO: Aggregating tick from exchange [Knight] to [Phoenix]
05-11-2023 00:17:45.12766784 OTHER: If there is mention of any performance on your CV make sure you can back it up ie benchmarks
05-11-2023 00:17:45.12926259 OTHER: When you realize nothing is lacking, the whole world belongs to you. - Lao Tzu
05-11-2023 00:17:45.12941540 DEBUG: Creating exchange message: *add* for exchange *Queen*
05-11-2023 00:17:45.222106755 DEBUG: Pinging server *Phoenix*
05-11-2023 00:17:45.222135377 INFO: Writing raw data to file for order code [five] message id: ORD-14127
05-11-2023 00:17:45.222141561 DEBUG: Starting loop
05-11-2023 00:17:45.222146498 DEBUG: Received code: *three* what should i do with this?
05-11-2023 00:17:45.222152112 OTHER: One must be deeply aware of the impermanence of the world.
05-11-2023 00:17:45.222158356 WARN: Received out of order message from exchange {Knight}
05-11-2023 00:17:45.222163768 DEBUG: Continuing to process order *timing*
05-11-2023 00:17:46.616318380 DEBUG: Entering unimportant code area!!!
05-11-2023 00:17:46.616346928 DEBUG: Recreating message with new code NEWC-37245
05-11-2023 00:17:46.616354409 INFO: Received awake call from server [Unicorn] with code [three]
05-11-2023 00:17:48.533512639 ERROR: No message from exchange (Knight) for over 87us, sending heartbeat and reconnection request
05-11-2023 00:17:48.533538514 INFO: Aggregating tick from exchange [Queen] to [Unicorn]
05-11-2023 00:17:48.533545776 DEBUG: Starting loop
05-11-2023 00:17:48.533551302 DEBUG: Pinging server *Unicorn*
05-11-2023 00:17:48.533556301 DEBUG: Received heartbeat from exchange *Bishop*
05-11-2023 00:17:48.533560830 INFO: Aggregating tick from exchange [Queen] to [Dragon]
05-11-2023 00:17:48.533566863 OTHER: Know evcerything thats is on the CV, looks bad if you cannot answer questions about things on your own CV
05-11-2023 00:17:49.205782273 DEBUG: Entering unimportant code area!!!
05-11-2023 00:17:49.205795031 DEBUG: Entering unimportant code area!!!
05-11-2023 00:17:49.205797536 DEBUG: Received ping from server *Phoenix*
05-11-2023 00:17:49.205799406 DEBUG: Received heartbeat from exchange *King*
05-11-2023 00:17:49.205801962 OTHER: If you give a github repo in your CV make sure to have someone review the code, recruiters will look at the code
05-11-2023 00:17:49.205804068 OTHER: The most beautiful thing we can experience is the mysterious. It is the source of all true art and science - Einstein, Albert
05-11-2023 00:17:49.205805721 OTHER: All true artists, whether they know it or not, create from a place of no-mind, from inner stillness. – Eckhart Tolle
05-11-2023 00:17:49.205808668 WARN: Delay of 00us in receiving response from server {Unicorn}, halting order processing from exchange {King}
05-11-2023 00:17:49.205811635 INFO: Writing raw data to file for order code [five] message id: ORD-660631
05-11-2023 00:17:49.609007069 DEBUG: Pinging server *Phoenix*
05-11-2023 00:17:49.609034503 INFO: Sleeping for 55881ms, because there is nothing to do
05-11-2023 00:17:49.609041482 OTHER: The lower you are, the higher your mind will want to soar.
05-11-2023 00:17:51.310347711 OTHER: Nature hides her secrets because of her essential loftiness, but not by means of ruse - Einstein, Albert
05-11-2023 00:17:51.310361840 INFO: Checking for consistency of processing times between [Griffin] and [Phoenix]
05-11-2023 00:17:51.310364951 DEBUG: Finished loop
05-11-2023 00:17:51.310367246 INFO: Creating additional connection object for exchange [Queen]
05-11-2023 00:17:51.310369185 DEBUG: Starting loop
05-11-2023 00:17:51.310371536 INFO: Writing raw data to file for order code [seven] message id: ORD-7488
05-11-2023 00:17:51.310373482 OTHER: The good, of course, is always beautiful, and the beautiful never lacks proportion - Plato
05-11-2023 00:17:52.755478861 INFO: Creating additional connection object for exchange [Rook]
05-11-2023 00:17:52.755488253 DEBUG: Finished loop
05-11-2023 00:17:54.443846199 DEBUG: Finished loop
05-11-2023 00:17:54.443873929 DEBUG: Received code: *six* what should i do with this?
05-11-2023 00:17:54.443882532 OTHER: If you give a github repo in your CV make sure to have someone review the code, recruiters will look at the code
05-11-2023 00:17:54.443887490 OTHER: Have unit tests in your code on github listed on CV's it shows better software engineering
05-11-2023 00:17:54.443891150 DEBUG: Finished loop
05-11-2023 00:17:54.443895860 DEBUG: Received ping from server *Unicorn*
05-11-2023 00:17:54.443900388 DEBUG: Received heartbeat from exchange *Queen*
05-11-2023 00:17:54.443904045 OTHER: Know evcerything thats is on the CV, looks bad if you cannot answer questions about things on your own CV
05-11-2023 00:17:54.443907594 DEBUG: Finished loop
05-11-2023 00:17:54.803988245 INFO: Starting batch mode for exchange [King]
05-11-2023 00:17:54.804001830 INFO: Unable to commmunicate with transport from [Phoenix] for code [ten]
05-11-2023 00:17:54.804006265 DEBUG: Sending keep alive to exchange *Queen*
05-11-2023 00:17:54.804008657 INFO: Requesting resend of message from server [Unicorn] with code [four]
05-11-2023 00:17:54.804011180 INFO: Received awake call from server [Griffin] with code [six]
05-11-2023 00:17:54.804013835 INFO: Creating additional connection object for exchange [Rook]
05-11-2023 00:17:54.804016134 DEBUG: Received code: *two* what should i do with this?
05-11-2023 00:17:56.784149555 INFO: Aggregating tick from exchange [Bishop] to [Griffin]
05-11-2023 00:17:56.784167865 DEBUG: Pinging server *Dragon*
05-11-2023 00:17:56.784171659 DEBUG: Useless debug message, because dubug is full of these
05-11-2023 00:17:56.784176572 WARN: Feed group for exchange {Bishop} missing starting group GP-1520, exchange response: Did not know we were supposed to do this, better get this implementated ASAP!!!
05-11-2023 00:17:56.784180463 DEBUG: Continuing to process order *delete*
05-11-2023 00:17:56.784183504 WARN: Feed group for exchange {Bishop} missing starting group GP-92096, exchange response: Did not know we were supposed to do this, better get this implementated ASAP!!!
05-11-2023 00:17:56.784186166 DEBUG: Starting loop
05-11-2023 00:17:56.784189074 DEBUG: Received code: *two* what should i do with this?
05-11-2023 00:17:57.274577348 OTHER: The lower you are, the higher your mind will want to soar.
05-11-2023 00:17:57.657973583 ERROR: Unable to contact server (Griffin), this keeps happening can someone from X team please fix this
05-11-2023 00:17:57.658050979 INFO: Aggregating tick from exchange [King] to [Unicorn]
05-11-2023 00:17:57.658057292 ERROR: Receiving data a few usec slower now, microwave playing up again
05-11-2023 00:17:58.319215789 DEBUG: Received heartbeat from exchange *Rook*
05-11-2023 00:17:58.319242823 ERROR: No message from exchange (Queen) for over 2829us, sending heartbeat and reconnection request
05-11-2023 00:17:58.319249189 DEBUG: Received ping from server *Phoenix*
05-11-2023 00:17:58.319254788 OTHER: When you realize nothing is lacking, the whole world belongs to you. - Lao Tzu
05-11-2023 00:17:58.319260746 DEBUG: String processing of order *additional_info*
05-11-2023 00:17:58.319265844 DEBUG: Creating exchange message: *delete* for exchange *Knight*
05-11-2023 00:18:00.92342269 DEBUG: Received ping from server *Phoenix*
05-11-2023 00:18:00.92358369 WARN: Received out of order message from exchange {Queen}
05-11-2023 00:18:00.92362658 INFO: Aggregating tick from exchange [King] to [Griffin]
05-11-2023 00:18:00.92368014 ERROR: No message from exchange (Rook) for over 2540us, sending heartbeat and reconnection request
05-11-2023 00:18:00.92373511 INFO: Sending order type [delete] to exchange [Queen]
05-11-2023 00:18:00.92380795 DEBUG: Continuing to process order *add*
05-11-2023 00:18:00.92400997 CRIT: Over clocked servers gone all silly again !!! blame it on the sun spots!!!
05-11-2023 00:18:00.92403614 INFO: Starting batch mode for exchange [Queen]
05-11-2023 00:18:00.92405646 DEBUG: Finished loop
05-11-2023 00:18:00.92407621 DEBUG: Starting loop
05-11-2023 00:18:01.473532705 ERROR: Unable to find order ORD-9171 sent to exchange (Bishop)
05-11-2023 00:18:01.473564120 DEBUG: Pinging server *Phoenix*
05-11-2023 00:18:01.473574884 OTHER: Mathematics seems to endow one with something like a new sense - Darwin, Charles
05-11-2023 00:18:01.473583101 DEBUG: Useless debug message, because dubug is full of these
05-11-2023 00:18:02.537130121 INFO: 
Exchange order message timing output
  Exchange            Order recv nu  X (us)
      King           timing    8000     192
      King           update   17068     775
      King           delete   14393     287
      King              add    8564     740
      King  additional_info   16152    1355
     Queen           timing   12602     464
     Queen           update   17972     520
     Queen           delete    8641     412
     Queen              add   16054     403
     Queen  additional_info   12601     746
    Bishop           timing   13010     581
    Bishop           update   15068    1059
    Bishop           delete   18154     411
    Bishop              add    9103     727
    Bishop  additional_info   12992    1191
      Rook           timing   18924     634
      Rook           update   11149     528
      Rook           delete   16833     331
      Rook              add   15592     778
      Rook  additional_info   19893     956
    Knight           timing   10964     788
    Knight           update   16672     952
    Knight           delete   15818     229
    Knight              add   15580     843
    Knight  additional_info   11272    1005

05-11-2023 00:18:02.537155062 DEBUG: Continuing to process order *update*
05-11-2023 00:18:02.537162652 INFO: Aggregating tick from exchange [Bishop] to [Griffin]
05-11-2023 00:18:02.537168160 DEBUG: Received ping from server *Griffin*
05-11-2023 00:18:02.537174948 WARN: Reconnection request received from {Griffin}, sleeping 536436ms before reconnecting
05-11-2023 00:18:02.537181378 ERROR: Unable to contact server (Griffin), this keeps happening can someone from X team please fix this
05-11-2023 00:18:02.537186687 DEBUG: String processing of order *delete*
05-11-2023 00:18:02.537192022 DEBUG: Recreating message with new code NEWC-7892
05-11-2023 00:18:02.537197866 INFO: Received reponse from exchange [Knight] for [add] with id [RSP-59]
05-11-2023 00:18:02.537202655 INFO: Creating additional connection object for exchange [Knight]
05-11-2023 00:18:03.18339516 INFO: Creating additional connection object for exchange [Queen]
05-11-2023 00:18:03.18365914 DEBUG: Received heartbeat from exchange *Queen*
05-11-2023 00:18:03.18371717 DEBUG: Exiting unimportant code area
05-11-2023 00:18:03.18376561 DEBUG: Received code: *nine* what should i do with this?
05-11-2023 00:18:03.18381737 DEBUG: Creating exchange message: *additional_info* for exchange *Queen*
05-11-2023 00:18:03.18386950 DEBUG: Recreating message with new code NEWC-036
05-11-2023 00:18:03.18392218 INFO: Starting processing of order [delete]
05-11-2023 00:18:03.18396612 DEBUG: Pinging server *Unicorn*
05-11-2023 00:18:03.18400583 DEBUG: Received code: *one* what should i do with this?
05-11-2023 00:18:03.439504383 DEBUG: Exiting unimportant code area
05-11-2023 00:18:03.439532778 DEBUG: Recreating message with new code NEWC-0011
05-11-2023 00:18:03.439537696 DEBUG: Entering unimportant code area!!!
05-11-2023 00:18:03.439542412 DEBUG: Received ping from server *Unicorn*
05-11-2023 00:18:03.439548607 WARN: Received unexpected code {seven} from server {Dragon}
05-11-2023 00:18:03.439553393 DEBUG: Useless debug message, because dubug is full of these
05-11-2023 00:18:03.520713951 DEBUG: Continuing to process order *timing*
05-11-2023 00:18:03.520739816 INFO: Sending order type [timing] to exchange [Bishop]
05-11-2023 00:18:03.520747251 INFO: Writing raw data to file for order code [ten] message id: ORD-33053
05-11-2023 00:18:03.520752166 DEBUG: Pinging server *Phoenix*
05-11-2023 00:18:03.520758184 WARN: Received unexpected code {five} from server {Phoenix}
05-11-2023 00:18:03.520764131 DEBUG: Recreating message with new code NEWC-05
05-11-2023 00:18:03.520769095 INFO: Requesting resend of message from server [Phoenix] with code [three]
05-11-2023 00:18:04.302958330 INFO: Starting batch mode for exchange [Queen]
05-11-2023 00:18:04.302984523 DEBUG: String processing of order *delete*
05-11-2023 00:18:04.302990186 DEBUG: Continuing to process order *add*
05-11-2023 00:18:05.864146543 OTHER: If there is mention of any performance on your CV make sure you can back it up ie benchmarks
05-11-2023 00:18:05.864175256 INFO: Unable to commmunicate with transport from [Unicorn] for code [four]
05-11-2023 00:18:05.864182356 DEBUG: Entering unimportant code area!!!
05-11-2023 00:18:05.864188657 DEBUG: Recreating message with new code NEWC-48
05-11-2023 00:18:05.864193330 DEBUG: Received code: *one* what should i do with this?
05-11-2023 00:18:05.864197800 OTHER: All that we are, is the result of what we have thought. The mind is everything. What we think, we become. - Buddha
05-11-2023 00:18:05.892323463 DEBUG: Pinging server *Dragon*
05-11-2023 00:18:05.892348143 ERROR: Receiving data a few usec slower now, microwave playing up again
05-11-2023 00:18:05.892356145 ERROR: No message from exchange (Knight) for over 820us, sending heartbeat and reconnection request
05-11-2023 00:18:05.995558860 WARN: Feed group for exchange {Rook} missing starting group GP-4665, exchange response: Did not know we were supposed to do this, better get this implementated ASAP!!!
05-11-2023 00:18:05.995587860 ERROR: Unexpected field in message MSG-213841 from exchange (Queen), reverting previous processing
05-11-2023 00:18:05.995596215 DEBUG: Creating exchange message: *timing* for exchange *Knight*
05-11-2023 00:18:05.995603294 INFO: Aggregating tick from exchange [Knight] to [Phoenix]
05-11-2023 00:18:05.995608712 DEBUG: Continuing to process order *timing*
05-11-2023 00:18:05.995613336 INFO: Received awake call from server [Unicorn] with code [nine]
05-11-2023 00:18:07.69774694 ERROR: Unable to find order ORD-4695 sent to exchange (Rook)
05-11-2023 00:18:07.69792757 INFO: Unable to commmunicate with transport from [Unicorn] for code [seven]
05-11-2023 00:18:07.69797278 OTHER: One must be deeply aware of the impermanence of the world.
05-11-2023 00:18:07.69801474 DEBUG: Finished loop
05-11-2023 00:18:07.69805077 DEBUG: Received heartbeat from exchange *Knight*
05-11-2023 00:18:07.69808289 ERROR: Un-requested message from exchange (Queen): ooops this was not suppoed to happen, what are we supposed to do now!!!
05-11-2023 00:18:07.69811894 DEBUG: String processing of order *delete*
05-11-2023 00:18:07.69814865 ERROR: Unable to find order ORD-1941 sent to exchange (Queen)
05-11-2023 00:18:07.69818307 DEBUG: Recreating message with new code NEWC-511
05-11-2023 00:18:07.741007070 DEBUG: Creating exchange message: *delete* for exchange *Rook*
05-11-2023 00:18:07.741032337 OTHER: I had no idea a living being could sustain so much injury and go on living
05-11-2023 00:18:07.741038454 DEBUG: Creating exchange message: *timing* for exchange *King*
05-11-2023 00:18:07.741045166 INFO: Checking for consistency of processing times between [Griffin] and [Griffin]
05-11-2023 00:18:08.742236412 DEBUG: Recreating message with new code NEWC-6094
05-11-2023 00:18:08.742263027 DEBUG: Received code: *six* what should i do with this?
05-11-2023 00:18:10.726420043 INFO: Received awake call from server [Unicorn] with code [nine]
05-11-2023 00:18:10.726448659 ERROR: Unexpected field in message MSG-33 from exchange (Knight), reverting previous processing
05-11-2023 00:18:10.726456015 DEBUG: Pinging server *Griffin*
05-11-2023 00:18:10.726461230 ERROR: Receiving data a few usec slower now, microwave playing up again
05-11-2023 00:18:11.71580272 ERROR: No message from exchange (Queen) for over 0572us, sending heartbeat and reconnection request
05-11-2023 00:18:11.71613786 INFO: Sleeping for 7036ms, because there is nothing to do
05-11-2023 00:18:11.89700605 DEBUG: Received heartbeat from exchange *Rook*
05-11-2023 00:18:11.89716968 DEBUG: Received ping from server *Unicorn*
05-11-2023 00:18:11.89722414 ERROR: Unable to find order ORD-57 sent to exchange (Rook)
05-11-2023 00:18:11.89727095 INFO: Starting batch mode for exchange [Knight]
05-11-2023 00:18:11.89732881 WARN: Unable to create order {additional_info} due to waiting batch response from exchange {Bishop}
05-11-2023 00:18:11.361068151 INFO: Requesting resend of message from server [Griffin] with code [three]
05-11-2023 00:18:11.361229866 DEBUG: Finished loop
05-11-2023 00:18:11.361237439 DEBUG: Starting loop
05-11-2023 00:18:11.361242202 DEBUG: Entering unimportant code area!!!
05-11-2023 00:18:11.361247571 INFO: Requesting resend of message from server [Dragon] with code [five]
05-11-2023 00:18:11.361253862 INFO: Sending order type [additional_info] to exchange [Bishop]
05-11-2023 00:18:11.361259023 DEBUG: Continuing to process order *update*
05-11-2023 00:18:11.361264126 INFO: Writing raw data to file for order code [six] message id: ORD-59591
05-11-2023 00:18:11.361267839 DEBUG: Entering unimportant code area!!!
05-11-2023 00:18:12.159585190 INFO: Sending order type [timing] to exchange [Knight]
05-11-2023 00:18:12.159610569 INFO: Aggregating tick from exchange [Queen] to [Dragon]
05-11-2023 00:18:12.159615535 INFO: Starting batch mode for exchange [Knight]
05-11-2023 00:18:12.159621094 DEBUG: Received code: *nine* what should i do with this?
05-11-2023 00:18:12.159627235 OTHER: Let go, or be dragged - Zen Proverb
05-11-2023 00:18:12.913728505 DEBUG: Entering unimportant code area!!!
05-11-2023 00:18:12.913756121 INFO: Starting processing of order [additional_info]
05-11-2023 00:18:12.913762407 DEBUG: Starting loop
05-11-2023 00:18:12.913771430 CRIT: Servers <Dragon> and <Dragon> are both down!!!! now we are running at half capacity in a busy marketReceived order <update> for code <ten> errr that wasn't supposed to happen
05-11-2023 00:18:12.913777995 DEBUG: Recreating message with new code NEWC-9530
05-11-2023 00:18:13.531875034 ERROR: Unexpected field in message MSG-92 from exchange (Bishop), reverting previous processing
05-11-2023 00:18:13.531903666 DEBUG: Received code: *five* what should i do with this?
05-11-2023 00:18:13.531910518 DEBUG: Received ping from server *Dragon*
05-11-2023 00:18:13.531914773 DEBUG: Received ping from server *Griffin*
05-11-2023 00:18:13.531919027 DEBUG: Starting loop
05-11-2023 00:18:13.531925488 INFO: Starting batch mode for exchange [Bishop]
05-11-2023 00:18:13.531930777 DEBUG: Sending keep alive to exchange *Queen*
05-11-2023 00:18:13.531934902 DEBUG: Useless debug message, because dubug is full of these
05-11-2023 00:18:14.788123517 DEBUG: Finished loop
05-11-2023 00:18:14.788150063 DEBUG: Entering unimportant code area!!!
05-11-2023 00:18:14.788155646 DEBUG: Entering unimportant code area!!!
05-11-2023 00:18:14.788162515 INFO: Creating additional connection object for exchange [Rook]
05-11-2023 00:18:14.788168205 DEBUG: String processing of order *add*
05-11-2023 00:18:14.788173773 DEBUG: Recreating message with new code NEWC-18611
05-11-2023 00:18:14.788178737 INFO: Writing raw data to file for order code [five] message id: ORD-7381
05-11-2023 00:18:14.788182697 DEBUG: Starting loop
05-11-2023 00:18:14.788186812 INFO: Creating additional connection object for exchange [King]
05-11-2023 00:18:14.788193642 ERROR: Unable to find order ORD-93 sent to exchange (Queen)
05-11-2023 00:18:16.334328039 INFO: Aggregating tick from exchange [Bishop] to [Phoenix]
05-11-2023 00:18:16.334353562 INFO: Creating additional connection object for exchange [King]
05-11-2023 00:18:16.334361383 DEBUG: Sending keep alive to exchange *King*
05-11-2023 00:18:16.334367052 DEBUG: Starting loop
05-11-2023 00:18:16.334373602 WARN: Unable to create order {add} due to waiting batch response from exchange {Rook}
05-11-2023 00:18:18.3647987 DEBUG: Starting loop
05-11-2023 00:18:18.3680838 INFO: Received reponse from exchange [Queen] for [timing] with id [RSP-261179]
05-11-2023 00:18:18.3687775 INFO: Sleeping for 310ms, because there is nothing to do
05-11-2023 00:18:18.3692819 DEBUG: Useless debug message, because dubug is full of these
05-11-2023 00:18:18.299837597 DEBUG: Pinging server *Phoenix*
05-11-2023 00:18:18.299864594 INFO: Sleeping for 511ms, because there is nothing to do
05-11-2023 00:18:18.299872970 WARN: Reconnection request received from {Griffin}, sleeping 85ms before reconnecting
05-11-2023 00:18:18.299878579 DEBUG: Received code: *six* what should i do with this?
05-11-2023 00:18:18.299883746 DEBUG: Received heartbeat from exchange *Rook*
05-11-2023 00:18:18.299887482 DEBUG: Received heartbeat from exchange *Rook*
05-11-2023 00:18:18.299892537 INFO: Unable to commmunicate with transport from [Dragon] for code [seven]
05-11-2023 00:18:18.299897844 DEBUG: Recreating message with new code NEWC-48
05-11-2023 00:18:18.472229396 ERROR: Unable to find order ORD-07 sent to exchange (King)
05-11-2023 00:18:18.472257053 DEBUG: Sending keep alive to exchange *Bishop*
05-11-2023 00:18:18.472263464 DEBUG: Received ping from server *Griffin*
05-11-2023 00:18:18.472269886 INFO: Requesting resend of message from server [Unicorn] with code [seven]
05-11-2023 00:18:18.472275071 INFO: Requesting resend of message from server [Phoenix] with code [two]
05-11-2023 00:18:18.472279454 DEBUG: Received code: *three* what should i do with this?
05-11-2023 00:18:18.472283380 DEBUG: Useless debug message, because dubug is full of these
05-11-2023 00:18:18.472287861 ERROR: Un-requested message from exchange (Rook): ooops this was not suppoed to happen, what are we supposed to do now!!!
05-11-2023 00:18:18.472293409 OTHER: Let go, or be dragged - Zen Proverb
05-11-2023 00:18:18.472299187 INFO: Sending order type [add] to exchange [King]
05-11-2023 00:18:20.115416688 DEBUG: Useless debug message, because dubug is full of these
05-11-2023 00:18:20.115431969 INFO: Checking for consistency of processing times between [Griffin] and [Phoenix]
05-11-2023 00:18:20.115433979 DEBUG: Finished loop
05-11-2023 00:18:20.115435392 DEBUG: Exiting unimportant code area
05-11-2023 00:18:20.115438734 CRIT: Exchange <Queen>, issue received: This is bad!!!, this is above my pay grade we are going to lose alot of money because of this, i'm going to bail out!!!
05-11-2023 00:18:20.115440582 INFO: Creating additional connection object for exchange [Bishop]
05-11-2023 00:18:20.115443231 ERROR: No message from exchange (Knight) for over 44us, sending heartbeat and reconnection request
05-11-2023 00:18:20.518597414 DEBUG: Received ping from server *Griffin*
05-11-2023 00:18:20.518621866 DEBUG: Received ping from server *Unicorn*
05-11-2023 00:18:20.518629205 INFO: Checking for consistency of processing times between [Griffin] and [Dragon]
05-11-2023 00:18:20.518635760 DEBUG: Recreating message with new code NEWC-6237
05-11-2023 00:18:20.518640705 INFO: Unable to commmunicate with transport from [Griffin] for code [one]
05-11-2023 00:18:20.518646675 INFO: Sleeping for 996274ms, because there is nothing to do
05-11-2023 00:18:20.518651131 DEBUG: Received heartbeat from exchange *Knight*
05-11-2023 00:18:20.518655808 INFO: Writing raw data to file for order code [eight] message id: ORD-956735
05-11-2023 00:18:21.172932989 INFO: Starting batch mode for exchange [King]
05-11-2023 00:18:21.172959431 INFO: Received awake call from server [Unicorn] with code [ten]
05-11-2023 00:18:22.64111544 INFO: Requesting resend of message from server [Phoenix] with code [nine]
05-11-2023 00:18:22.64136134 INFO: Requesting resend of message from server [Dragon] with code [six]
05-11-2023 00:18:22.722324458 ERROR: No message from exchange (Rook) for over 188us, sending heartbeat and reconnection request
05-11-2023 00:18:22.722351098 DEBUG: Pinging server *Dragon*
05-11-2023 00:18:22.722358403 INFO: Creating additional connection object for exchange [Bishop]
05-11-2023 00:18:22.722365062 DEBUG: Recreating message with new code NEWC-575272
05-11-2023 00:18:22.722369522 INFO: Creating additional connection object for exchange [Queen]
05-11-2023 00:18:22.722374583 INFO: Writing raw data to file for order code [three] message id: ORD-48912
05-11-2023 00:18:23.100564227 INFO: Checking for consistency of processing times between [Unicorn] and [Unicorn]
05-11-2023 00:18:23.100591731 INFO: Received reponse from exchange [Bishop] for [update] with id [RSP-279]
05-11-2023 00:18:23.100598407 DEBUG: Received code: *ten* what should i do with this?
05-11-2023 00:18:23.100604718 DEBUG: String processing of order *additional_info*
05-11-2023 00:18:23.100609336 INFO: Aggregating tick from exchange [Bishop] to [Unicorn]
05-11-2023 00:18:23.100738164 DEBUG: Pinging server *Unicorn*
05-11-2023 00:18:23.100744847 DEBUG: Sending keep alive to exchange *Queen*
05-11-2023 00:18:23.100749173 DEBUG: Received code: *eight* what should i do with this?
05-11-2023 00:18:24.394082048 DEBUG: Finished loop
05-11-2023 00:18:24.394112603 DEBUG: Sending keep alive to exchange *Knight*
05-11-2023 00:18:25.481249338 DEBUG: Continuing to process order *additional_info*
05-11-2023 00:18:25.481274627 INFO: Starting processing of order [additional_info]
05-11-2023 00:18:27.210637231 INFO: Requesting resend of message from server [Unicorn] with code [six]
05-11-2023 00:18:27.210665502 INFO: Received reponse from exchange [Rook] for [update] with id [RSP-38]
05-11-2023 00:18:27.210671640 DEBUG: String processing of order *add*
05-11-2023 00:18:27.210677086 DEBUG: Useless debug message, because dubug is full of these
05-11-2023 00:18:28.881994981 OTHER: Irrationality is the square root of all evil - Douglas Hofstadter
05-11-2023 00:18:28.882024348 DEBUG: Received ping from server *Griffin*
05-11-2023 00:18:28.882031044 DEBUG: Continuing to process order *timing*
05-11-2023 00:18:29.883121887 OTHER: One must be deeply aware of the impermanence of the world.
05-11-2023 00:18:29.883145235 DEBUG: Received code: *three* what should i do with this?
05-11-2023 00:18:29.883151751 OTHER: I had no idea a living being could sustain so much injury and go on living
05-11-2023 00:18:30.768256334 DEBUG: Useless debug message, because dubug is full of these
05-11-2023 00:18:30.768278334 DEBUG: Starting loop
05-11-2023 00:18:30.768285065 INFO: Unable to commmunicate with transport from [Phoenix] for code [nine]
05-11-2023 00:18:30.768290951 OTHER: All that we are, is the result of what we have thought. The mind is everything. What we think, we become. - Buddha
05-11-2023 00:18:30.768295338 OTHER: If there is mention of any performance on your CV make sure you can back it up ie benchmarks
05-11-2023 00:18:30.768300567 ERROR: Received Unknown error from exchange (Queen), message: This should never happen, now we are in trouble!!!
05-11-2023 00:18:30.768304921 INFO: Unable to commmunicate with transport from [Unicorn] for code [two]
05-11-2023 00:18:31.484465246 DEBUG: Received ping from server *Griffin*
05-11-2023 00:18:31.484480848 INFO: Requesting resend of message from server [Dragon] with code [ten]
05-11-2023 00:18:31.484484498 DEBUG: Continuing to process order *delete*
05-11-2023 00:18:31.484488588 INFO: Received reponse from exchange [Rook] for [timing] with id [RSP-183011]
05-11-2023 00:18:31.484491284 INFO: Aggregating tick from exchange [King] to [Griffin]
05-11-2023 00:18:31.484493750 DEBUG: Continuing to process order *timing*
05-11-2023 00:18:32.108658779 INFO: Sending order type [additional_info] to exchange [King]
05-11-2023 00:18:32.108687684 ERROR: No message from exchange (Queen) for over 949us, sending heartbeat and reconnection request
05-11-2023 00:18:32.108695378 DEBUG: Received ping from server *Phoenix*
05-11-2023 00:18:32.108701210 INFO: Sending order type [timing] to exchange [Rook]
05-11-2023 00:18:32.108706382 DEBUG: Sending keep alive to exchange *Knight*
05-11-2023 00:18:33.199012309 ERROR: Receiving data a few usec slower now, microwave playing up again
05-11-2023 00:18:33.199041870 WARN: Unknown order {update} from exchange {Queen}, notifying server {Unicorn}
05-11-2023 00:18:33.199047197 ERROR: Receiving data a few usec slower now, microwave playing up again
05-11-2023 00:18:33.199053286 INFO: Creating additional connection object for exchange [Queen]
05-11-2023 00:18:33.199060424 ERROR: Unexpected field in message MSG-12 from exchange (Rook), reverting previous processing
05-11-2023 00:18:33.788172064 OTHER: It is all a matter of time scale. An event that would be unthinkable in a hundred years may be inevitable in a hundred million years - Carl Sagan
05-11-2023 00:18:33.788207095 INFO: Starting processing of order [timing]
05-11-2023 00:18:33.788216338 INFO: Aggregating tick from exchange [Queen] to [Unicorn]
05-11-2023 00:18:33.788227082 ERROR: Unexpected field in message MSG-983 from exchange (Knight), reverting previous processing
05-11-2023 00:18:33.788235402 ERROR: Un-requested message from exchange (Bishop): ooops this was not suppoed to happen, what are we supposed to do now!!!
05-11-2023 00:18:33.788242049 ERROR: Unexpected field in message MSG-367336 from exchange (Bishop), reverting previous processing
05-11-2023 00:18:33.788249128 ERROR: Unable to find order ORD-2440 sent to exchange (Bishop)
05-11-2023 00:18:33.788256828 INFO: Received reponse from exchange [Knight] for [delete] with id [RSP-65664]
05-11-2023 00:18:35.224620744 DEBUG: Starting loop
05-11-2023 00:18:35.224692259 ERROR: Un-requested message from exchange (King): ooops this was not suppoed to happen, what are we supposed to do now!!!
05-11-2023 00:18:35.224700308 DEBUG: Pinging server *Dragon*
05-11-2023 00:18:36.294823355 CRIT: Wow this is serious exchange <Rook> has not ack'ed our order ORD-3086 at all!!!!
05-11-2023 00:18:36.294849585 DEBUG: Exiting unimportant code area
05-11-2023 00:18:36.294854849 DEBUG: Exiting unimportant code area
05-11-2023 00:18:36.294862651 ERROR: Unexpected field in message MSG-02139 from exchange (Queen), reverting previous processing
05-11-2023 00:18:36.294868396 ERROR: Unable to contact server (Phoenix), this keeps happening can someone from X team please fix this
05-11-2023 00:18:36.294873724 ERROR: No message from exchange (Bishop) for over 49us, sending heartbeat and reconnection request
05-11-2023 00:18:37.42067312 OTHER: The most beautiful thing we can experience is the mysterious. It is the source of all true art and science - Einstein, Albert
05-11-2023 00:18:37.42094564 DEBUG: Starting loop
05-11-2023 00:18:37.42100520 DEBUG: Useless debug message, because dubug is full of these
05-11-2023 00:18:37.42107504 INFO: Received awake call from server [Phoenix] with code [four]
05-11-2023 00:18:37.42114250 WARN: Received unexpected code {four} from server {Unicorn}
05-11-2023 00:18:37.42119428 DEBUG: Pinging server *Phoenix*
05-11-2023 00:18:37.42124965 DEBUG: Creating exchange message: *add* for exchange *Knight*
05-11-2023 00:18:37.42130170 OTHER: It is all a matter of time scale. An event that would be unthinkable in a hundred years may be inevitable in a hundred million years - Carl Sagan
05-11-2023 00:18:37.42137119 WARN: Received unknown message from exchange {King}, message: Its a slow day going to the kings head in 5 minutes anyone else wants to come?
05-11-2023 00:18:38.74277173 DEBUG: Received code: *five* what should i do with this?
05-11-2023 00:18:38.74302407 INFO: Creating additional connection object for exchange [Knight]
05-11-2023 00:18:38.74307350 INFO: Creating additional connection object for exchange [Knight]
05-11-2023 00:18:38.74311234 DEBUG: Finished loop
05-11-2023 00:18:38.74316057 INFO: Sleeping for 4639ms, because there is nothing to do
05-11-2023 00:18:38.74320411 INFO: Received awake call from server [Griffin] with code [ten]
05-11-2023 00:18:38.74325433 INFO: Received reponse from exchange [Bishop] for [additional_info] with id [RSP-52247]
05-11-2023 00:18:38.74328611 DEBUG: Finished loop
05-11-2023 00:18:38.74332378 DEBUG: Useless debug message, because dubug is full of these
05-11-2023 00:18:38.74338358 WARN: Delay of 37us in receiving response from server {Griffin}, halting order processing from exchange {Knight}
05-11-2023 00:18:39.795526134 DEBUG: Pinging server *Unicorn*
05-11-2023 00:18:39.795551284 INFO: Checking for consistency of processing times between [Unicorn] and [Phoenix]
05-11-2023 00:18:39.795558432 ERROR: Unable to contact server (Phoenix), this keeps happening can someone from X team please fix this
05-11-2023 00:18:39.795563447 DEBUG: Starting loop
05-11-2023 00:18:39.795567537 DEBUG: String processing of order *add*
05-11-2023 00:18:41.622715609 INFO: Aggregating tick from exchange [Bishop] to [Phoenix]
05-11-2023 00:18:41.622740141 DEBUG: Entering unimportant code area!!!
05-11-2023 00:18:41.622748955 ERROR: Unable to find order ORD-1907 sent to exchange (Rook)
05-11-2023 00:18:42.405126616 INFO: Checking for consistency of processing times between [Griffin] and [Griffin]
05-11-2023 00:18:42.690625542 DEBUG: Recreating message with new code NEWC-0217
05-11-2023 00:18:42.690653545 DEBUG: Entering unimportant code area!!!
05-11-2023 00:18:42.690661114 INFO: Checking for consistency of processing times between [Dragon] and [Unicorn]
05-11-2023 00:18:42.690666914 DEBUG: Sending keep alive to exchange *King*
05-11-2023 00:18:42.690672291 INFO: Sending order type [delete] to exchange [Knight]
05-11-2023 00:18:42.690676780 INFO: Checking for consistency of processing times between [Dragon] and [Unicorn]
05-11-2023 00:18:44.167828316 DEBUG: Useless debug message, because dubug is full of these
05-11-2023 00:18:44.167862659 DEBUG: Continuing to process order *add*
05-11-2023 00:18:44.167870969 DEBUG: Creating exchange message: *update* for exchange *Bishop*
05-11-2023 00:18:44.167875441 DEBUG: Received code: *ten* what should i do with this?
05-11-2023 00:18:44.167881698 INFO: Sleeping for 98ms, because there is nothing to do
05-11-2023 00:18:44.167886885 DEBUG: Received ping from server *Griffin*
05-11-2023 00:18:44.167891130 DEBUG: String processing of order *delete*
05-11-2023 00:18:44.167895142 DEBUG: Creating exchange message: *timing* for exchange *Knight*
05-11-2023 00:18:44.167900440 ERROR: Receiving data a few usec slower now, microwave playing up again
05-11-2023 00:18:44.167905370 DEBUG: Continuing to process order *timing*
05-11-2023 00:18:45.454003625 INFO: Received awake call from server [Unicorn] with code [three]
05-11-2023 00:18:45.454030518 DEBUG: Pinging server *Dragon*
05-11-2023 00:18:45.454037875 INFO: Checking for consistency of processing times between [Phoenix] and [Phoenix]
05-11-2023 00:18:45.454042565 DEBUG: Exiting unimportant code area
05-11-2023 00:18:45.454048375 DEBUG: Creating exchange message: *delete* for exchange *Bishop*
05-11-2023 00:18:45.454052998 DEBUG: Received heartbeat from exchange *Queen*
05-11-2023 00:18:45.454057039 DEBUG: Useless debug message, because dubug is full of these
05-11-2023 00:18:45.454060986 DEBUG: Sending keep alive to exchange *Knight*
05-11-2023 00:18:46.125232259 DEBUG: Creating exchange message: *additional_info* for exchange *King*
05-11-2023 00:18:46.125256509 DEBUG: Starting loop
05-11-2023 00:18:46.125263705 INFO: Received awake call from server [Griffin] with code [two]
05-11-2023 00:18:46.125270485 OTHER: Have unit tests in your code on github listed on CV's it shows better software engineering
05-11-2023 00:18:46.125276759 INFO: Sending order type [timing] to exchange [Rook]
05-11-2023 00:18:47.528380229 DEBUG: Recreating message with new code NEWC-609437
05-11-2023 00:18:47.528405983 OTHER: The lower you are, the higher your mind will want to soar.
05-11-2023 00:18:47.528414951 INFO: Received reponse from exchange [Queen] for [additional_info] with id [RSP-027]
05-11-2023 00:18:47.528420891 INFO: Starting batch mode for exchange [Bishop]
05-11-2023 00:18:47.528425315 DEBUG: Entering unimportant code area!!!
05-11-2023 00:18:47.528430300 INFO: Writing raw data to file for order code [eight] message id: ORD-705392
05-11-2023 00:18:47.528434675 INFO: Aggregating tick from exchange [King] to [Dragon]
05-11-2023 00:18:48.738541374 INFO: Requesting resend of message from server [Unicorn] with code [two]
05-11-2023 00:18:48.738570894 DEBUG: Recreating message with new code NEWC-171
05-11-2023 00:18:48.738582692 DEBUG: Pinging server *Dragon*
05-11-2023 00:18:48.738593878 DEBUG: Sending keep alive to exchange *Rook*
05-11-2023 00:18:48.738605382 ERROR: Receiving data a few usec slower now, microwave playing up again
05-11-2023 00:18:48.738615929 DEBUG: Received ping from server *Dragon*
05-11-2023 00:18:48.738627829 WARN: Received unexpected code {three} from server {Unicorn}
05-11-2023 00:18:48.915769007 DEBUG: Received ping from server *Dragon*
05-11-2023 00:18:50.179000192 DEBUG: Exiting unimportant code area
05-11-2023 00:18:50.179029339 OTHER: All that we are, is the result of what we have thought. The mind is everything. What we think, we become. - Buddha
05-11-2023 00:18:50.179041025 DEBUG: String processing of order *timing*
05-11-2023 00:18:50.179046746 OTHER: It is all a matter of time scale. An event that would be unthinkable in a hundred years may be inevitable in a hundred million years - Carl Sagan
05-11-2023 00:18:50.179070777 ERROR: Received Unknown error from exchange (King), message: This should never happen, now we are in trouble!!!
05-11-2023 00:18:51.321426888 DEBUG: Continuing to process order *timing*
05-11-2023 00:18:51.321454257 INFO: Received awake call from server [Phoenix] with code [seven]
05-11-2023 00:18:51.321460096 DEBUG: Useless debug message, because dubug is full of these
05-11-2023 00:18:51.321464706 DEBUG: Exiting unimportant code area
05-11-2023 00:18:51.321469245 DEBUG: Received ping from server *Griffin*
05-11-2023 00:18:51.321474444 INFO: Sleeping for 7629ms, because there is nothing to do
05-11-2023 00:18:51.321479439 INFO: Writing raw data to file for order code [one] message id: ORD-31
05-11-2023 00:18:51.321483784 INFO: Requesting resend of message from server [Dragon] with code [two]
05-11-2023 00:18:52.25847462 INFO: Sleeping for 76ms, because there is nothing to do
05-11-2023 00:18:52.25877959 DEBUG: Creating exchange message: *timing* for exchange *Queen*
05-11-2023 00:18:52.25884170 INFO: Writing raw data to file for order code [nine] message id: ORD-75
05-11-2023 00:18:52.25889009 DEBUG: Entering unimportant code area!!!
05-11-2023 00:18:52.25893403 DEBUG: Pinging server *Griffin*
05-11-2023 00:18:52.25898526 INFO: Checking for consistency of processing times between [Griffin] and [Griffin]
05-11-2023 00:18:53.569101565 INFO: Aggregating tick from exchange [Queen] to [Unicorn]
05-11-2023 00:18:53.569129120 DEBUG: Sending keep alive to exchange *Rook*
05-11-2023 00:18:53.569136916 INFO: Received reponse from exchange [Rook] for [add] with id [RSP-238467]
05-11-2023 00:18:53.569141705 DEBUG: Received heartbeat from exchange *Queen*
05-11-2023 00:18:53.569146031 INFO: Starting batch mode for exchange [Rook]
05-11-2023 00:18:53.569149917 DEBUG: Entering unimportant code area!!!
05-11-2023 00:18:53.569154579 INFO: Sending order type [update] to exchange [Knight]
05-11-2023 00:18:53.569159977 INFO: Sleeping for 48184ms, because there is nothing to do
05-11-2023 00:18:53.569164994 DEBUG: Creating exchange message: *timing* for exchange *King*
05-11-2023 00:18:53.569170209 WARN: Received out of order message from exchange {Knight}
05-11-2023 00:18:54.358279867 DEBUG: Received ping from server *Unicorn*
05-11-2023 00:18:54.358312153 DEBUG: Exiting unimportant code area
05-11-2023 00:18:54.358326956 INFO: Checking for consistency of processing times between [Phoenix] and [Griffin]
05-11-2023 00:18:54.358336767 DEBUG: Starting loop
05-11-2023 00:18:55.813589248 DEBUG: Starting loop
05-11-2023 00:18:55.813621827 INFO: Starting processing of order [update]
05-11-2023 00:18:55.813627748 DEBUG: Finished loop
05-11-2023 00:18:55.813635542 WARN: Feed group for exchange {Bishop} missing starting group GP-676694, exchange response: Did not know we were supposed to do this, better get this implementated ASAP!!!
05-11-2023 00:18:55.813640257 DEBUG: Entering unimportant code area!!!
05-11-2023 00:18:56.4722778 INFO: Received awake call from server [Phoenix] with code [three]
05-11-2023 00:18:56.691073911 INFO: Starting batch mode for exchange [Bishop]
05-11-2023 00:18:56.691100696 DEBUG: Entering unimportant code area!!!
05-11-2023 00:18:56.691108015 DEBUG: Recreating message with new code NEWC-0513
05-11-2023 00:18:56.691113613 INFO: Sending order type [delete] to exchange [Knight]
05-11-2023 00:18:56.691117780 DEBUG: Useless debug message, because dubug is full of these
05-11-2023 00:18:56.691122419 INFO: Requesting resend of message from server [Griffin] with code [five]
05-11-2023 00:18:56.691126142 DEBUG: Useless debug message, because dubug is full of these
05-11-2023 00:18:57.779326412 INFO: Starting processing of order [update]
05-11-2023 00:18:57.779353068 DEBUG: Received ping from server *Unicorn*
05-11-2023 00:18:57.779360570 WARN: Received out of order message from exchange {King}
05-11-2023 00:18:57.779368256 INFO: Received reponse from exchange [Queen] for [timing] with id [RSP-2000]
05-11-2023 00:18:57.779638524 OTHER: Know evcerything thats is on the CV, looks bad if you cannot answer questions about things on your own CV
05-11-2023 00:18:57.809799905 ERROR: Unable to contact server (Dragon), this keeps happening can someone from X team please fix this
05-11-2023 00:18:57.809824242 DEBUG: Starting loop
05-11-2023 00:18:57.809832006 INFO: Requesting resend of message from server [Unicorn] with code [one]
05-11-2023 00:18:57.809838225 OTHER: Irrationality is the square root of all evil - Douglas Hofstadter
05-11-2023 00:18:57.809843471 INFO: Unable to commmunicate with transport from [Phoenix] for code [seven]
05-11-2023 00:18:57.809847713 DEBUG: Useless debug message, because dubug is full of these
05-11-2023 00:18:57.809852086 ERROR: Unable to contact server (Dragon), this keeps happening can someone from X team please fix this
05-11-2023 00:18:57.809857370 INFO: Starting processing of order [add]
05-11-2023 00:18:57.809863942 WARN: Unknown order {timing} from exchange {Knight}, notifying server {Griffin}
05-11-2023 00:18:57.809868630 DEBUG: Exiting unimportant code area
05-11-2023 00:18:59.767996315 DEBUG: Received code: *three* what should i do with this?
05-11-2023 00:18:59.768011402 DEBUG: String processing of order *update*
05-11-2023 00:18:59.768013157 DEBUG: Continuing to process order *additional_info*
05-11-2023 00:18:59.768015596 INFO: Creating additional connection object for exchange [Bishop]
05-11-2023 00:18:59.768018200 CRIT: Uncaught excpetion : <Rook> - No one is supposed to see this, but oh dear we matched the wrong orders!!!
05-11-2023 00:18:59.768019838 DEBUG: Entering unimportant code area!!!
05-11-2023 00:18:59.768021008 DEBUG: Entering unimportant code area!!!
05-11-2023 00:19:01.639184916 INFO: Sleeping for 568127ms, because there is nothing to do
05-11-2023 00:19:01.639210590 INFO: Starting batch mode for exchange [Bishop]
05-11-2023 00:19:01.639216663 INFO: Writing raw data to file for order code [one] message id: ORD-1452
05-11-2023 00:19:01.639222739 DEBUG: Received heartbeat from exchange *Queen*
05-11-2023 00:19:02.260334628 DEBUG: Creating exchange message: *timing* for exchange *Knight*
05-11-2023 00:19:02.260344097 DEBUG: Starting loop
05-11-2023 00:19:02.260346183 WARN: Received unexpected code {four} from server {Phoenix}
05-11-2023 00:19:02.260347242 DEBUG: Starting loop
05-11-2023 00:19:02.260348844 OTHER: It is all a matter of time scale. An event that would be unthinkable in a hundred years may be inevitable in a hundred million years - Carl Sagan
05-11-2023 00:19:02.260350027 DEBUG: Useless debug message, because dubug is full of these
05-11-2023 00:19:02.260352059 INFO: Received reponse from exchange [King] for [update] with id [RSP-635]
05-11-2023 00:19:02.260353078 DEBUG: Entering unimportant code area!!!
05-11-2023 00:19:02.747535930 DEBUG: Continuing to process order *delete*
05-11-2023 00:19:02.747562408 OTHER: Nature hides her secrets because of her essential loftiness, but not by means of ruse - Einstein, Albert
05-11-2023 00:19:02.747567823 OTHER: All that we are, is the result of what we have thought. The mind is everything. What we think, we become. - Buddha
05-11-2023 00:19:02.747575531 ERROR: Unable to find order ORD-60827 sent to exchange (King)
05-11-2023 00:19:02.747581053 ERROR: Un-requested message from exchange (Queen): ooops this was not suppoed to happen, what are we supposed to do now!!!
05-11-2023 00:19:02.747587031 INFO: Starting processing of order [additional_info]
05-11-2023 00:19:04.16730310 INFO: Checking for consistency of processing times between [Unicorn] and [Unicorn]
05-11-2023 00:19:04.583845621 DEBUG: Pinging server *Griffin*
05-11-2023 00:19:04.583869070 DEBUG: Starting loop
05-11-2023 00:19:04.583881776 ERROR: Unable to find order ORD-78 sent to exchange (Bishop)
05-11-2023 00:19:04.583893101 INFO: Writing raw data to file for order code [four] message id: ORD-577134
05-11-2023 00:19:04.583902225 DEBUG: Useless debug message, because dubug is full of these
05-11-2023 00:19:06.56991228 INFO: Creating additional connection object for exchange [Queen]
05-11-2023 00:19:06.57008569 OTHER: All that we are, is the result of what we have thought. The mind is everything. What we think, we become. - Buddha
05-11-2023 00:19:06.57013243 ERROR: No message from exchange (Queen) for over 275778us, sending heartbeat and reconnection request
05-11-2023 00:19:06.57016853 DEBUG: String processing of order *delete*
05-11-2023 00:19:07.221122619 INFO: Starting processing of order [delete]
05-11-2023 00:19:07.221133101 OTHER: Following good software engineering, ie have some unit tests, it'll save you so much time in the long run
05-11-2023 00:19:07.221134938 DEBUG: Entering unimportant code area!!!
05-11-2023 00:19:07.221136235 DEBUG: Received ping from server *Griffin*
05-11-2023 00:19:07.631232157 DEBUG: Starting loop
05-11-2023 00:19:08.107357655 WARN: Received unexpected code {two} from server {Unicorn}
05-11-2023 00:19:08.107367437 DEBUG: Pinging server *Phoenix*
05-11-2023 00:19:08.107369386 DEBUG: Received heartbeat from exchange *Queen*
05-11-2023 00:19:09.144475845 DEBUG: Sending keep alive to exchange *Queen*
05-11-2023 00:19:09.144487639 DEBUG: Continuing to process order *update*
05-11-2023 00:19:09.144489689 WARN: Received out of order message from exchange {King}
05-11-2023 00:19:09.144492055 ERROR: Un-requested message from exchange (Queen): ooops this was not suppoed to happen, what are we supposed to do now!!!
05-11-2023 00:19:09.144493592 ERROR: Received Unknown error from exchange (Rook), message: This should never happen, now we are in trouble!!!
05-11-2023 00:19:09.144495071 OTHER: All that we are, is the result of what we have thought. The mind is everything. What we think, we become. - Buddha
05-11-2023 00:19:09.144497251 INFO: Sending order type [timing] to exchange [Knight]
05-11-2023 00:19:09.144499300 INFO: Received reponse from exchange [Knight] for [additional_info] with id [RSP-960917]
05-11-2023 00:19:09.144500661 WARN: Received unknown message from exchange {Knight}, message: Its a slow day going to the kings head in 5 minutes anyone else wants to come?
05-11-2023 00:19:10.413659861 ERROR: Un-requested message from exchange (Knight): ooops this was not suppoed to happen, what are we supposed to do now!!!
05-11-2023 00:19:10.413686876 INFO: Requesting resend of message from server [Unicorn] with code [five]
05-11-2023 00:19:10.413693651 INFO: Sending order type [timing] to exchange [King]
05-11-2023 00:19:10.413700398 DEBUG: Recreating message with new code NEWC-3637
05-11-2023 00:19:10.413706618 INFO: Checking for consistency of processing times between [Griffin] and [Unicorn]
05-11-2023 00:19:10.413710728 ERROR: Receiving data a few usec slower now, microwave playing up again
05-11-2023 00:19:10.413715859 DEBUG: Sending keep alive to exchange *Knight*
05-11-2023 00:19:12.313024881 ERROR: Receiving data a few usec slower now, microwave playing up again
05-11-2023 00:19:12.313054005 DEBUG: Pinging server *Unicorn*
05-11-2023 00:19:12.313060466 ERROR: Unable to contact server (Unicorn), this keeps happening can someone from X team please fix this
05-11-2023 00:19:12.313067856 ERROR: Unexpected field in message MSG-178721 from exchange (Bishop), reverting previous processing
05-11-2023 00:19:12.313074672 WARN: {Griffin} slow consumer, no response for 46us, throttling message to server
05-11-2023 00:19:12.313081221 DEBUG: Recreating message with new code NEWC-84409
05-11-2023 00:19:12.313085500 DEBUG: Entering unimportant code area!!!
05-11-2023 00:19:12.865238855 OTHER: I had no idea a living being could sustain so much injury and go on living
05-11-2023 00:19:12.865266389 DEBUG: Continuing to process order *update*
05-11-2023 00:19:12.865273044 DEBUG: Received heartbeat from exchange *Bishop*
05-11-2023 00:19:12.865279469 INFO: Received awake call from server [Griffin] with code [six]
05-11-2023 00:19:12.865285250 INFO: Writing raw data to file for order code [four] message id: ORD-012
05-11-2023 00:19:13.993580285 DEBUG: Exiting unimportant code area
