04-11-2023 15:56:55.47298281 INFO: Author: Adrian Phung
04-11-2023 15:56:55.47302792 INFO: Copyright QRT 2023
04-11-2023 15:56:55.47303841 INFO: Application to simulate logging output of important production processes for use as part of the data feed analysis challenge
04-11-2023 15:56:55.47308316 INFO: durhack 2023
04-11-2023 15:56:55.47309157 INFO: The messages above must be included in all distributed files generated by this application.
04-11-2023 15:56:55.47309895 INFO: =============================================================================================================================
04-11-2023 15:56:55.47314115 DEBUG: Pinging server *Griffin*
04-11-2023 15:56:56.74656086 DEBUG: Exiting unimportant code area
04-11-2023 15:56:56.74685786 DEBUG: Received ping from server *Phoenix*
04-11-2023 15:56:56.74690590 DEBUG: Exiting unimportant code area
04-11-2023 15:56:56.74695248 DEBUG: Received code: *five* what should i do with this?
04-11-2023 15:56:56.74699913 DEBUG: String processing of order *add*
04-11-2023 15:56:56.74706335 ERROR: Received Unknown error from exchange (Queen), message: This should never happen, now we are in trouble!!!
04-11-2023 15:56:56.74713988 WARN: Delay of 141us in receiving response from server {Griffin}, halting order processing from exchange {Queen}
04-11-2023 15:56:56.74718719 DEBUG: Useless debug message, because dubug is full of these
04-11-2023 15:56:56.74725619 INFO: Received reponse from exchange [Queen] for [timing] with id [RSP-5926]
04-11-2023 15:56:56.74731504 DEBUG: Creating exchange message: *delete* for exchange *Bishop*
04-11-2023 15:56:56.297068039 DEBUG: Recreating message with new code NEWC-535897
04-11-2023 15:56:56.337397767 DEBUG: Finished loop
04-11-2023 15:56:56.337431243 ERROR: Unable to contact server (Unicorn), this keeps happening can someone from X team please fix this
04-11-2023 15:56:56.337437998 DEBUG: Pinging server *Griffin*
04-11-2023 15:56:56.337442457 DEBUG: Received ping from server *Griffin*
04-11-2023 15:56:56.337447313 ERROR: Received Unknown error from exchange (King), message: This should never happen, now we are in trouble!!!
04-11-2023 15:56:56.337453382 INFO: Unable to commmunicate with transport from [Unicorn] for code [one]
04-11-2023 15:56:56.337459133 DEBUG: Continuing to process order *additional_info*
04-11-2023 15:56:56.337463005 DEBUG: Finished loop
04-11-2023 15:56:56.959769384 DEBUG: Starting loop
04-11-2023 15:56:56.959796735 ERROR: Unable to contact server (Unicorn), this keeps happening can someone from X team please fix this
04-11-2023 15:56:56.959803725 INFO: Sleeping for 93ms, because there is nothing to do
04-11-2023 15:56:56.959808995 INFO: Unable to commmunicate with transport from [Unicorn] for code [four]
04-11-2023 15:56:56.959813458 DEBUG: Received heartbeat from exchange *Rook*
04-11-2023 15:56:56.959818397 INFO: Sending order type [delete] to exchange [Bishop]
04-11-2023 15:56:56.959824535 INFO: Checking for consistency of processing times between [Griffin] and [Unicorn]
04-11-2023 15:56:56.959828401 DEBUG: Received ping from server *Dragon*
04-11-2023 15:56:56.959832258 INFO: Starting batch mode for exchange [Bishop]
04-11-2023 15:56:58.925019279 INFO: Requesting resend of message from server [Unicorn] with code [four]
04-11-2023 15:56:58.925043038 OTHER: Don't forget to design your code to be plugable, ie extra features can be added via a simple extendable interface
04-11-2023 15:56:58.925049948 DEBUG: Sending keep alive to exchange *King*
04-11-2023 15:56:58.925055654 INFO: Starting processing of order [additional_info]
04-11-2023 15:56:58.925060647 DEBUG: Creating exchange message: *add* for exchange *Bishop*
04-11-2023 15:56:58.925064336 DEBUG: Exiting unimportant code area
04-11-2023 15:56:58.925067947 DEBUG: Received heartbeat from exchange *Knight*
04-11-2023 15:56:58.925073322 WARN: Unknown order {timing} from exchange {Queen}, notifying server {Unicorn}
04-11-2023 15:57:00.20417477 INFO: Checking for consistency of processing times between [Unicorn] and [Griffin]
04-11-2023 15:57:00.20443474 OTHER: When you realize nothing is lacking, the whole world belongs to you. - Lao Tzu
04-11-2023 15:57:00.20451886 INFO: Received reponse from exchange [Rook] for [timing] with id [RSP-2384]
04-11-2023 15:57:00.20457982 INFO: Sleeping for 62ms, because there is nothing to do
04-11-2023 15:57:00.20462850 INFO: Writing raw data to file for order code [five] message id: ORD-643
04-11-2023 15:57:00.20468661 DEBUG: Received ping from server *Unicorn*
04-11-2023 15:57:00.20473796 OTHER: If you give a github repo in your CV make sure to have someone review the code, recruiters will look at the code
04-11-2023 15:57:00.20480802 WARN: Delay of 383us in receiving response from server {Phoenix}, halting order processing from exchange {King}
04-11-2023 15:57:00.20487633 ERROR: Unable to find order ORD-279502 sent to exchange (Bishop)
04-11-2023 15:57:00.271782601 DEBUG: Finished loop
04-11-2023 15:57:00.271809643 DEBUG: Recreating message with new code NEWC-88419
04-11-2023 15:57:00.271816800 INFO: Checking for consistency of processing times between [Dragon] and [Dragon]
04-11-2023 15:57:00.271822368 OTHER: When you realize nothing is lacking, the whole world belongs to you. - Lao Tzu
04-11-2023 15:57:00.271827562 OTHER: It is all a matter of time scale. An event that would be unthinkable in a hundred years may be inevitable in a hundred million years - Carl Sagan
04-11-2023 15:57:00.271831896 INFO: Aggregating tick from exchange [Knight] to [Dragon]
04-11-2023 15:57:00.271836841 DEBUG: Creating exchange message: *timing* for exchange *Knight*
04-11-2023 15:57:00.271844177 ERROR: Un-requested message from exchange (Queen): ooops this was not suppoed to happen, what are we supposed to do now!!!
04-11-2023 15:57:00.271849034 DEBUG: Continuing to process order *additional_info*
04-11-2023 15:57:00.283935137 INFO: Sleeping for 71ms, because there is nothing to do
04-11-2023 15:57:00.283963779 ERROR: No message from exchange (Bishop) for over 69399us, sending heartbeat and reconnection request
04-11-2023 15:57:00.283970121 DEBUG: Finished loop
04-11-2023 15:57:00.283976066 OTHER: Nature hides her secrets because of her essential loftiness, but not by means of ruse - Einstein, Albert
04-11-2023 15:57:00.283980496 ERROR: Receiving data a few usec slower now, microwave playing up again
04-11-2023 15:57:00.283984891 DEBUG: Continuing to process order *add*
04-11-2023 15:57:00.283989066 INFO: Sleeping for 37ms, because there is nothing to do
04-11-2023 15:57:00.283993816 INFO: Creating additional connection object for exchange [King]
04-11-2023 15:57:01.599105319 DEBUG: Creating exchange message: *update* for exchange *Queen*
04-11-2023 15:57:01.599115362 DEBUG: Creating exchange message: *timing* for exchange *Rook*
04-11-2023 15:57:01.599117865 INFO: Requesting resend of message from server [Phoenix] with code [four]
04-11-2023 15:57:02.124297250 INFO: Unable to commmunicate with transport from [Unicorn] for code [seven]
04-11-2023 15:57:02.124368579 CRIT: Wow this is serious exchange <Queen> has not ack'ed our order ORD-51 at all!!!!
04-11-2023 15:57:02.124377292 WARN: Unknown order {timing} from exchange {King}, notifying server {Unicorn}
04-11-2023 15:57:02.124382274 INFO: Received awake call from server [Dragon] with code [three]
04-11-2023 15:57:02.124387176 INFO: Sleeping for 05ms, because there is nothing to do
04-11-2023 15:57:03.531552262 DEBUG: Received heartbeat from exchange *Rook*
04-11-2023 15:57:04.918860116 INFO: Checking for consistency of processing times between [Phoenix] and [Phoenix]
04-11-2023 15:57:04.918884236 INFO: Starting processing of order [additional_info]
04-11-2023 15:57:04.918889990 ERROR: Receiving data a few usec slower now, microwave playing up again
04-11-2023 15:57:04.918895268 DEBUG: Exiting unimportant code area
04-11-2023 15:57:04.918900690 OTHER: Let go, or be dragged - Zen Proverb
04-11-2023 15:57:04.918905524 INFO: Requesting resend of message from server [Phoenix] with code [two]
04-11-2023 15:57:04.918908922 DEBUG: Exiting unimportant code area
04-11-2023 15:57:04.918913491 DEBUG: Continuing to process order *additional_info*
04-11-2023 15:57:04.919031715 DEBUG: Finished loop
04-11-2023 15:57:06.133346869 DEBUG: Exiting unimportant code area
04-11-2023 15:57:08.127643270 INFO: Writing raw data to file for order code [ten] message id: ORD-820
04-11-2023 15:57:08.127695040 DEBUG: Starting loop
04-11-2023 15:57:08.127702998 WARN: Reconnection request received from {Unicorn}, sleeping 97ms before reconnecting
04-11-2023 15:57:08.127708382 DEBUG: String processing of order *timing*
04-11-2023 15:57:08.127713471 INFO: Checking for consistency of processing times between [Phoenix] and [Phoenix]
04-11-2023 15:57:08.127717373 DEBUG: Exiting unimportant code area
04-11-2023 15:57:08.127721000 DEBUG: Starting loop
04-11-2023 15:57:08.127724200 DEBUG: Exiting unimportant code area
04-11-2023 15:57:08.127728257 DEBUG: Received code: *six* what should i do with this?
04-11-2023 15:57:08.127731636 DEBUG: Useless debug message, because dubug is full of these
04-11-2023 15:57:09.231046122 ERROR: Un-requested message from exchange (Knight): ooops this was not suppoed to happen, what are we supposed to do now!!!
04-11-2023 15:57:09.348402217 ERROR: Received Unknown error from exchange (Rook), message: This should never happen, now we are in trouble!!!
04-11-2023 15:57:09.348427632 INFO: Writing raw data to file for order code [ten] message id: ORD-49445
04-11-2023 15:57:09.348433960 DEBUG: Starting loop
04-11-2023 15:57:09.348439054 INFO: Requesting resend of message from server [Unicorn] with code [ten]
04-11-2023 15:57:09.348469369 WARN: Received unknown message from exchange {Queen}, message: Its a slow day going to the kings head in 5 minutes anyone else wants to come?
04-11-2023 15:57:09.963748160 DEBUG: Exiting unimportant code area
04-11-2023 15:57:09.963775064 WARN: {Phoenix} slow consumer, no response for 92us, throttling message to server
04-11-2023 15:57:09.963781425 WARN: Reconnection request received from {Unicorn}, sleeping 307816ms before reconnecting
04-11-2023 15:57:09.963788842 CRIT: Exchange <Queen>, issue received: This is bad!!!, this is above my pay grade we are going to lose alot of money because of this, i'm going to bail out!!!
04-11-2023 15:57:10.561093682 INFO: Requesting resend of message from server [Griffin] with code [nine]
04-11-2023 15:57:10.561117362 DEBUG: Exiting unimportant code area
04-11-2023 15:57:12.384440652 DEBUG: Useless debug message, because dubug is full of these
04-11-2023 15:57:12.384465432 OTHER: I had no idea a living being could sustain so much injury and go on living
04-11-2023 15:57:14.21574415 DEBUG: Creating exchange message: *additional_info* for exchange *Bishop*
04-11-2023 15:57:14.21602209 INFO: Sleeping for 406ms, because there is nothing to do
04-11-2023 15:57:14.21611783 OTHER: When your own life is threatened, your sense of empathy is blunted by a terrible, selfish hunger for survival
04-11-2023 15:57:15.878891506 DEBUG: Starting loop
04-11-2023 15:57:15.878907968 DEBUG: Useless debug message, because dubug is full of these
04-11-2023 15:57:15.878913496 INFO: Unable to commmunicate with transport from [Dragon] for code [two]
04-11-2023 15:57:15.878916709 DEBUG: Pinging server *Unicorn*
04-11-2023 15:57:15.878919439 DEBUG: String processing of order *timing*
04-11-2023 15:57:15.878921689 DEBUG: Received ping from server *Griffin*
04-11-2023 15:57:15.878924629 DEBUG: Creating exchange message: *delete* for exchange *Rook*
04-11-2023 15:57:15.878927206 INFO: Starting batch mode for exchange [Knight]
04-11-2023 15:57:15.878929938 INFO: Sending order type [additional_info] to exchange [King]
04-11-2023 15:57:15.878933048 OTHER: The good, of course, is always beautiful, and the beautiful never lacks proportion - Plato
04-11-2023 15:57:17.439229370 DEBUG: Received heartbeat from exchange *Bishop*
04-11-2023 15:57:17.439253357 ERROR: Received Unknown error from exchange (Bishop), message: This should never happen, now we are in trouble!!!
04-11-2023 15:57:17.439259612 ERROR: Unable to find order ORD-28 sent to exchange (Queen)
04-11-2023 15:57:17.439264075 DEBUG: Pinging server *Dragon*
04-11-2023 15:57:17.439268227 ERROR: Un-requested message from exchange (Rook): ooops this was not suppoed to happen, what are we supposed to do now!!!
04-11-2023 15:57:19.82572794 WARN: Feed group for exchange {Rook} missing starting group GP-620899, exchange response: Did not know we were supposed to do this, better get this implementated ASAP!!!
04-11-2023 15:57:19.82597128 DEBUG: Creating exchange message: *timing* for exchange *King*
04-11-2023 15:57:19.82602017 DEBUG: Useless debug message, because dubug is full of these
04-11-2023 15:57:19.374764889 INFO: Checking for consistency of processing times between [Unicorn] and [Unicorn]
04-11-2023 15:57:19.374790217 DEBUG: Finished loop
04-11-2023 15:57:19.374797136 INFO: Starting batch mode for exchange [Knight]
04-11-2023 15:57:19.374803221 OTHER: Don't forget to design your code to be plugable, ie extra features can be added via a simple extendable interface
04-11-2023 15:57:19.374808504 INFO: Aggregating tick from exchange [Bishop] to [Griffin]
04-11-2023 15:57:19.374812454 OTHER: If you give a github repo in your CV make sure to have someone review the code, recruiters will look at the code
04-11-2023 15:57:19.374817490 INFO: Writing raw data to file for order code [three] message id: ORD-86280
04-11-2023 15:57:19.374824506 ERROR: No message from exchange (Knight) for over 34us, sending heartbeat and reconnection request
04-11-2023 15:57:19.987935366 DEBUG: Starting loop
04-11-2023 15:57:19.987964606 ERROR: Unexpected field in message MSG-82 from exchange (Rook), reverting previous processing
04-11-2023 15:57:19.987971399 INFO: Starting batch mode for exchange [Bishop]
04-11-2023 15:57:19.987976410 INFO: Aggregating tick from exchange [Queen] to [Griffin]
04-11-2023 15:57:19.987981838 OTHER: Mathematics seems to endow one with something like a new sense - Darwin, Charles
04-11-2023 15:57:20.21276946 INFO: Unable to commmunicate with transport from [Phoenix] for code [three]
04-11-2023 15:57:20.21300689 INFO: Sending order type [update] to exchange [Queen]
04-11-2023 15:57:20.21306539 OTHER: The good, of course, is always beautiful, and the beautiful never lacks proportion - Plato
04-11-2023 15:57:21.828487697 ERROR: Received Unknown error from exchange (Rook), message: This should never happen, now we are in trouble!!!
04-11-2023 15:57:21.828511519 INFO: Starting batch mode for exchange [Queen]
04-11-2023 15:57:21.828518025 DEBUG: Received ping from server *Unicorn*
04-11-2023 15:57:22.643712647 OTHER: All that we are, is the result of what we have thought. The mind is everything. What we think, we become. - Buddha
04-11-2023 15:57:22.643738594 INFO: Aggregating tick from exchange [Queen] to [Phoenix]
04-11-2023 15:57:22.643744376 INFO: Unable to commmunicate with transport from [Griffin] for code [seven]
04-11-2023 15:57:22.643749423 DEBUG: String processing of order *add*
04-11-2023 15:57:22.643754356 DEBUG: Received ping from server *Griffin*
04-11-2023 15:57:22.643758132 DEBUG: Useless debug message, because dubug is full of these
04-11-2023 15:57:22.643764724 ERROR: Unexpected field in message MSG-534 from exchange (King), reverting previous processing
04-11-2023 15:57:22.643769250 DEBUG: String processing of order *timing*
04-11-2023 15:57:22.643774480 WARN: Received unknown message from exchange {Knight}, message: Its a slow day going to the kings head in 5 minutes anyone else wants to come?
04-11-2023 15:57:22.643778823 ERROR: Receiving data a few usec slower now, microwave playing up again
04-11-2023 15:57:23.568053872 DEBUG: String processing of order *additional_info*
04-11-2023 15:57:23.568087475 INFO: Unable to commmunicate with transport from [Phoenix] for code [two]
04-11-2023 15:57:23.568097086 DEBUG: Useless debug message, because dubug is full of these
04-11-2023 15:57:23.568103294 INFO: Starting batch mode for exchange [Rook]
04-11-2023 15:57:23.568108804 DEBUG: Exiting unimportant code area
04-11-2023 15:57:23.568117718 WARN: Delay of 211706us in receiving response from server {Griffin}, halting order processing from exchange {Rook}
04-11-2023 15:57:23.568124499 DEBUG: Received heartbeat from exchange *Queen*
04-11-2023 15:57:23.568283800 OTHER: If you give a github repo in your CV make sure to have someone review the code, recruiters will look at the code
04-11-2023 15:57:23.837605272 OTHER: If you give a github repo in your CV make sure to have someone review the code, recruiters will look at the code
04-11-2023 15:57:23.837630767 DEBUG: Received heartbeat from exchange *Knight*
04-11-2023 15:57:23.837637355 DEBUG: Recreating message with new code NEWC-7982
04-11-2023 15:57:23.837641256 DEBUG: Useless debug message, because dubug is full of these
04-11-2023 15:57:23.837646771 ERROR: Unable to contact server (Unicorn), this keeps happening can someone from X team please fix this
04-11-2023 15:57:25.303738482 DEBUG: Entering unimportant code area!!!
04-11-2023 15:57:25.303762469 DEBUG: Creating exchange message: *timing* for exchange *Knight*
04-11-2023 15:57:25.303768473 OTHER: Know evcerything thats is on the CV, looks bad if you cannot answer questions about things on your own CV
04-11-2023 15:57:25.303773267 OTHER: I had no idea a living being could sustain so much injury and go on living
04-11-2023 15:57:25.303778113 DEBUG: Recreating message with new code NEWC-148086
04-11-2023 15:57:25.303784484 ERROR: Unexpected field in message MSG-5132 from exchange (Knight), reverting previous processing
04-11-2023 15:57:25.303790403 INFO: Requesting resend of message from server [Griffin] with code [eight]
04-11-2023 15:57:25.303794709 DEBUG: Recreating message with new code NEWC-8230
04-11-2023 15:57:26.832989231 OTHER: When you realize nothing is lacking, the whole world belongs to you. - Lao Tzu
04-11-2023 15:57:26.833015798 INFO: Aggregating tick from exchange [King] to [Griffin]
04-11-2023 15:57:26.833021180 INFO: Starting batch mode for exchange [Bishop]
04-11-2023 15:57:26.833027198 DEBUG: Continuing to process order *timing*
04-11-2023 15:57:26.833034145 CRIT: Wow this is serious exchange <King> has not ack'ed our order ORD-66 at all!!!!
04-11-2023 15:57:26.833038641 DEBUG: Entering unimportant code area!!!
04-11-2023 15:57:26.833042022 DEBUG: Exiting unimportant code area
04-11-2023 15:57:26.833046524 DEBUG: Creating exchange message: *additional_info* for exchange *Queen*
04-11-2023 15:57:26.833050403 DEBUG: Received heartbeat from exchange *Knight*
04-11-2023 15:57:26.846209978 INFO: Received reponse from exchange [Queen] for [additional_info] with id [RSP-4709]
04-11-2023 15:57:26.846233198 INFO: Writing raw data to file for order code [three] message id: ORD-38446
04-11-2023 15:57:26.846239638 ERROR: Received Unknown error from exchange (Bishop), message: This should never happen, now we are in trouble!!!
04-11-2023 15:57:26.846245682 DEBUG: Pinging server *Griffin*
04-11-2023 15:57:26.846250550 DEBUG: Received heartbeat from exchange *Knight*
04-11-2023 15:57:26.846254085 DEBUG: Entering unimportant code area!!!
04-11-2023 15:57:28.195557527 INFO: Sleeping for 095ms, because there is nothing to do
04-11-2023 15:57:28.195586223 DEBUG: Entering unimportant code area!!!
04-11-2023 15:57:28.195593157 DEBUG: String processing of order *update*
04-11-2023 15:57:28.195598927 INFO: Requesting resend of message from server [Dragon] with code [nine]
04-11-2023 15:57:28.195602833 DEBUG: Entering unimportant code area!!!
04-11-2023 15:57:29.56890544 DEBUG: Received heartbeat from exchange *Queen*
04-11-2023 15:57:29.56917779 WARN: Delay of 5058us in receiving response from server {Griffin}, halting order processing from exchange {Bishop}
04-11-2023 15:57:29.56925407 OTHER: Have unit tests in your code on github listed on CV's it shows better software engineering
04-11-2023 15:57:29.56932221 ERROR: Un-requested message from exchange (Queen): ooops this was not suppoed to happen, what are we supposed to do now!!!
04-11-2023 15:57:29.56937907 WARN: Unable to create order {additional_info} due to waiting batch response from exchange {Queen}
04-11-2023 15:57:30.139202714 INFO: Sleeping for 223172ms, because there is nothing to do
04-11-2023 15:57:30.139229680 INFO: Received reponse from exchange [Knight] for [additional_info] with id [RSP-53594]
04-11-2023 15:57:30.139235940 INFO: Requesting resend of message from server [Dragon] with code [eight]
04-11-2023 15:57:30.139242037 ERROR: Receiving data a few usec slower now, microwave playing up again
04-11-2023 15:57:31.272547704 DEBUG: Exiting unimportant code area
04-11-2023 15:57:31.272571990 DEBUG: Pinging server *Dragon*
04-11-2023 15:57:31.272578338 OTHER: If you give a github repo in your CV make sure to have someone review the code, recruiters will look at the code
04-11-2023 15:57:31.272585586 INFO: Starting batch mode for exchange [Rook]
04-11-2023 15:57:32.555877104 WARN: Received unknown message from exchange {Rook}, message: Its a slow day going to the kings head in 5 minutes anyone else wants to come?
04-11-2023 15:57:32.555896211 DEBUG: Useless debug message, because dubug is full of these
04-11-2023 15:57:32.555901557 DEBUG: Continuing to process order *update*
04-11-2023 15:57:33.873054264 OTHER: The good, of course, is always beautiful, and the beautiful never lacks proportion - Plato
04-11-2023 15:57:33.873076787 INFO: Checking for consistency of processing times between [Phoenix] and [Griffin]
04-11-2023 15:57:33.873082089 INFO: Aggregating tick from exchange [Bishop] to [Dragon]
04-11-2023 15:57:33.873086532 DEBUG: Exiting unimportant code area
04-11-2023 15:57:34.756394559 DEBUG: Entering unimportant code area!!!
04-11-2023 15:57:34.756420436 INFO: Sleeping for 0812ms, because there is nothing to do
04-11-2023 15:57:34.756426212 DEBUG: Received ping from server *Dragon*
04-11-2023 15:57:35.773735611 DEBUG: Exiting unimportant code area
04-11-2023 15:57:35.773760086 DEBUG: Continuing to process order *update*
04-11-2023 15:57:35.773765099 DEBUG: Received heartbeat from exchange *King*
04-11-2023 15:57:35.773771104 INFO: Writing raw data to file for order code [ten] message id: ORD-848111
04-11-2023 15:57:37.53087103 DEBUG: Received code: *ten* what should i do with this?
04-11-2023 15:57:37.53112443 INFO: Sleeping for 7450ms, because there is nothing to do
04-11-2023 15:57:37.53118588 DEBUG: Received heartbeat from exchange *Bishop*
04-11-2023 15:57:37.53122373 DEBUG: Sending keep alive to exchange *Queen*
04-11-2023 15:57:37.413324333 DEBUG: Pinging server *Dragon*
04-11-2023 15:57:37.413348337 DEBUG: Useless debug message, because dubug is full of these
04-11-2023 15:57:37.413352935 DEBUG: Starting loop
04-11-2023 15:57:37.413358177 OTHER: When your own life is threatened, your sense of empathy is blunted by a terrible, selfish hunger for survival
04-11-2023 15:57:37.413364359 INFO: Starting batch mode for exchange [Queen]
04-11-2023 15:57:37.413370012 INFO: Writing raw data to file for order code [eight] message id: ORD-2841
04-11-2023 15:57:37.413374780 DEBUG: Recreating message with new code NEWC-027
04-11-2023 15:57:38.374496172 DEBUG: Pinging server *Phoenix*
04-11-2023 15:57:38.374517459 DEBUG: Exiting unimportant code area
04-11-2023 15:57:38.374524308 INFO: Writing raw data to file for order code [eight] message id: ORD-01
04-11-2023 15:57:38.374528672 DEBUG: Entering unimportant code area!!!
04-11-2023 15:57:38.374532377 DEBUG: Pinging server *Unicorn*
04-11-2023 15:57:38.374537327 ERROR: Receiving data a few usec slower now, microwave playing up again
04-11-2023 15:57:38.374542352 INFO: Starting batch mode for exchange [Bishop]
04-11-2023 15:57:39.858727590 ERROR: Unable to find order ORD-938 sent to exchange (Bishop)
04-11-2023 15:57:39.858750550 OTHER: I had no idea a living being could sustain so much injury and go on living
04-11-2023 15:57:39.858758368 WARN: {Dragon} slow consumer, no response for 52110us, throttling message to server
04-11-2023 15:57:39.858764390 INFO: Starting batch mode for exchange [Queen]
04-11-2023 15:57:39.858770107 DEBUG: Received heartbeat from exchange *Knight*
04-11-2023 15:57:39.858775396 INFO: Sleeping for 5559ms, because there is nothing to do
04-11-2023 15:57:39.858779593 INFO: Sleeping for 644622ms, because there is nothing to do
04-11-2023 15:57:39.858783752 DEBUG: Received ping from server *Unicorn*
04-11-2023 15:57:40.570089460 INFO: Starting processing of order [delete]
04-11-2023 15:57:41.459406476 OTHER: Mathematics seems to endow one with something like a new sense - Darwin, Charles
04-11-2023 15:57:41.459431869 ERROR: Un-requested message from exchange (Knight): ooops this was not suppoed to happen, what are we supposed to do now!!!
04-11-2023 15:57:41.459438770 INFO: Starting batch mode for exchange [King]
04-11-2023 15:57:41.459443249 OTHER: The good, of course, is always beautiful, and the beautiful never lacks proportion - Plato
04-11-2023 15:57:41.459448712 DEBUG: Recreating message with new code NEWC-9489
04-11-2023 15:57:41.459453295 DEBUG: Recreating message with new code NEWC-549303
04-11-2023 15:57:41.459458189 ERROR: Unable to find order ORD-8196 sent to exchange (Knight)
04-11-2023 15:57:41.459462520 DEBUG: Received ping from server *Unicorn*
04-11-2023 15:57:41.459466178 OTHER: Mathematics seems to endow one with something like a new sense - Darwin, Charles
04-11-2023 15:57:42.67803126 INFO: Creating additional connection object for exchange [Queen]
04-11-2023 15:57:42.67826379 DEBUG: Received heartbeat from exchange *King*
04-11-2023 15:57:42.67831244 DEBUG: Received heartbeat from exchange *Rook*
04-11-2023 15:57:42.67836126 INFO: Requesting resend of message from server [Dragon] with code [five]
04-11-2023 15:57:42.137137767 DEBUG: Useless debug message, because dubug is full of these
04-11-2023 15:57:42.137163337 DEBUG: Received heartbeat from exchange *Bishop*
04-11-2023 15:57:42.137169199 ERROR: Receiving data a few usec slower now, microwave playing up again
04-11-2023 15:57:42.137175725 INFO: Starting processing of order [delete]
04-11-2023 15:57:42.137181186 OTHER: The lower you are, the higher your mind will want to soar.
04-11-2023 15:57:42.137185564 INFO: Starting processing of order [delete]
04-11-2023 15:57:43.516363201 OTHER: The lower you are, the higher your mind will want to soar.
04-11-2023 15:57:43.516389608 INFO: Writing raw data to file for order code [one] message id: ORD-4428
04-11-2023 15:57:43.516396472 DEBUG: Received heartbeat from exchange *Queen*
04-11-2023 15:57:43.516401541 DEBUG: Received code: *four* what should i do with this?
04-11-2023 15:57:44.350722209 ERROR: Receiving data a few usec slower now, microwave playing up again
04-11-2023 15:57:44.350747732 DEBUG: Sending keep alive to exchange *King*
04-11-2023 15:57:44.350754203 INFO: Creating additional connection object for exchange [King]
04-11-2023 15:57:44.350759945 OTHER: Have unit tests in your code on github listed on CV's it shows better software engineering
04-11-2023 15:57:44.350765765 DEBUG: Recreating message with new code NEWC-81097
04-11-2023 15:57:45.474112674 DEBUG: Creating exchange message: *additional_info* for exchange *King*
04-11-2023 15:57:45.474134960 DEBUG: Creating exchange message: *timing* for exchange *Rook*
04-11-2023 15:57:45.474141493 CRIT: Exchange <King>, issue received: This is bad!!!, this is above my pay grade we are going to lose alot of money because of this, i'm going to bail out!!!
04-11-2023 15:57:45.474146128 DEBUG: Useless debug message, because dubug is full of these
04-11-2023 15:57:45.474150234 DEBUG: Received heartbeat from exchange *Knight*
04-11-2023 15:57:45.474156697 ERROR: Unexpected field in message MSG-566 from exchange (Rook), reverting previous processing
04-11-2023 15:57:46.610305225 ERROR: Unable to contact server (Dragon), this keeps happening can someone from X team please fix this
04-11-2023 15:57:46.610330285 DEBUG: Creating exchange message: *update* for exchange *Queen*
04-11-2023 15:57:46.610335354 DEBUG: Finished loop
04-11-2023 15:57:46.610339485 DEBUG: Entering unimportant code area!!!
04-11-2023 15:57:46.610342760 DEBUG: Entering unimportant code area!!!
04-11-2023 15:57:46.795492538 DEBUG: Pinging server *Unicorn*
04-11-2023 15:57:46.795516515 WARN: Received out of order message from exchange {Rook}
04-11-2023 15:57:46.795522811 DEBUG: String processing of order *additional_info*
04-11-2023 15:57:46.795527167 DEBUG: Starting loop
04-11-2023 15:57:46.795530681 DEBUG: Finished loop
04-11-2023 15:57:46.795534209 DEBUG: Received ping from server *Phoenix*
04-11-2023 15:57:46.795539508 INFO: Starting batch mode for exchange [King]
04-11-2023 15:57:46.795544973 INFO: Requesting resend of message from server [Griffin] with code [five]
04-11-2023 15:57:48.285842988 INFO: Sleeping for 593344ms, because there is nothing to do
04-11-2023 15:57:48.285866056 DEBUG: Finished loop
04-11-2023 15:57:48.285872260 DEBUG: Sending keep alive to exchange *Knight*
04-11-2023 15:57:48.285876787 DEBUG: Continuing to process order *add*
04-11-2023 15:57:49.394180469 DEBUG: Recreating message with new code NEWC-61284
04-11-2023 15:57:49.394202459 DEBUG: Useless debug message, because dubug is full of these
04-11-2023 15:57:49.394207760 DEBUG: String processing of order *add*
04-11-2023 15:57:49.394211374 DEBUG: Starting loop
04-11-2023 15:57:49.394218346 INFO: Received reponse from exchange [Queen] for [delete] with id [RSP-756482]
04-11-2023 15:57:49.605830161 OTHER: Let go, or be dragged - Zen Proverb
04-11-2023 15:57:49.605854705 DEBUG: Pinging server *Griffin*
04-11-2023 15:57:49.605861832 ERROR: Unable to contact server (Phoenix), this keeps happening can someone from X team please fix this
04-11-2023 15:57:49.605866887 DEBUG: Received heartbeat from exchange *Queen*
04-11-2023 15:57:49.605885056 INFO: Sleeping for 33ms, because there is nothing to do
04-11-2023 15:57:49.605892531 INFO: Creating additional connection object for exchange [Knight]
04-11-2023 15:57:49.605897377 DEBUG: Received heartbeat from exchange *Queen*
04-11-2023 15:57:49.605902544 DEBUG: Sending keep alive to exchange *King*
04-11-2023 15:57:49.605907384 DEBUG: String processing of order *timing*
04-11-2023 15:57:49.605911539 INFO: Unable to commmunicate with transport from [Dragon] for code [seven]
04-11-2023 15:57:49.844225573 DEBUG: Starting loop
04-11-2023 15:57:49.844237932 DEBUG: Pinging server *Unicorn*
04-11-2023 15:57:49.844240361 INFO: Writing raw data to file for order code [one] message id: ORD-786783
04-11-2023 15:57:49.844242279 DEBUG: Exiting unimportant code area
04-11-2023 15:57:49.844244212 WARN: Delay of 16us in receiving response from server {Dragon}, halting order processing from exchange {Rook}
04-11-2023 15:57:49.844246163 OTHER: Let go, or be dragged - Zen Proverb
04-11-2023 15:57:49.844247658 DEBUG: Sending keep alive to exchange *Knight*
04-11-2023 15:57:49.844249050 INFO: Creating additional connection object for exchange [Bishop]
04-11-2023 15:57:49.844250466 DEBUG: Creating exchange message: *update* for exchange *Queen*
04-11-2023 15:57:49.844251494 DEBUG: Entering unimportant code area!!!
04-11-2023 15:57:49.995439838 OTHER: Irrationality is the square root of all evil - Douglas Hofstadter
04-11-2023 15:57:49.995465669 DEBUG: Continuing to process order *update*
04-11-2023 15:57:49.995472687 INFO: Received awake call from server [Phoenix] with code [eight]
04-11-2023 15:57:50.459761879 DEBUG: Exiting unimportant code area
04-11-2023 15:57:50.459784982 DEBUG: Useless debug message, because dubug is full of these
04-11-2023 15:57:50.459790829 OTHER: The good, of course, is always beautiful, and the beautiful never lacks proportion - Plato
04-11-2023 15:57:51.890973471 OTHER: Let go, or be dragged - Zen Proverb
04-11-2023 15:57:51.891018154 INFO: Unable to commmunicate with transport from [Unicorn] for code [nine]
04-11-2023 15:57:51.891025441 INFO: Received reponse from exchange [King] for [timing] with id [RSP-52]
04-11-2023 15:57:51.891031566 ERROR: Unable to find order ORD-71201 sent to exchange (King)
04-11-2023 15:57:51.891036290 INFO: Starting batch mode for exchange [King]
04-11-2023 15:57:51.891042006 WARN: Received unexpected code {five} from server {Griffin}
04-11-2023 15:57:51.891046783 INFO: Writing raw data to file for order code [nine] message id: ORD-909145
04-11-2023 15:57:52.938333366 OTHER: All that we are, is the result of what we have thought. The mind is everything. What we think, we become. - Buddha
04-11-2023 15:57:52.938359709 INFO: Unable to commmunicate with transport from [Dragon] for code [seven]